<?xml version="1.0" encoding="UTF-8"?>
<testsuite name="com.bikroy.test.ValidateFlowForAdPostFunctionality" tests="2" skipped="0" failures="0" errors="0" timestamp="2017-06-24T14:04:44" hostname="Aishwaryas-MacBook-Pro.local" time="45.329">
  <properties/>
  <testcase name="tc_LoginAfterSignUp" classname="com.bikroy.test.ValidateFlowForAdPostFunctionality" time="21.459"/>
  <testcase name="tc_ValidateFlowForAdPostFunctionalityWithLogin" classname="com.bikroy.test.ValidateFlowForAdPostFunctionality" time="21.551"/>
  <system-out><![CDATA[19:34:44,362 INFO  [SeleniumBrowser] ENTER --> (_waitForElement) --> Waiting for element: null
19:34:44,363 INFO  [SeleniumBrowser] ENTER --> (waitForElement)
19:34:44,504 INFO  [SeleniumBrowser] ENTER --> (_getByLocator)
19:34:44,504 INFO  [SeleniumBrowser] (_getByLocator) -> Getting locator for null
19:34:44,504 INFO  [SeleniumBrowser] (_getByLocator) -> Locator info found for XPATH attribute as: //div[@class = 'ui-logo']
19:34:44,505 INFO  [SeleniumBrowser] ENTER --> (_parseElementOnXpath)
19:34:44,505 INFO  [SeleniumBrowser] (_parseElementOnXpath) -> //div[@class = 'ui-logo'] is used
19:34:44,508 INFO  [SeleniumBrowser] EXIT --> (_parseElementOnXpath)
19:34:44,508 INFO  [SeleniumBrowser] EXIT --> (_getByLocator)
19:34:45,794 INFO  [SeleniumBrowser] ENTER --> (_getByLocator)
19:34:45,795 INFO  [SeleniumBrowser] (_getByLocator) -> Getting locator for null
19:34:45,795 INFO  [SeleniumBrowser] (_getByLocator) -> Locator info found for XPATH attribute as: //div[@class = 'ui-logo']
19:34:45,795 INFO  [SeleniumBrowser] ENTER --> (_parseElementOnXpath)
19:34:45,795 INFO  [SeleniumBrowser] (_parseElementOnXpath) -> //div[@class = 'ui-logo'] is used
19:34:45,795 INFO  [SeleniumBrowser] EXIT --> (_parseElementOnXpath)
19:34:45,796 INFO  [SeleniumBrowser] EXIT --> (_getByLocator)
19:34:45,848 INFO  [SeleniumBrowser] (waitForElement) -> element wait eligibility set: true
19:34:45,848 INFO  [SeleniumBrowser] EXIT --> (waitForElement)
19:34:45,848 INFO  [SeleniumBrowser] EXIT --> (_waitForElement)
19:34:45,856 INFO  [SeleniumBrowser] ENTER --> (_getByLocator)
19:34:45,857 INFO  [SeleniumBrowser] (_getByLocator) -> Getting locator for null
19:34:45,857 INFO  [SeleniumBrowser] (_getByLocator) -> Locator info found for XPATH attribute as: //div[@class = 'ui-logo']
19:34:45,857 INFO  [SeleniumBrowser] ENTER --> (_parseElementOnXpath)
19:34:45,858 INFO  [SeleniumBrowser] (_parseElementOnXpath) -> //div[@class = 'ui-logo'] is used
19:34:45,858 INFO  [SeleniumBrowser] EXIT --> (_parseElementOnXpath)
19:34:45,858 INFO  [SeleniumBrowser] EXIT --> (_getByLocator)
19:34:45,880 INFO  [SeleniumBrowser] ENTER --> (initElements)
19:34:45,880 INFO  [SeleniumBrowser] (initElements) -> ID set to field: 
19:34:45,881 INFO  [SeleniumBrowser] (initElements) -> Name set to field: 
19:34:45,881 INFO  [SeleniumBrowser] (initElements) -> CSS set to field: 
19:34:45,881 INFO  [SeleniumBrowser] (initElements) -> XPath set to field: //a[contains(@href, '/users/login')]
19:34:45,881 INFO  [SeleniumBrowser] (initElements) -> ID set to field: 
19:34:45,882 INFO  [SeleniumBrowser] (initElements) -> Name set to field: 
19:34:45,882 INFO  [SeleniumBrowser] (initElements) -> CSS set to field: 
19:34:45,882 INFO  [SeleniumBrowser] (initElements) -> XPath set to field: //a[contains(@href,'/post-ad')]
19:34:45,882 INFO  [SeleniumBrowser] (initElements) -> ID set to field: 
19:34:45,882 INFO  [SeleniumBrowser] (initElements) -> Name set to field: 
19:34:45,883 INFO  [SeleniumBrowser] (initElements) -> CSS set to field: 
19:34:45,883 INFO  [SeleniumBrowser] (initElements) -> XPath set to field: //div[@class = 'ui-logo']
19:34:45,883 INFO  [SeleniumBrowser] EXIT --> (initElements)
19:34:45,883 INFO  [ValidateFlowForAdPostFunctionality] (tc_LoginAfterSignUp) -> Verify Bikroy LOGO Presence After Navigating To APP URL
19:34:45,883 INFO  [SeleniumBrowser] ENTER --> (_waitForElement) --> Waiting for element: null
19:34:45,884 INFO  [SeleniumBrowser] ENTER --> (waitForElement)
19:34:45,891 INFO  [SeleniumBrowser] ENTER --> (_getByLocator)
19:34:45,892 INFO  [SeleniumBrowser] (_getByLocator) -> Getting locator for null
19:34:45,892 INFO  [SeleniumBrowser] (_getByLocator) -> Locator info found for XPATH attribute as: //a[contains(@href, '/users/login')]
19:34:45,892 INFO  [SeleniumBrowser] ENTER --> (_parseElementOnXpath)
19:34:45,892 INFO  [SeleniumBrowser] (_parseElementOnXpath) -> //a[contains(@href, '/users/login')] is used
19:34:45,892 INFO  [SeleniumBrowser] EXIT --> (_parseElementOnXpath)
19:34:45,893 INFO  [SeleniumBrowser] EXIT --> (_getByLocator)
19:34:45,924 INFO  [SeleniumBrowser] ENTER --> (_getByLocator)
19:34:45,924 INFO  [SeleniumBrowser] (_getByLocator) -> Getting locator for null
19:34:45,924 INFO  [SeleniumBrowser] (_getByLocator) -> Locator info found for XPATH attribute as: //a[contains(@href, '/users/login')]
19:34:45,925 INFO  [SeleniumBrowser] ENTER --> (_parseElementOnXpath)
19:34:45,925 INFO  [SeleniumBrowser] (_parseElementOnXpath) -> //a[contains(@href, '/users/login')] is used
19:34:45,925 INFO  [SeleniumBrowser] EXIT --> (_parseElementOnXpath)
19:34:45,926 INFO  [SeleniumBrowser] EXIT --> (_getByLocator)
19:34:45,968 INFO  [SeleniumBrowser] (waitForElement) -> element wait eligibility found: true
19:34:45,969 INFO  [SeleniumBrowser] ENTER --> (_waitForJStoLoad)
19:34:46,013 INFO  [SeleniumBrowser] EXIT --> (_waitForJStoLoad) --> DOM load wait done: true
19:34:46,014 INFO  [SeleniumBrowser] (waitForElement) -> element wait eligibility set: true
19:34:46,014 INFO  [SeleniumBrowser] EXIT --> (waitForElement)
19:34:46,014 INFO  [SeleniumBrowser] EXIT --> (_waitForElement)
19:34:46,021 INFO  [SeleniumBrowser] ENTER --> (_getByLocator)
19:34:46,021 INFO  [SeleniumBrowser] (_getByLocator) -> Getting locator for null
19:34:46,021 INFO  [SeleniumBrowser] (_getByLocator) -> Locator info found for XPATH attribute as: //a[contains(@href, '/users/login')]
19:34:46,022 INFO  [SeleniumBrowser] ENTER --> (_parseElementOnXpath)
19:34:46,022 INFO  [SeleniumBrowser] (_parseElementOnXpath) -> //a[contains(@href, '/users/login')] is used
19:34:46,022 INFO  [SeleniumBrowser] EXIT --> (_parseElementOnXpath)
19:34:46,022 INFO  [SeleniumBrowser] EXIT --> (_getByLocator)
19:34:46,122 INFO  [SeleniumBrowser] ENTER --> (initElements)
19:34:46,122 INFO  [SeleniumBrowser] (initElements) -> ID set to field: 
19:34:46,123 INFO  [SeleniumBrowser] (initElements) -> Name set to field: 
19:34:46,123 INFO  [SeleniumBrowser] (initElements) -> CSS set to field: 
19:34:46,123 INFO  [SeleniumBrowser] (initElements) -> XPath set to field: //input[@id='account']
19:34:46,123 INFO  [SeleniumBrowser] (initElements) -> ID set to field: 
19:34:46,124 INFO  [SeleniumBrowser] (initElements) -> Name set to field: 
19:34:46,124 INFO  [SeleniumBrowser] (initElements) -> CSS set to field: 
19:34:46,124 INFO  [SeleniumBrowser] (initElements) -> XPath set to field: //input[@id='password']
19:34:46,124 INFO  [SeleniumBrowser] (initElements) -> ID set to field: 
19:34:46,125 INFO  [SeleniumBrowser] (initElements) -> Name set to field: 
19:34:46,125 INFO  [SeleniumBrowser] (initElements) -> CSS set to field: 
19:34:46,125 INFO  [SeleniumBrowser] (initElements) -> XPath set to field: //button[contains(@class,'ui-btn is-secondary has-busy is-auto is-island')]
19:34:46,126 INFO  [SeleniumBrowser] (initElements) -> ID set to field: 
19:34:46,126 INFO  [SeleniumBrowser] (initElements) -> Name set to field: 
19:34:46,126 INFO  [SeleniumBrowser] (initElements) -> CSS set to field: 
19:34:46,127 INFO  [SeleniumBrowser] (initElements) -> XPath set to field: //a[contains(@href,'/users/logout')]
19:34:46,127 INFO  [SeleniumBrowser] (initElements) -> ID set to field: 
19:34:46,128 INFO  [SeleniumBrowser] (initElements) -> Name set to field: 
19:34:46,128 INFO  [SeleniumBrowser] (initElements) -> CSS set to field: 
19:34:46,128 INFO  [SeleniumBrowser] (initElements) -> XPath set to field: //a[contains(@href,'/users/login')]
19:34:46,129 INFO  [SeleniumBrowser] (initElements) -> ID set to field: 
19:34:46,129 INFO  [SeleniumBrowser] (initElements) -> Name set to field: 
19:34:46,129 INFO  [SeleniumBrowser] (initElements) -> CSS set to field: 
19:34:46,130 INFO  [SeleniumBrowser] (initElements) -> XPath set to field: //a[contains(@href,'/bn/users/login-options')]
19:34:46,130 INFO  [SeleniumBrowser] (initElements) -> ID set to field: 
19:34:46,130 INFO  [SeleniumBrowser] (initElements) -> Name set to field: 
19:34:46,130 INFO  [SeleniumBrowser] (initElements) -> CSS set to field: 
19:34:46,131 INFO  [SeleniumBrowser] (initElements) -> XPath set to field: //a[contains(@class,'ui-btn is-secondary is-island')]
19:34:46,131 INFO  [SeleniumBrowser] EXIT --> (initElements)
19:34:46,131 INFO  [ValidateFlowForAdPostFunctionality] (tc_LoginAfterSignUp) -> Click Login Link On The Home Page
19:34:46,131 INFO  [SeleniumBrowser] ENTER --> (_waitForElement) --> Waiting for element: null
19:34:46,131 INFO  [SeleniumBrowser] ENTER --> (waitForElement)
19:34:47,977 INFO  [SeleniumBrowser] ENTER --> (_getByLocator)
19:34:47,978 INFO  [SeleniumBrowser] (_getByLocator) -> Getting locator for null
19:34:47,978 INFO  [SeleniumBrowser] (_getByLocator) -> Locator info found for XPATH attribute as: //a[contains(@href,'/users/login')]
19:34:47,978 INFO  [SeleniumBrowser] ENTER --> (_parseElementOnXpath)
19:34:47,978 INFO  [SeleniumBrowser] (_parseElementOnXpath) -> //a[contains(@href,'/users/login')] is used
19:34:47,979 INFO  [SeleniumBrowser] EXIT --> (_parseElementOnXpath)
19:34:47,979 INFO  [SeleniumBrowser] EXIT --> (_getByLocator)
19:34:47,999 INFO  [SeleniumBrowser] ENTER --> (_getByLocator)
19:34:48,000 INFO  [SeleniumBrowser] (_getByLocator) -> Getting locator for null
19:34:48,000 INFO  [SeleniumBrowser] (_getByLocator) -> Locator info found for XPATH attribute as: //a[contains(@href,'/users/login')]
19:34:48,000 INFO  [SeleniumBrowser] ENTER --> (_parseElementOnXpath)
19:34:48,000 INFO  [SeleniumBrowser] (_parseElementOnXpath) -> //a[contains(@href,'/users/login')] is used
19:34:48,000 INFO  [SeleniumBrowser] EXIT --> (_parseElementOnXpath)
19:34:48,000 INFO  [SeleniumBrowser] EXIT --> (_getByLocator)
19:34:48,035 INFO  [SeleniumBrowser] (waitForElement) -> element wait eligibility found: true
19:34:48,036 INFO  [SeleniumBrowser] ENTER --> (_waitForJStoLoad)
19:34:48,071 INFO  [SeleniumBrowser] EXIT --> (_waitForJStoLoad) --> DOM load wait done: true
19:34:48,071 INFO  [SeleniumBrowser] (waitForElement) -> element wait eligibility set: true
19:34:48,072 INFO  [SeleniumBrowser] EXIT --> (waitForElement)
19:34:48,072 INFO  [SeleniumBrowser] EXIT --> (_waitForElement)
19:34:48,078 INFO  [SeleniumBrowser] ENTER --> (_getByLocator)
19:34:48,078 INFO  [SeleniumBrowser] (_getByLocator) -> Getting locator for null
19:34:48,078 INFO  [SeleniumBrowser] (_getByLocator) -> Locator info found for XPATH attribute as: //a[contains(@href,'/users/login')]
19:34:48,079 INFO  [SeleniumBrowser] ENTER --> (_parseElementOnXpath)
19:34:48,079 INFO  [SeleniumBrowser] (_parseElementOnXpath) -> //a[contains(@href,'/users/login')] is used
19:34:48,079 INFO  [SeleniumBrowser] EXIT --> (_parseElementOnXpath)
19:34:48,079 INFO  [SeleniumBrowser] EXIT --> (_getByLocator)
19:34:48,096 INFO  [SeleniumBrowser] ENTER --> (_waitForElement) --> Waiting for element: null
19:34:48,097 INFO  [SeleniumBrowser] ENTER --> (waitForElement)
19:34:48,102 INFO  [SeleniumBrowser] ENTER --> (_getByLocator)
19:34:48,103 INFO  [SeleniumBrowser] (_getByLocator) -> Getting locator for null
19:34:48,103 INFO  [SeleniumBrowser] (_getByLocator) -> Locator info found for XPATH attribute as: //button[contains(@class,'ui-btn is-secondary has-busy is-auto is-island')]
19:34:48,103 INFO  [SeleniumBrowser] ENTER --> (_parseElementOnXpath)
19:34:48,103 INFO  [SeleniumBrowser] (_parseElementOnXpath) -> //button[contains(@class,'ui-btn is-secondary has-busy is-auto is-island')] is used
19:34:48,103 INFO  [SeleniumBrowser] EXIT --> (_parseElementOnXpath)
19:34:48,104 INFO  [SeleniumBrowser] EXIT --> (_getByLocator)
19:34:48,122 INFO  [SeleniumBrowser] ENTER --> (_getByLocator)
19:34:48,122 INFO  [SeleniumBrowser] (_getByLocator) -> Getting locator for null
19:34:48,122 INFO  [SeleniumBrowser] (_getByLocator) -> Locator info found for XPATH attribute as: //button[contains(@class,'ui-btn is-secondary has-busy is-auto is-island')]
19:34:48,122 INFO  [SeleniumBrowser] ENTER --> (_parseElementOnXpath)
19:34:48,123 INFO  [SeleniumBrowser] (_parseElementOnXpath) -> //button[contains(@class,'ui-btn is-secondary has-busy is-auto is-island')] is used
19:34:48,123 INFO  [SeleniumBrowser] EXIT --> (_parseElementOnXpath)
19:34:48,123 INFO  [SeleniumBrowser] EXIT --> (_getByLocator)
19:34:48,157 INFO  [SeleniumBrowser] (waitForElement) -> element wait eligibility found: true
19:34:48,158 INFO  [SeleniumBrowser] ENTER --> (_waitForJStoLoad)
19:34:48,189 INFO  [SeleniumBrowser] EXIT --> (_waitForJStoLoad) --> DOM load wait done: true
19:34:48,189 INFO  [SeleniumBrowser] (waitForElement) -> element wait eligibility set: true
19:34:48,190 INFO  [SeleniumBrowser] EXIT --> (waitForElement)
19:34:48,190 INFO  [SeleniumBrowser] EXIT --> (_waitForElement)
19:34:48,191 INFO  [SeleniumBrowser] ENTER --> (initElements)
19:34:48,191 INFO  [SeleniumBrowser] (initElements) -> ID set to field: 
19:34:48,191 INFO  [SeleniumBrowser] (initElements) -> Name set to field: 
19:34:48,192 INFO  [SeleniumBrowser] (initElements) -> CSS set to field: 
19:34:48,192 INFO  [SeleniumBrowser] (initElements) -> XPath set to field: //input[@id='account']
19:34:48,192 INFO  [SeleniumBrowser] (initElements) -> ID set to field: 
19:34:48,192 INFO  [SeleniumBrowser] (initElements) -> Name set to field: 
19:34:48,193 INFO  [SeleniumBrowser] (initElements) -> CSS set to field: 
19:34:48,193 INFO  [SeleniumBrowser] (initElements) -> XPath set to field: //input[@id='password']
19:34:48,193 INFO  [SeleniumBrowser] (initElements) -> ID set to field: 
19:34:48,193 INFO  [SeleniumBrowser] (initElements) -> Name set to field: 
19:34:48,194 INFO  [SeleniumBrowser] (initElements) -> CSS set to field: 
19:34:48,194 INFO  [SeleniumBrowser] (initElements) -> XPath set to field: //button[contains(@class,'ui-btn is-secondary has-busy is-auto is-island')]
19:34:48,194 INFO  [SeleniumBrowser] (initElements) -> ID set to field: 
19:34:48,194 INFO  [SeleniumBrowser] (initElements) -> Name set to field: 
19:34:48,195 INFO  [SeleniumBrowser] (initElements) -> CSS set to field: 
19:34:48,195 INFO  [SeleniumBrowser] (initElements) -> XPath set to field: //a[contains(@href,'/users/logout')]
19:34:48,195 INFO  [SeleniumBrowser] (initElements) -> ID set to field: 
19:34:48,195 INFO  [SeleniumBrowser] (initElements) -> Name set to field: 
19:34:48,196 INFO  [SeleniumBrowser] (initElements) -> CSS set to field: 
19:34:48,196 INFO  [SeleniumBrowser] (initElements) -> XPath set to field: //a[contains(@href,'/users/login')]
19:34:48,196 INFO  [SeleniumBrowser] (initElements) -> ID set to field: 
19:34:48,196 INFO  [SeleniumBrowser] (initElements) -> Name set to field: 
19:34:48,196 INFO  [SeleniumBrowser] (initElements) -> CSS set to field: 
19:34:48,197 INFO  [SeleniumBrowser] (initElements) -> XPath set to field: //a[contains(@href,'/bn/users/login-options')]
19:34:48,197 INFO  [SeleniumBrowser] (initElements) -> ID set to field: 
19:34:48,197 INFO  [SeleniumBrowser] (initElements) -> Name set to field: 
19:34:48,197 INFO  [SeleniumBrowser] (initElements) -> CSS set to field: 
19:34:48,198 INFO  [SeleniumBrowser] (initElements) -> XPath set to field: //a[contains(@class,'ui-btn is-secondary is-island')]
19:34:48,198 INFO  [SeleniumBrowser] EXIT --> (initElements)
19:34:48,198 INFO  [ValidateFlowForAdPostFunctionality] (tc_LoginAfterSignUp) -> Verify Presence Of Login UI Components
19:34:48,198 INFO  [SeleniumBrowser] ENTER --> (_waitForElement) --> Waiting for element: null
19:34:48,199 INFO  [SeleniumBrowser] ENTER --> (waitForElement)
19:34:48,206 INFO  [SeleniumBrowser] ENTER --> (_getByLocator)
19:34:48,206 INFO  [SeleniumBrowser] (_getByLocator) -> Getting locator for null
19:34:48,206 INFO  [SeleniumBrowser] (_getByLocator) -> Locator info found for XPATH attribute as: //a[contains(@href,'/bn/users/login-options')]
19:34:48,206 INFO  [SeleniumBrowser] ENTER --> (_parseElementOnXpath)
19:34:48,206 INFO  [SeleniumBrowser] (_parseElementOnXpath) -> //a[contains(@href,'/bn/users/login-options')] is used
19:34:48,207 INFO  [SeleniumBrowser] EXIT --> (_parseElementOnXpath)
19:34:48,207 INFO  [SeleniumBrowser] EXIT --> (_getByLocator)
19:34:48,224 INFO  [SeleniumBrowser] ENTER --> (_getByLocator)
19:34:48,224 INFO  [SeleniumBrowser] (_getByLocator) -> Getting locator for null
19:34:48,224 INFO  [SeleniumBrowser] (_getByLocator) -> Locator info found for XPATH attribute as: //a[contains(@href,'/bn/users/login-options')]
19:34:48,224 INFO  [SeleniumBrowser] ENTER --> (_parseElementOnXpath)
19:34:48,225 INFO  [SeleniumBrowser] (_parseElementOnXpath) -> //a[contains(@href,'/bn/users/login-options')] is used
19:34:48,225 INFO  [SeleniumBrowser] EXIT --> (_parseElementOnXpath)
19:34:48,225 INFO  [SeleniumBrowser] EXIT --> (_getByLocator)
19:34:48,262 INFO  [SeleniumBrowser] (waitForElement) -> element wait eligibility found: true
19:34:48,263 INFO  [SeleniumBrowser] ENTER --> (_waitForJStoLoad)
19:34:48,292 INFO  [SeleniumBrowser] EXIT --> (_waitForJStoLoad) --> DOM load wait done: true
19:34:48,292 INFO  [SeleniumBrowser] (waitForElement) -> element wait eligibility set: true
19:34:48,293 INFO  [SeleniumBrowser] EXIT --> (waitForElement)
19:34:48,293 INFO  [SeleniumBrowser] EXIT --> (_waitForElement)
19:34:48,300 INFO  [SeleniumBrowser] ENTER --> (_getByLocator)
19:34:48,301 INFO  [SeleniumBrowser] (_getByLocator) -> Getting locator for null
19:34:48,301 INFO  [SeleniumBrowser] (_getByLocator) -> Locator info found for XPATH attribute as: //a[contains(@href,'/bn/users/login-options')]
19:34:48,301 INFO  [SeleniumBrowser] ENTER --> (_parseElementOnXpath)
19:34:48,301 INFO  [SeleniumBrowser] (_parseElementOnXpath) -> //a[contains(@href,'/bn/users/login-options')] is used
19:34:48,302 INFO  [SeleniumBrowser] EXIT --> (_parseElementOnXpath)
19:34:48,302 INFO  [SeleniumBrowser] EXIT --> (_getByLocator)
19:34:49,070 INFO  [SeleniumBrowser] ENTER --> (_waitForElement) --> Waiting for element: null
19:34:49,070 INFO  [SeleniumBrowser] ENTER --> (waitForElement)
19:34:49,692 INFO  [SeleniumBrowser] ENTER --> (_getByLocator)
19:34:49,692 INFO  [SeleniumBrowser] (_getByLocator) -> Getting locator for null
19:34:49,693 INFO  [SeleniumBrowser] (_getByLocator) -> Locator info found for XPATH attribute as: //a[contains(@class,'ui-btn is-secondary is-island')]
19:34:49,693 INFO  [SeleniumBrowser] ENTER --> (_parseElementOnXpath)
19:34:49,693 INFO  [SeleniumBrowser] (_parseElementOnXpath) -> //a[contains(@class,'ui-btn is-secondary is-island')] is used
19:34:49,693 INFO  [SeleniumBrowser] EXIT --> (_parseElementOnXpath)
19:34:49,693 INFO  [SeleniumBrowser] EXIT --> (_getByLocator)
19:34:49,720 INFO  [SeleniumBrowser] ENTER --> (_getByLocator)
19:34:49,721 INFO  [SeleniumBrowser] (_getByLocator) -> Getting locator for null
19:34:49,721 INFO  [SeleniumBrowser] (_getByLocator) -> Locator info found for XPATH attribute as: //a[contains(@class,'ui-btn is-secondary is-island')]
19:34:49,721 INFO  [SeleniumBrowser] ENTER --> (_parseElementOnXpath)
19:34:49,721 INFO  [SeleniumBrowser] (_parseElementOnXpath) -> //a[contains(@class,'ui-btn is-secondary is-island')] is used
19:34:49,721 INFO  [SeleniumBrowser] EXIT --> (_parseElementOnXpath)
19:34:49,721 INFO  [SeleniumBrowser] EXIT --> (_getByLocator)
19:34:49,759 INFO  [SeleniumBrowser] (waitForElement) -> element wait eligibility found: true
19:34:49,759 INFO  [SeleniumBrowser] ENTER --> (_waitForJStoLoad)
19:34:49,786 INFO  [SeleniumBrowser] EXIT --> (_waitForJStoLoad) --> DOM load wait done: true
19:34:49,787 INFO  [SeleniumBrowser] (waitForElement) -> element wait eligibility set: true
19:34:49,787 INFO  [SeleniumBrowser] EXIT --> (waitForElement)
19:34:49,787 INFO  [SeleniumBrowser] EXIT --> (_waitForElement)
19:34:49,792 INFO  [SeleniumBrowser] ENTER --> (_getByLocator)
19:34:49,793 INFO  [SeleniumBrowser] (_getByLocator) -> Getting locator for null
19:34:49,793 INFO  [SeleniumBrowser] (_getByLocator) -> Locator info found for XPATH attribute as: //a[contains(@class,'ui-btn is-secondary is-island')]
19:34:49,793 INFO  [SeleniumBrowser] ENTER --> (_parseElementOnXpath)
19:34:49,793 INFO  [SeleniumBrowser] (_parseElementOnXpath) -> //a[contains(@class,'ui-btn is-secondary is-island')] is used
19:34:49,793 INFO  [SeleniumBrowser] EXIT --> (_parseElementOnXpath)
19:34:49,794 INFO  [SeleniumBrowser] EXIT --> (_getByLocator)
19:34:50,649 INFO  [SeleniumBrowser] ENTER --> (initElements)
19:34:50,649 INFO  [SeleniumBrowser] (initElements) -> ID set to field: 
19:34:50,650 INFO  [SeleniumBrowser] (initElements) -> Name set to field: 
19:34:50,650 INFO  [SeleniumBrowser] (initElements) -> CSS set to field: 
19:34:50,650 INFO  [SeleniumBrowser] (initElements) -> XPath set to field: //a[contains(@href,'/users/login')]
19:34:50,650 INFO  [SeleniumBrowser] (initElements) -> ID set to field: 
19:34:50,651 INFO  [SeleniumBrowser] (initElements) -> Name set to field: 
19:34:50,651 INFO  [SeleniumBrowser] (initElements) -> CSS set to field: 
19:34:50,651 INFO  [SeleniumBrowser] (initElements) -> XPath set to field: //a[contains(@href,'/users/signup')]
19:34:50,651 INFO  [SeleniumBrowser] (initElements) -> ID set to field: name
19:34:50,651 INFO  [SeleniumBrowser] (initElements) -> Name set to field: 
19:34:50,652 INFO  [SeleniumBrowser] (initElements) -> CSS set to field: 
19:34:50,652 INFO  [SeleniumBrowser] (initElements) -> XPath set to field: 
19:34:50,652 INFO  [SeleniumBrowser] (initElements) -> ID set to field: email
19:34:50,652 INFO  [SeleniumBrowser] (initElements) -> Name set to field: 
19:34:50,652 INFO  [SeleniumBrowser] (initElements) -> CSS set to field: 
19:34:50,653 INFO  [SeleniumBrowser] (initElements) -> XPath set to field: 
19:34:50,653 INFO  [SeleniumBrowser] (initElements) -> ID set to field: password
19:34:50,653 INFO  [SeleniumBrowser] (initElements) -> Name set to field: 
19:34:50,653 INFO  [SeleniumBrowser] (initElements) -> CSS set to field: 
19:34:50,653 INFO  [SeleniumBrowser] (initElements) -> XPath set to field: 
19:34:50,654 INFO  [SeleniumBrowser] (initElements) -> ID set to field: password-confirm
19:34:50,654 INFO  [SeleniumBrowser] (initElements) -> Name set to field: 
19:34:50,654 INFO  [SeleniumBrowser] (initElements) -> CSS set to field: 
19:34:50,654 INFO  [SeleniumBrowser] (initElements) -> XPath set to field: 
19:34:50,654 INFO  [SeleniumBrowser] (initElements) -> ID set to field: 
19:34:50,654 INFO  [SeleniumBrowser] (initElements) -> Name set to field: 
19:34:50,655 INFO  [SeleniumBrowser] (initElements) -> CSS set to field: 
19:34:50,655 INFO  [SeleniumBrowser] (initElements) -> XPath set to field: //button[contains(@class,'ui-btn is-secondary has-busy is-auto is-island')]
19:34:50,655 INFO  [SeleniumBrowser] (initElements) -> ID set to field: 
19:34:50,655 INFO  [SeleniumBrowser] (initElements) -> Name set to field: 
19:34:50,656 INFO  [SeleniumBrowser] (initElements) -> CSS set to field: 
19:34:50,656 INFO  [SeleniumBrowser] (initElements) -> XPath set to field: //a[contains(@class,'ui-btn is-secondary is-island')]
19:34:50,656 INFO  [SeleniumBrowser] EXIT --> (initElements)
19:34:50,657 INFO  [ValidateFlowForAdPostFunctionality] (tc_LoginAfterSignUp) -> Click On Available SignUp Link
19:34:50,681 INFO  [DomParser] (<init>) -> Root element :testdata
19:34:50,682 INFO  [DomParser] ENTER --> (getTestDataSetNodesWithValues)
19:34:50,683 INFO  [DomParser] (getNodes) -> Nodes found with testdataset = 1
19:34:50,683 INFO  [DomParser] (getTestDataSetNodesList) -> Checking node [testdataset] at index 0
19:34:50,684 INFO  [DomParser] (getTestDataSetNodesList) -> production|bikroy -- signUpWithRandomUser -- suwru_1.0
19:34:50,684 INFO  [DomParser] (getTestDataSetNodesWithValues) -> 9
19:34:50,685 INFO  [DomParser] (getTestDataSetNodesWithValues) -> text node found; skipping this node
19:34:50,686 INFO  [DomParser] (getTestDataSetNodesWithValues) -> userName <<---->>  testUser{RANDOM} <<---->> 1
19:34:50,686 INFO  [DomParser] (getTestDataSetNodesWithValues) -> text node found; skipping this node
19:34:50,686 INFO  [DomParser] (getTestDataSetNodesWithValues) -> emailId <<---->>  {RANDOMNUM}qaEmail@bikroy.com <<---->> 1
19:34:50,687 INFO  [DomParser] (getTestDataSetNodesWithValues) -> text node found; skipping this node
19:34:50,687 INFO  [DomParser] (getTestDataSetNodesWithValues) -> password <<---->>  3551194 <<---->> 1
19:34:50,687 INFO  [DomParser] (getTestDataSetNodesWithValues) -> text node found; skipping this node
19:34:50,688 INFO  [DomParser] (getTestDataSetNodesWithValues) -> diffPassword <<---->>  3551194{RANDOMNUM} <<---->> 1
19:34:50,688 INFO  [DomParser] (getTestDataSetNodesWithValues) -> text node found; skipping this node
19:34:50,689 INFO  [DomParser] EXIT --> (getTestDataSetNodesWithValues)
19:34:50,690 INFO  [DomParser] (<init>) -> Root element :testdata
19:34:50,692 INFO  [DomParser] ENTER --> (getTestDataSetNodesWithValues)
19:34:50,693 INFO  [DomParser] (getNodes) -> Nodes found with testdataset = 1
19:34:50,696 INFO  [DomParser] (getTestDataSetNodesList) -> Checking node [testdataset] at index 0
19:34:50,697 INFO  [DomParser] (getTestDataSetNodesList) -> production|bikroy -- signUpWithRandomUser -- suwru_1.0
19:34:50,697 INFO  [DomParser] (getTestDataSetNodesWithValues) -> 9
19:34:50,697 INFO  [DomParser] (getTestDataSetNodesWithValues) -> text node found; skipping this node
19:34:50,698 INFO  [DomParser] (getTestDataSetNodesWithValues) -> userName <<---->>  testUser{RANDOM} <<---->> 1
19:34:50,698 INFO  [DomParser] (getTestDataSetNodesWithValues) -> text node found; skipping this node
19:34:50,698 INFO  [DomParser] (getTestDataSetNodesWithValues) -> emailId <<---->>  {RANDOMNUM}qaEmail@bikroy.com <<---->> 1
19:34:50,698 INFO  [DomParser] (getTestDataSetNodesWithValues) -> text node found; skipping this node
19:34:50,699 INFO  [DomParser] (getTestDataSetNodesWithValues) -> password <<---->>  3551194 <<---->> 1
19:34:50,699 INFO  [DomParser] (getTestDataSetNodesWithValues) -> text node found; skipping this node
19:34:50,699 INFO  [DomParser] (getTestDataSetNodesWithValues) -> diffPassword <<---->>  3551194{RANDOMNUM} <<---->> 1
19:34:50,700 INFO  [DomParser] (getTestDataSetNodesWithValues) -> text node found; skipping this node
19:34:50,700 INFO  [DomParser] EXIT --> (getTestDataSetNodesWithValues)
19:34:50,702 INFO  [DomParser] (<init>) -> Root element :testdata
19:34:50,703 INFO  [DomParser] ENTER --> (getTestDataSetNodesWithValues)
19:34:50,703 INFO  [DomParser] (getNodes) -> Nodes found with testdataset = 1
19:34:50,703 INFO  [DomParser] (getTestDataSetNodesList) -> Checking node [testdataset] at index 0
19:34:50,704 INFO  [DomParser] (getTestDataSetNodesList) -> production|bikroy -- signUpWithRandomUser -- suwru_1.0
19:34:50,704 INFO  [DomParser] (getTestDataSetNodesWithValues) -> 9
19:34:50,704 INFO  [DomParser] (getTestDataSetNodesWithValues) -> text node found; skipping this node
19:34:50,704 INFO  [DomParser] (getTestDataSetNodesWithValues) -> userName <<---->>  testUser{RANDOM} <<---->> 1
19:34:50,705 INFO  [DomParser] (getTestDataSetNodesWithValues) -> text node found; skipping this node
19:34:50,705 INFO  [DomParser] (getTestDataSetNodesWithValues) -> emailId <<---->>  {RANDOMNUM}qaEmail@bikroy.com <<---->> 1
19:34:50,705 INFO  [DomParser] (getTestDataSetNodesWithValues) -> text node found; skipping this node
19:34:50,705 INFO  [DomParser] (getTestDataSetNodesWithValues) -> password <<---->>  3551194 <<---->> 1
19:34:50,706 INFO  [DomParser] (getTestDataSetNodesWithValues) -> text node found; skipping this node
19:34:50,706 INFO  [DomParser] (getTestDataSetNodesWithValues) -> diffPassword <<---->>  3551194{RANDOMNUM} <<---->> 1
19:34:50,707 INFO  [DomParser] (getTestDataSetNodesWithValues) -> text node found; skipping this node
19:34:50,707 INFO  [DomParser] EXIT --> (getTestDataSetNodesWithValues)
19:34:50,709 INFO  [DomParser] (<init>) -> Root element :testdata
19:34:50,709 INFO  [DomParser] ENTER --> (getTestDataSetNodesWithValues)
19:34:50,710 INFO  [DomParser] (getNodes) -> Nodes found with testdataset = 1
19:34:50,710 INFO  [DomParser] (getTestDataSetNodesList) -> Checking node [testdataset] at index 0
19:34:50,711 INFO  [DomParser] (getTestDataSetNodesList) -> production|bikroy -- signUpWithRandomUser -- suwru_1.0
19:34:50,711 INFO  [DomParser] (getTestDataSetNodesWithValues) -> 9
19:34:50,711 INFO  [DomParser] (getTestDataSetNodesWithValues) -> text node found; skipping this node
19:34:50,712 INFO  [DomParser] (getTestDataSetNodesWithValues) -> userName <<---->>  testUser{RANDOM} <<---->> 1
19:34:50,712 INFO  [DomParser] (getTestDataSetNodesWithValues) -> text node found; skipping this node
19:34:50,712 INFO  [DomParser] (getTestDataSetNodesWithValues) -> emailId <<---->>  {RANDOMNUM}qaEmail@bikroy.com <<---->> 1
19:34:50,713 INFO  [DomParser] (getTestDataSetNodesWithValues) -> text node found; skipping this node
19:34:50,713 INFO  [DomParser] (getTestDataSetNodesWithValues) -> password <<---->>  3551194 <<---->> 1
19:34:50,713 INFO  [DomParser] (getTestDataSetNodesWithValues) -> text node found; skipping this node
19:34:50,713 INFO  [DomParser] (getTestDataSetNodesWithValues) -> diffPassword <<---->>  3551194{RANDOMNUM} <<---->> 1
19:34:50,714 INFO  [DomParser] (getTestDataSetNodesWithValues) -> text node found; skipping this node
19:34:50,714 INFO  [DomParser] EXIT --> (getTestDataSetNodesWithValues)
19:34:50,715 INFO  [SeleniumBrowser] ENTER --> (_waitForElement) --> Waiting for element: null
19:34:50,715 INFO  [SeleniumBrowser] ENTER --> (waitForElement)
19:34:50,961 INFO  [SeleniumBrowser] ENTER --> (_getByLocator)
19:34:50,961 INFO  [SeleniumBrowser] (_getByLocator) -> Getting locator for null
19:34:50,961 INFO  [SeleniumBrowser] (_getByLocator) -> Locator info found for ID attribute as: name
19:34:50,961 INFO  [SeleniumBrowser] EXIT --> (_getByLocator)
19:34:50,980 INFO  [SeleniumBrowser] ENTER --> (_getByLocator)
19:34:50,980 INFO  [SeleniumBrowser] (_getByLocator) -> Getting locator for null
19:34:50,981 INFO  [SeleniumBrowser] (_getByLocator) -> Locator info found for ID attribute as: name
19:34:50,981 INFO  [SeleniumBrowser] EXIT --> (_getByLocator)
19:34:51,034 INFO  [SeleniumBrowser] (waitForElement) -> element wait eligibility found: true
19:34:51,035 INFO  [SeleniumBrowser] ENTER --> (_waitForJStoLoad)
19:34:51,070 INFO  [SeleniumBrowser] EXIT --> (_waitForJStoLoad) --> DOM load wait done: true
19:34:51,070 INFO  [SeleniumBrowser] (waitForElement) -> element wait eligibility set: true
19:34:51,070 INFO  [SeleniumBrowser] EXIT --> (waitForElement)
19:34:51,070 INFO  [SeleniumBrowser] EXIT --> (_waitForElement)
19:34:51,071 INFO  [SeleniumBrowser] ENTER --> (_waitForElement) --> Waiting for element: null
19:34:51,071 INFO  [SeleniumBrowser] ENTER --> (waitForElement)
19:34:51,077 INFO  [SeleniumBrowser] ENTER --> (_getByLocator)
19:34:51,077 INFO  [SeleniumBrowser] (_getByLocator) -> Getting locator for null
19:34:51,078 INFO  [SeleniumBrowser] (_getByLocator) -> Locator info found for ID attribute as: name
19:34:51,078 INFO  [SeleniumBrowser] EXIT --> (_getByLocator)
19:34:51,102 INFO  [SeleniumBrowser] ENTER --> (_getByLocator)
19:34:51,102 INFO  [SeleniumBrowser] (_getByLocator) -> Getting locator for null
19:34:51,102 INFO  [SeleniumBrowser] (_getByLocator) -> Locator info found for ID attribute as: name
19:34:51,103 INFO  [SeleniumBrowser] EXIT --> (_getByLocator)
19:34:51,147 INFO  [SeleniumBrowser] (waitForElement) -> element wait eligibility found: true
19:34:51,147 INFO  [SeleniumBrowser] ENTER --> (_waitForJStoLoad)
19:34:51,181 INFO  [SeleniumBrowser] EXIT --> (_waitForJStoLoad) --> DOM load wait done: true
19:34:51,181 INFO  [SeleniumBrowser] (waitForElement) -> element wait eligibility set: true
19:34:51,181 INFO  [SeleniumBrowser] EXIT --> (waitForElement)
19:34:51,182 INFO  [SeleniumBrowser] EXIT --> (_waitForElement)
19:34:51,182 INFO  [SeleniumBrowser] ENTER --> (_waitForElement) --> Waiting for element: null
19:34:51,182 INFO  [SeleniumBrowser] ENTER --> (waitForElement)
19:34:51,188 INFO  [SeleniumBrowser] ENTER --> (_getByLocator)
19:34:51,188 INFO  [SeleniumBrowser] (_getByLocator) -> Getting locator for null
19:34:51,189 INFO  [SeleniumBrowser] (_getByLocator) -> Locator info found for ID attribute as: name
19:34:51,189 INFO  [SeleniumBrowser] EXIT --> (_getByLocator)
19:34:51,207 INFO  [SeleniumBrowser] ENTER --> (_getByLocator)
19:34:51,208 INFO  [SeleniumBrowser] (_getByLocator) -> Getting locator for null
19:34:51,208 INFO  [SeleniumBrowser] (_getByLocator) -> Locator info found for ID attribute as: name
19:34:51,208 INFO  [SeleniumBrowser] EXIT --> (_getByLocator)
19:34:51,257 INFO  [SeleniumBrowser] (waitForElement) -> element wait eligibility found: true
19:34:51,258 INFO  [SeleniumBrowser] ENTER --> (_waitForJStoLoad)
19:34:51,304 INFO  [SeleniumBrowser] EXIT --> (_waitForJStoLoad) --> DOM load wait done: true
19:34:51,305 INFO  [SeleniumBrowser] (waitForElement) -> element wait eligibility set: true
19:34:51,305 INFO  [SeleniumBrowser] EXIT --> (waitForElement)
19:34:51,305 INFO  [SeleniumBrowser] EXIT --> (_waitForElement)
19:34:51,309 INFO  [SeleniumBrowser] ENTER --> (_waitForElement) --> Waiting for element: null
19:34:51,309 INFO  [SeleniumBrowser] ENTER --> (waitForElement)
19:34:51,316 INFO  [SeleniumBrowser] ENTER --> (_getByLocator)
19:34:51,316 INFO  [SeleniumBrowser] (_getByLocator) -> Getting locator for null
19:34:51,316 INFO  [SeleniumBrowser] (_getByLocator) -> Locator info found for ID attribute as: name
19:34:51,316 INFO  [SeleniumBrowser] EXIT --> (_getByLocator)
19:34:51,334 INFO  [SeleniumBrowser] ENTER --> (_getByLocator)
19:34:51,335 INFO  [SeleniumBrowser] (_getByLocator) -> Getting locator for null
19:34:51,335 INFO  [SeleniumBrowser] (_getByLocator) -> Locator info found for ID attribute as: name
19:34:51,335 INFO  [SeleniumBrowser] EXIT --> (_getByLocator)
19:34:51,383 INFO  [SeleniumBrowser] (waitForElement) -> element wait eligibility found: true
19:34:51,383 INFO  [SeleniumBrowser] ENTER --> (_waitForJStoLoad)
19:34:51,462 INFO  [SeleniumBrowser] EXIT --> (_waitForJStoLoad) --> DOM load wait done: true
19:34:51,462 INFO  [SeleniumBrowser] (waitForElement) -> element wait eligibility set: true
19:34:51,462 INFO  [SeleniumBrowser] EXIT --> (waitForElement)
19:34:51,463 INFO  [SeleniumBrowser] EXIT --> (_waitForElement)
19:34:51,475 INFO  [SeleniumBrowser] ENTER --> (_getByLocator)
19:34:51,475 INFO  [SeleniumBrowser] (_getByLocator) -> Getting locator for null
19:34:51,475 INFO  [SeleniumBrowser] (_getByLocator) -> Locator info found for ID attribute as: name
19:34:51,475 INFO  [SeleniumBrowser] EXIT --> (_getByLocator)
19:34:51,530 INFO  [SeleniumBrowser] ENTER --> (_getByLocator)
19:34:51,530 INFO  [SeleniumBrowser] (_getByLocator) -> Getting locator for null
19:34:51,530 INFO  [SeleniumBrowser] (_getByLocator) -> Locator info found for ID attribute as: name
19:34:51,531 INFO  [SeleniumBrowser] EXIT --> (_getByLocator)
19:34:51,697 INFO  [SeleniumBrowser] ENTER --> (_getByLocator)
19:34:51,697 INFO  [SeleniumBrowser] (_getByLocator) -> Getting locator for null
19:34:51,698 INFO  [SeleniumBrowser] (_getByLocator) -> Locator info found for ID attribute as: name
19:34:51,698 INFO  [SeleniumBrowser] EXIT --> (_getByLocator)
19:34:51,760 INFO  [SeleniumBrowser] ENTER --> (_waitForElement) --> Waiting for element: null
19:34:51,760 INFO  [SeleniumBrowser] ENTER --> (waitForElement)
19:34:51,782 INFO  [SeleniumBrowser] ENTER --> (_getByLocator)
19:34:51,783 INFO  [SeleniumBrowser] (_getByLocator) -> Getting locator for null
19:34:51,783 INFO  [SeleniumBrowser] (_getByLocator) -> Locator info found for ID attribute as: name
19:34:51,783 INFO  [SeleniumBrowser] EXIT --> (_getByLocator)
19:34:51,831 INFO  [SeleniumBrowser] ENTER --> (_getByLocator)
19:34:51,832 INFO  [SeleniumBrowser] (_getByLocator) -> Getting locator for null
19:34:51,832 INFO  [SeleniumBrowser] (_getByLocator) -> Locator info found for ID attribute as: name
19:34:51,832 INFO  [SeleniumBrowser] EXIT --> (_getByLocator)
19:34:51,876 INFO  [SeleniumBrowser] (waitForElement) -> element wait eligibility found: true
19:34:51,876 INFO  [SeleniumBrowser] ENTER --> (_waitForJStoLoad)
19:34:51,911 INFO  [SeleniumBrowser] EXIT --> (_waitForJStoLoad) --> DOM load wait done: true
19:34:51,911 INFO  [SeleniumBrowser] (waitForElement) -> element wait eligibility set: true
19:34:51,911 INFO  [SeleniumBrowser] EXIT --> (waitForElement)
19:34:51,911 INFO  [SeleniumBrowser] EXIT --> (_waitForElement)
19:34:51,918 INFO  [SeleniumBrowser] ENTER --> (_getByLocator)
19:34:51,918 INFO  [SeleniumBrowser] (_getByLocator) -> Getting locator for null
19:34:51,918 INFO  [SeleniumBrowser] (_getByLocator) -> Locator info found for ID attribute as: name
19:34:51,919 INFO  [SeleniumBrowser] EXIT --> (_getByLocator)
19:34:51,936 INFO  [SeleniumBrowser] ENTER --> (_waitForElement) --> Waiting for element: null
19:34:51,936 INFO  [SeleniumBrowser] ENTER --> (waitForElement)
19:34:51,946 INFO  [SeleniumBrowser] ENTER --> (_getByLocator)
19:34:51,946 INFO  [SeleniumBrowser] (_getByLocator) -> Getting locator for null
19:34:51,947 INFO  [SeleniumBrowser] (_getByLocator) -> Locator info found for ID attribute as: name
19:34:51,947 INFO  [SeleniumBrowser] EXIT --> (_getByLocator)
19:34:51,965 INFO  [SeleniumBrowser] ENTER --> (_getByLocator)
19:34:51,966 INFO  [SeleniumBrowser] (_getByLocator) -> Getting locator for null
19:34:51,966 INFO  [SeleniumBrowser] (_getByLocator) -> Locator info found for ID attribute as: name
19:34:51,966 INFO  [SeleniumBrowser] EXIT --> (_getByLocator)
19:34:52,009 INFO  [SeleniumBrowser] (waitForElement) -> element wait eligibility found: true
19:34:52,009 INFO  [SeleniumBrowser] ENTER --> (_waitForJStoLoad)
19:34:52,046 INFO  [SeleniumBrowser] EXIT --> (_waitForJStoLoad) --> DOM load wait done: true
19:34:52,046 INFO  [SeleniumBrowser] (waitForElement) -> element wait eligibility set: true
19:34:52,047 INFO  [SeleniumBrowser] EXIT --> (waitForElement)
19:34:52,047 INFO  [SeleniumBrowser] EXIT --> (_waitForElement)
19:34:52,054 INFO  [SeleniumBrowser] ENTER --> (_getByLocator)
19:34:52,054 INFO  [SeleniumBrowser] (_getByLocator) -> Getting locator for null
19:34:52,054 INFO  [SeleniumBrowser] (_getByLocator) -> Locator info found for ID attribute as: name
19:34:52,054 INFO  [SeleniumBrowser] EXIT --> (_getByLocator)
19:34:52,072 INFO  [SeleniumBrowser] ENTER --> (initElements)
19:34:52,072 INFO  [SeleniumBrowser] (initElements) -> ID set to field: 
19:34:52,072 INFO  [SeleniumBrowser] (initElements) -> Name set to field: 
19:34:52,073 INFO  [SeleniumBrowser] (initElements) -> CSS set to field: 
19:34:52,073 INFO  [SeleniumBrowser] (initElements) -> XPath set to field: //a[contains(@href,'/users/login')]
19:34:52,073 INFO  [SeleniumBrowser] (initElements) -> ID set to field: 
19:34:52,073 INFO  [SeleniumBrowser] (initElements) -> Name set to field: 
19:34:52,073 INFO  [SeleniumBrowser] (initElements) -> CSS set to field: 
19:34:52,073 INFO  [SeleniumBrowser] (initElements) -> XPath set to field: //a[contains(@href,'/users/signup')]
19:34:52,074 INFO  [SeleniumBrowser] (initElements) -> ID set to field: name
19:34:52,074 INFO  [SeleniumBrowser] (initElements) -> Name set to field: 
19:34:52,074 INFO  [SeleniumBrowser] (initElements) -> CSS set to field: 
19:34:52,074 INFO  [SeleniumBrowser] (initElements) -> XPath set to field: 
19:34:52,074 INFO  [SeleniumBrowser] (initElements) -> ID set to field: email
19:34:52,074 INFO  [SeleniumBrowser] (initElements) -> Name set to field: 
19:34:52,075 INFO  [SeleniumBrowser] (initElements) -> CSS set to field: 
19:34:52,075 INFO  [SeleniumBrowser] (initElements) -> XPath set to field: 
19:34:52,075 INFO  [SeleniumBrowser] (initElements) -> ID set to field: password
19:34:52,075 INFO  [SeleniumBrowser] (initElements) -> Name set to field: 
19:34:52,075 INFO  [SeleniumBrowser] (initElements) -> CSS set to field: 
19:34:52,075 INFO  [SeleniumBrowser] (initElements) -> XPath set to field: 
19:34:52,076 INFO  [SeleniumBrowser] (initElements) -> ID set to field: password-confirm
19:34:52,076 INFO  [SeleniumBrowser] (initElements) -> Name set to field: 
19:34:52,076 INFO  [SeleniumBrowser] (initElements) -> CSS set to field: 
19:34:52,076 INFO  [SeleniumBrowser] (initElements) -> XPath set to field: 
19:34:52,076 INFO  [SeleniumBrowser] (initElements) -> ID set to field: 
19:34:52,077 INFO  [SeleniumBrowser] (initElements) -> Name set to field: 
19:34:52,077 INFO  [SeleniumBrowser] (initElements) -> CSS set to field: 
19:34:52,077 INFO  [SeleniumBrowser] (initElements) -> XPath set to field: //button[contains(@class,'ui-btn is-secondary has-busy is-auto is-island')]
19:34:52,077 INFO  [SeleniumBrowser] (initElements) -> ID set to field: 
19:34:52,077 INFO  [SeleniumBrowser] (initElements) -> Name set to field: 
19:34:52,077 INFO  [SeleniumBrowser] (initElements) -> CSS set to field: 
19:34:52,078 INFO  [SeleniumBrowser] (initElements) -> XPath set to field: //a[contains(@class,'ui-btn is-secondary is-island')]
19:34:52,078 INFO  [SeleniumBrowser] EXIT --> (initElements)
19:34:52,078 INFO  [SeleniumBrowser] ENTER --> (_waitForElement) --> Waiting for element: null
19:34:52,078 INFO  [SeleniumBrowser] ENTER --> (waitForElement)
19:34:52,087 INFO  [SeleniumBrowser] ENTER --> (_getByLocator)
19:34:52,087 INFO  [SeleniumBrowser] (_getByLocator) -> Getting locator for null
19:34:52,087 INFO  [SeleniumBrowser] (_getByLocator) -> Locator info found for ID attribute as: email
19:34:52,087 INFO  [SeleniumBrowser] EXIT --> (_getByLocator)
19:34:52,102 INFO  [SeleniumBrowser] ENTER --> (_getByLocator)
19:34:52,103 INFO  [SeleniumBrowser] (_getByLocator) -> Getting locator for null
19:34:52,103 INFO  [SeleniumBrowser] (_getByLocator) -> Locator info found for ID attribute as: email
19:34:52,103 INFO  [SeleniumBrowser] EXIT --> (_getByLocator)
19:34:52,133 INFO  [SeleniumBrowser] (waitForElement) -> element wait eligibility found: true
19:34:52,133 INFO  [SeleniumBrowser] ENTER --> (_waitForJStoLoad)
19:34:52,162 INFO  [SeleniumBrowser] EXIT --> (_waitForJStoLoad) --> DOM load wait done: true
19:34:52,162 INFO  [SeleniumBrowser] (waitForElement) -> element wait eligibility set: true
19:34:52,163 INFO  [SeleniumBrowser] EXIT --> (waitForElement)
19:34:52,163 INFO  [SeleniumBrowser] EXIT --> (_waitForElement)
19:34:52,163 INFO  [SeleniumBrowser] ENTER --> (_waitForElement) --> Waiting for element: null
19:34:52,163 INFO  [SeleniumBrowser] ENTER --> (waitForElement)
19:34:52,169 INFO  [SeleniumBrowser] ENTER --> (_getByLocator)
19:34:52,169 INFO  [SeleniumBrowser] (_getByLocator) -> Getting locator for null
19:34:52,169 INFO  [SeleniumBrowser] (_getByLocator) -> Locator info found for ID attribute as: email
19:34:52,169 INFO  [SeleniumBrowser] EXIT --> (_getByLocator)
19:34:52,183 INFO  [SeleniumBrowser] ENTER --> (_getByLocator)
19:34:52,183 INFO  [SeleniumBrowser] (_getByLocator) -> Getting locator for null
19:34:52,183 INFO  [SeleniumBrowser] (_getByLocator) -> Locator info found for ID attribute as: email
19:34:52,183 INFO  [SeleniumBrowser] EXIT --> (_getByLocator)
19:34:52,217 INFO  [SeleniumBrowser] (waitForElement) -> element wait eligibility found: true
19:34:52,217 INFO  [SeleniumBrowser] ENTER --> (_waitForJStoLoad)
19:34:52,241 INFO  [SeleniumBrowser] EXIT --> (_waitForJStoLoad) --> DOM load wait done: true
19:34:52,241 INFO  [SeleniumBrowser] (waitForElement) -> element wait eligibility set: true
19:34:52,241 INFO  [SeleniumBrowser] EXIT --> (waitForElement)
19:34:52,242 INFO  [SeleniumBrowser] EXIT --> (_waitForElement)
19:34:52,242 INFO  [SeleniumBrowser] ENTER --> (_waitForElement) --> Waiting for element: null
19:34:52,242 INFO  [SeleniumBrowser] ENTER --> (waitForElement)
19:34:52,248 INFO  [SeleniumBrowser] ENTER --> (_getByLocator)
19:34:52,249 INFO  [SeleniumBrowser] (_getByLocator) -> Getting locator for null
19:34:52,249 INFO  [SeleniumBrowser] (_getByLocator) -> Locator info found for ID attribute as: email
19:34:52,249 INFO  [SeleniumBrowser] EXIT --> (_getByLocator)
19:34:52,265 INFO  [SeleniumBrowser] ENTER --> (_getByLocator)
19:34:52,265 INFO  [SeleniumBrowser] (_getByLocator) -> Getting locator for null
19:34:52,265 INFO  [SeleniumBrowser] (_getByLocator) -> Locator info found for ID attribute as: email
19:34:52,265 INFO  [SeleniumBrowser] EXIT --> (_getByLocator)
19:34:52,297 INFO  [SeleniumBrowser] (waitForElement) -> element wait eligibility found: true
19:34:52,298 INFO  [SeleniumBrowser] ENTER --> (_waitForJStoLoad)
19:34:52,324 INFO  [SeleniumBrowser] EXIT --> (_waitForJStoLoad) --> DOM load wait done: true
19:34:52,325 INFO  [SeleniumBrowser] (waitForElement) -> element wait eligibility set: true
19:34:52,325 INFO  [SeleniumBrowser] EXIT --> (waitForElement)
19:34:52,325 INFO  [SeleniumBrowser] EXIT --> (_waitForElement)
19:34:52,325 INFO  [SeleniumBrowser] ENTER --> (_waitForElement) --> Waiting for element: null
19:34:52,325 INFO  [SeleniumBrowser] ENTER --> (waitForElement)
19:34:52,338 INFO  [SeleniumBrowser] ENTER --> (_getByLocator)
19:34:52,338 INFO  [SeleniumBrowser] (_getByLocator) -> Getting locator for null
19:34:52,339 INFO  [SeleniumBrowser] (_getByLocator) -> Locator info found for ID attribute as: email
19:34:52,339 INFO  [SeleniumBrowser] EXIT --> (_getByLocator)
19:34:52,362 INFO  [SeleniumBrowser] ENTER --> (_getByLocator)
19:34:52,362 INFO  [SeleniumBrowser] (_getByLocator) -> Getting locator for null
19:34:52,363 INFO  [SeleniumBrowser] (_getByLocator) -> Locator info found for ID attribute as: email
19:34:52,363 INFO  [SeleniumBrowser] EXIT --> (_getByLocator)
19:34:52,395 INFO  [SeleniumBrowser] (waitForElement) -> element wait eligibility found: true
19:34:52,396 INFO  [SeleniumBrowser] ENTER --> (_waitForJStoLoad)
19:34:52,426 INFO  [SeleniumBrowser] EXIT --> (_waitForJStoLoad) --> DOM load wait done: true
19:34:52,426 INFO  [SeleniumBrowser] (waitForElement) -> element wait eligibility set: true
19:34:52,426 INFO  [SeleniumBrowser] EXIT --> (waitForElement)
19:34:52,427 INFO  [SeleniumBrowser] EXIT --> (_waitForElement)
19:34:52,433 INFO  [SeleniumBrowser] ENTER --> (_getByLocator)
19:34:52,433 INFO  [SeleniumBrowser] (_getByLocator) -> Getting locator for null
19:34:52,434 INFO  [SeleniumBrowser] (_getByLocator) -> Locator info found for ID attribute as: email
19:34:52,434 INFO  [SeleniumBrowser] EXIT --> (_getByLocator)
19:34:52,473 INFO  [SeleniumBrowser] ENTER --> (_getByLocator)
19:34:52,473 INFO  [SeleniumBrowser] (_getByLocator) -> Getting locator for null
19:34:52,473 INFO  [SeleniumBrowser] (_getByLocator) -> Locator info found for ID attribute as: email
19:34:52,473 INFO  [SeleniumBrowser] EXIT --> (_getByLocator)
19:34:52,564 INFO  [SeleniumBrowser] ENTER --> (_getByLocator)
19:34:52,564 INFO  [SeleniumBrowser] (_getByLocator) -> Getting locator for null
19:34:52,564 INFO  [SeleniumBrowser] (_getByLocator) -> Locator info found for ID attribute as: email
19:34:52,565 INFO  [SeleniumBrowser] EXIT --> (_getByLocator)
19:34:52,669 INFO  [SeleniumBrowser] ENTER --> (_waitForElement) --> Waiting for element: null
19:34:52,669 INFO  [SeleniumBrowser] ENTER --> (waitForElement)
19:34:52,675 INFO  [SeleniumBrowser] ENTER --> (_getByLocator)
19:34:52,676 INFO  [SeleniumBrowser] (_getByLocator) -> Getting locator for null
19:34:52,676 INFO  [SeleniumBrowser] (_getByLocator) -> Locator info found for ID attribute as: email
19:34:52,676 INFO  [SeleniumBrowser] EXIT --> (_getByLocator)
19:34:52,699 INFO  [SeleniumBrowser] ENTER --> (_getByLocator)
19:34:52,699 INFO  [SeleniumBrowser] (_getByLocator) -> Getting locator for null
19:34:52,699 INFO  [SeleniumBrowser] (_getByLocator) -> Locator info found for ID attribute as: email
19:34:52,699 INFO  [SeleniumBrowser] EXIT --> (_getByLocator)
19:34:52,799 INFO  [SeleniumBrowser] (waitForElement) -> element wait eligibility found: true
19:34:52,800 INFO  [SeleniumBrowser] ENTER --> (_waitForJStoLoad)
19:34:52,831 INFO  [SeleniumBrowser] EXIT --> (_waitForJStoLoad) --> DOM load wait done: true
19:34:52,831 INFO  [SeleniumBrowser] (waitForElement) -> element wait eligibility set: true
19:34:52,831 INFO  [SeleniumBrowser] EXIT --> (waitForElement)
19:34:52,831 INFO  [SeleniumBrowser] EXIT --> (_waitForElement)
19:34:52,836 INFO  [SeleniumBrowser] ENTER --> (_getByLocator)
19:34:52,836 INFO  [SeleniumBrowser] (_getByLocator) -> Getting locator for null
19:34:52,837 INFO  [SeleniumBrowser] (_getByLocator) -> Locator info found for ID attribute as: email
19:34:52,837 INFO  [SeleniumBrowser] EXIT --> (_getByLocator)
19:34:52,847 INFO  [SeleniumBrowser] ENTER --> (_waitForElement) --> Waiting for element: null
19:34:52,847 INFO  [SeleniumBrowser] ENTER --> (waitForElement)
19:34:52,853 INFO  [SeleniumBrowser] ENTER --> (_getByLocator)
19:34:52,853 INFO  [SeleniumBrowser] (_getByLocator) -> Getting locator for null
19:34:52,853 INFO  [SeleniumBrowser] (_getByLocator) -> Locator info found for ID attribute as: email
19:34:52,853 INFO  [SeleniumBrowser] EXIT --> (_getByLocator)
19:34:52,867 INFO  [SeleniumBrowser] ENTER --> (_getByLocator)
19:34:52,867 INFO  [SeleniumBrowser] (_getByLocator) -> Getting locator for null
19:34:52,867 INFO  [SeleniumBrowser] (_getByLocator) -> Locator info found for ID attribute as: email
19:34:52,868 INFO  [SeleniumBrowser] EXIT --> (_getByLocator)
19:34:52,895 INFO  [SeleniumBrowser] (waitForElement) -> element wait eligibility found: true
19:34:52,895 INFO  [SeleniumBrowser] ENTER --> (_waitForJStoLoad)
19:34:52,918 INFO  [SeleniumBrowser] EXIT --> (_waitForJStoLoad) --> DOM load wait done: true
19:34:52,918 INFO  [SeleniumBrowser] (waitForElement) -> element wait eligibility set: true
19:34:52,918 INFO  [SeleniumBrowser] EXIT --> (waitForElement)
19:34:52,919 INFO  [SeleniumBrowser] EXIT --> (_waitForElement)
19:34:52,924 INFO  [SeleniumBrowser] ENTER --> (_getByLocator)
19:34:52,924 INFO  [SeleniumBrowser] (_getByLocator) -> Getting locator for null
19:34:52,924 INFO  [SeleniumBrowser] (_getByLocator) -> Locator info found for ID attribute as: email
19:34:52,924 INFO  [SeleniumBrowser] EXIT --> (_getByLocator)
19:34:52,937 INFO  [SeleniumBrowser] ENTER --> (initElements)
19:34:52,937 INFO  [SeleniumBrowser] (initElements) -> ID set to field: 
19:34:52,937 INFO  [SeleniumBrowser] (initElements) -> Name set to field: 
19:34:52,937 INFO  [SeleniumBrowser] (initElements) -> CSS set to field: 
19:34:52,937 INFO  [SeleniumBrowser] (initElements) -> XPath set to field: //a[contains(@href,'/users/login')]
19:34:52,938 INFO  [SeleniumBrowser] (initElements) -> ID set to field: 
19:34:52,938 INFO  [SeleniumBrowser] (initElements) -> Name set to field: 
19:34:52,938 INFO  [SeleniumBrowser] (initElements) -> CSS set to field: 
19:34:52,938 INFO  [SeleniumBrowser] (initElements) -> XPath set to field: //a[contains(@href,'/users/signup')]
19:34:52,938 INFO  [SeleniumBrowser] (initElements) -> ID set to field: name
19:34:52,938 INFO  [SeleniumBrowser] (initElements) -> Name set to field: 
19:34:52,938 INFO  [SeleniumBrowser] (initElements) -> CSS set to field: 
19:34:52,939 INFO  [SeleniumBrowser] (initElements) -> XPath set to field: 
19:34:52,939 INFO  [SeleniumBrowser] (initElements) -> ID set to field: email
19:34:52,939 INFO  [SeleniumBrowser] (initElements) -> Name set to field: 
19:34:52,939 INFO  [SeleniumBrowser] (initElements) -> CSS set to field: 
19:34:52,939 INFO  [SeleniumBrowser] (initElements) -> XPath set to field: 
19:34:52,939 INFO  [SeleniumBrowser] (initElements) -> ID set to field: password
19:34:52,939 INFO  [SeleniumBrowser] (initElements) -> Name set to field: 
19:34:52,940 INFO  [SeleniumBrowser] (initElements) -> CSS set to field: 
19:34:52,940 INFO  [SeleniumBrowser] (initElements) -> XPath set to field: 
19:34:52,940 INFO  [SeleniumBrowser] (initElements) -> ID set to field: password-confirm
19:34:52,940 INFO  [SeleniumBrowser] (initElements) -> Name set to field: 
19:34:52,940 INFO  [SeleniumBrowser] (initElements) -> CSS set to field: 
19:34:52,940 INFO  [SeleniumBrowser] (initElements) -> XPath set to field: 
19:34:52,940 INFO  [SeleniumBrowser] (initElements) -> ID set to field: 
19:34:52,941 INFO  [SeleniumBrowser] (initElements) -> Name set to field: 
19:34:52,941 INFO  [SeleniumBrowser] (initElements) -> CSS set to field: 
19:34:52,941 INFO  [SeleniumBrowser] (initElements) -> XPath set to field: //button[contains(@class,'ui-btn is-secondary has-busy is-auto is-island')]
19:34:52,941 INFO  [SeleniumBrowser] (initElements) -> ID set to field: 
19:34:52,941 INFO  [SeleniumBrowser] (initElements) -> Name set to field: 
19:34:52,941 INFO  [SeleniumBrowser] (initElements) -> CSS set to field: 
19:34:52,941 INFO  [SeleniumBrowser] (initElements) -> XPath set to field: //a[contains(@class,'ui-btn is-secondary is-island')]
19:34:52,942 INFO  [SeleniumBrowser] EXIT --> (initElements)
19:34:52,942 INFO  [SeleniumBrowser] ENTER --> (_waitForElement) --> Waiting for element: null
19:34:52,942 INFO  [SeleniumBrowser] ENTER --> (waitForElement)
19:34:52,947 INFO  [SeleniumBrowser] ENTER --> (_getByLocator)
19:34:52,947 INFO  [SeleniumBrowser] (_getByLocator) -> Getting locator for null
19:34:52,947 INFO  [SeleniumBrowser] (_getByLocator) -> Locator info found for ID attribute as: password
19:34:52,947 INFO  [SeleniumBrowser] EXIT --> (_getByLocator)
19:34:52,960 INFO  [SeleniumBrowser] ENTER --> (_getByLocator)
19:34:52,960 INFO  [SeleniumBrowser] (_getByLocator) -> Getting locator for null
19:34:52,960 INFO  [SeleniumBrowser] (_getByLocator) -> Locator info found for ID attribute as: password
19:34:52,960 INFO  [SeleniumBrowser] EXIT --> (_getByLocator)
19:34:52,990 INFO  [SeleniumBrowser] (waitForElement) -> element wait eligibility found: true
19:34:52,991 INFO  [SeleniumBrowser] ENTER --> (_waitForJStoLoad)
19:34:53,022 INFO  [SeleniumBrowser] EXIT --> (_waitForJStoLoad) --> DOM load wait done: true
19:34:53,022 INFO  [SeleniumBrowser] (waitForElement) -> element wait eligibility set: true
19:34:53,023 INFO  [SeleniumBrowser] EXIT --> (waitForElement)
19:34:53,023 INFO  [SeleniumBrowser] EXIT --> (_waitForElement)
19:34:53,023 INFO  [SeleniumBrowser] ENTER --> (_waitForElement) --> Waiting for element: null
19:34:53,023 INFO  [SeleniumBrowser] ENTER --> (waitForElement)
19:34:53,030 INFO  [SeleniumBrowser] ENTER --> (_getByLocator)
19:34:53,031 INFO  [SeleniumBrowser] (_getByLocator) -> Getting locator for null
19:34:53,031 INFO  [SeleniumBrowser] (_getByLocator) -> Locator info found for ID attribute as: password
19:34:53,031 INFO  [SeleniumBrowser] EXIT --> (_getByLocator)
19:34:53,055 INFO  [SeleniumBrowser] ENTER --> (_getByLocator)
19:34:53,055 INFO  [SeleniumBrowser] (_getByLocator) -> Getting locator for null
19:34:53,055 INFO  [SeleniumBrowser] (_getByLocator) -> Locator info found for ID attribute as: password
19:34:53,055 INFO  [SeleniumBrowser] EXIT --> (_getByLocator)
19:34:53,091 INFO  [SeleniumBrowser] (waitForElement) -> element wait eligibility found: true
19:34:53,092 INFO  [SeleniumBrowser] ENTER --> (_waitForJStoLoad)
19:34:53,142 INFO  [SeleniumBrowser] EXIT --> (_waitForJStoLoad) --> DOM load wait done: true
19:34:53,142 INFO  [SeleniumBrowser] (waitForElement) -> element wait eligibility set: true
19:34:53,142 INFO  [SeleniumBrowser] EXIT --> (waitForElement)
19:34:53,142 INFO  [SeleniumBrowser] EXIT --> (_waitForElement)
19:34:53,142 INFO  [SeleniumBrowser] ENTER --> (_waitForElement) --> Waiting for element: null
19:34:53,142 INFO  [SeleniumBrowser] ENTER --> (waitForElement)
19:34:53,155 INFO  [SeleniumBrowser] ENTER --> (_getByLocator)
19:34:53,155 INFO  [SeleniumBrowser] (_getByLocator) -> Getting locator for null
19:34:53,155 INFO  [SeleniumBrowser] (_getByLocator) -> Locator info found for ID attribute as: password
19:34:53,155 INFO  [SeleniumBrowser] EXIT --> (_getByLocator)
19:34:53,179 INFO  [SeleniumBrowser] ENTER --> (_getByLocator)
19:34:53,179 INFO  [SeleniumBrowser] (_getByLocator) -> Getting locator for null
19:34:53,179 INFO  [SeleniumBrowser] (_getByLocator) -> Locator info found for ID attribute as: password
19:34:53,179 INFO  [SeleniumBrowser] EXIT --> (_getByLocator)
19:34:53,233 INFO  [SeleniumBrowser] (waitForElement) -> element wait eligibility found: true
19:34:53,233 INFO  [SeleniumBrowser] ENTER --> (_waitForJStoLoad)
19:34:53,286 INFO  [SeleniumBrowser] EXIT --> (_waitForJStoLoad) --> DOM load wait done: true
19:34:53,286 INFO  [SeleniumBrowser] (waitForElement) -> element wait eligibility set: true
19:34:53,287 INFO  [SeleniumBrowser] EXIT --> (waitForElement)
19:34:53,287 INFO  [SeleniumBrowser] EXIT --> (_waitForElement)
19:34:53,287 INFO  [SeleniumBrowser] ENTER --> (_waitForElement) --> Waiting for element: null
19:34:53,287 INFO  [SeleniumBrowser] ENTER --> (waitForElement)
19:34:53,296 INFO  [SeleniumBrowser] ENTER --> (_getByLocator)
19:34:53,296 INFO  [SeleniumBrowser] (_getByLocator) -> Getting locator for null
19:34:53,296 INFO  [SeleniumBrowser] (_getByLocator) -> Locator info found for ID attribute as: password
19:34:53,296 INFO  [SeleniumBrowser] EXIT --> (_getByLocator)
19:34:53,327 INFO  [SeleniumBrowser] ENTER --> (_getByLocator)
19:34:53,328 INFO  [SeleniumBrowser] (_getByLocator) -> Getting locator for null
19:34:53,328 INFO  [SeleniumBrowser] (_getByLocator) -> Locator info found for ID attribute as: password
19:34:53,328 INFO  [SeleniumBrowser] EXIT --> (_getByLocator)
19:34:53,379 INFO  [SeleniumBrowser] (waitForElement) -> element wait eligibility found: true
19:34:53,379 INFO  [SeleniumBrowser] ENTER --> (_waitForJStoLoad)
19:34:53,423 INFO  [SeleniumBrowser] EXIT --> (_waitForJStoLoad) --> DOM load wait done: true
19:34:53,423 INFO  [SeleniumBrowser] (waitForElement) -> element wait eligibility set: true
19:34:53,423 INFO  [SeleniumBrowser] EXIT --> (waitForElement)
19:34:53,424 INFO  [SeleniumBrowser] EXIT --> (_waitForElement)
19:34:53,438 INFO  [SeleniumBrowser] ENTER --> (_getByLocator)
19:34:53,439 INFO  [SeleniumBrowser] (_getByLocator) -> Getting locator for null
19:34:53,439 INFO  [SeleniumBrowser] (_getByLocator) -> Locator info found for ID attribute as: password
19:34:53,439 INFO  [SeleniumBrowser] EXIT --> (_getByLocator)
19:34:53,508 INFO  [SeleniumBrowser] ENTER --> (_getByLocator)
19:34:53,509 INFO  [SeleniumBrowser] (_getByLocator) -> Getting locator for null
19:34:53,509 INFO  [SeleniumBrowser] (_getByLocator) -> Locator info found for ID attribute as: password
19:34:53,509 INFO  [SeleniumBrowser] EXIT --> (_getByLocator)
19:34:53,624 INFO  [SeleniumBrowser] ENTER --> (_getByLocator)
19:34:53,624 INFO  [SeleniumBrowser] (_getByLocator) -> Getting locator for null
19:34:53,624 INFO  [SeleniumBrowser] (_getByLocator) -> Locator info found for ID attribute as: password
19:34:53,624 INFO  [SeleniumBrowser] EXIT --> (_getByLocator)
19:34:53,673 INFO  [SeleniumBrowser] ENTER --> (_waitForElement) --> Waiting for element: null
19:34:53,673 INFO  [SeleniumBrowser] ENTER --> (waitForElement)
19:34:53,678 INFO  [SeleniumBrowser] ENTER --> (_getByLocator)
19:34:53,679 INFO  [SeleniumBrowser] (_getByLocator) -> Getting locator for null
19:34:53,679 INFO  [SeleniumBrowser] (_getByLocator) -> Locator info found for ID attribute as: password
19:34:53,679 INFO  [SeleniumBrowser] EXIT --> (_getByLocator)
19:34:53,705 INFO  [SeleniumBrowser] ENTER --> (_getByLocator)
19:34:53,705 INFO  [SeleniumBrowser] (_getByLocator) -> Getting locator for null
19:34:53,705 INFO  [SeleniumBrowser] (_getByLocator) -> Locator info found for ID attribute as: password
19:34:53,705 INFO  [SeleniumBrowser] EXIT --> (_getByLocator)
19:34:53,736 INFO  [SeleniumBrowser] (waitForElement) -> element wait eligibility found: true
19:34:53,736 INFO  [SeleniumBrowser] ENTER --> (_waitForJStoLoad)
19:34:53,779 INFO  [SeleniumBrowser] EXIT --> (_waitForJStoLoad) --> DOM load wait done: true
19:34:53,780 INFO  [SeleniumBrowser] (waitForElement) -> element wait eligibility set: true
19:34:53,780 INFO  [SeleniumBrowser] EXIT --> (waitForElement)
19:34:53,780 INFO  [SeleniumBrowser] EXIT --> (_waitForElement)
19:34:53,785 INFO  [SeleniumBrowser] ENTER --> (_getByLocator)
19:34:53,786 INFO  [SeleniumBrowser] (_getByLocator) -> Getting locator for null
19:34:53,786 INFO  [SeleniumBrowser] (_getByLocator) -> Locator info found for ID attribute as: password
19:34:53,786 INFO  [SeleniumBrowser] EXIT --> (_getByLocator)
19:34:53,798 INFO  [SeleniumBrowser] ENTER --> (_waitForElement) --> Waiting for element: null
19:34:53,799 INFO  [SeleniumBrowser] ENTER --> (waitForElement)
19:34:53,805 INFO  [SeleniumBrowser] ENTER --> (_getByLocator)
19:34:53,805 INFO  [SeleniumBrowser] (_getByLocator) -> Getting locator for null
19:34:53,805 INFO  [SeleniumBrowser] (_getByLocator) -> Locator info found for ID attribute as: password
19:34:53,806 INFO  [SeleniumBrowser] EXIT --> (_getByLocator)
19:34:53,825 INFO  [SeleniumBrowser] ENTER --> (_getByLocator)
19:34:53,825 INFO  [SeleniumBrowser] (_getByLocator) -> Getting locator for null
19:34:53,825 INFO  [SeleniumBrowser] (_getByLocator) -> Locator info found for ID attribute as: password
19:34:53,825 INFO  [SeleniumBrowser] EXIT --> (_getByLocator)
19:34:53,853 INFO  [SeleniumBrowser] (waitForElement) -> element wait eligibility found: true
19:34:53,854 INFO  [SeleniumBrowser] ENTER --> (_waitForJStoLoad)
19:34:53,915 INFO  [SeleniumBrowser] EXIT --> (_waitForJStoLoad) --> DOM load wait done: true
19:34:53,916 INFO  [SeleniumBrowser] (waitForElement) -> element wait eligibility set: true
19:34:53,916 INFO  [SeleniumBrowser] EXIT --> (waitForElement)
19:34:53,916 INFO  [SeleniumBrowser] EXIT --> (_waitForElement)
19:34:53,922 INFO  [SeleniumBrowser] ENTER --> (_getByLocator)
19:34:53,922 INFO  [SeleniumBrowser] (_getByLocator) -> Getting locator for null
19:34:53,922 INFO  [SeleniumBrowser] (_getByLocator) -> Locator info found for ID attribute as: password
19:34:53,922 INFO  [SeleniumBrowser] EXIT --> (_getByLocator)
19:34:53,939 INFO  [SeleniumBrowser] ENTER --> (initElements)
19:34:53,940 INFO  [SeleniumBrowser] (initElements) -> ID set to field: 
19:34:53,940 INFO  [SeleniumBrowser] (initElements) -> Name set to field: 
19:34:53,940 INFO  [SeleniumBrowser] (initElements) -> CSS set to field: 
19:34:53,940 INFO  [SeleniumBrowser] (initElements) -> XPath set to field: //a[contains(@href,'/users/login')]
19:34:53,940 INFO  [SeleniumBrowser] (initElements) -> ID set to field: 
19:34:53,940 INFO  [SeleniumBrowser] (initElements) -> Name set to field: 
19:34:53,941 INFO  [SeleniumBrowser] (initElements) -> CSS set to field: 
19:34:53,941 INFO  [SeleniumBrowser] (initElements) -> XPath set to field: //a[contains(@href,'/users/signup')]
19:34:53,941 INFO  [SeleniumBrowser] (initElements) -> ID set to field: name
19:34:53,941 INFO  [SeleniumBrowser] (initElements) -> Name set to field: 
19:34:53,941 INFO  [SeleniumBrowser] (initElements) -> CSS set to field: 
19:34:53,941 INFO  [SeleniumBrowser] (initElements) -> XPath set to field: 
19:34:53,942 INFO  [SeleniumBrowser] (initElements) -> ID set to field: email
19:34:53,942 INFO  [SeleniumBrowser] (initElements) -> Name set to field: 
19:34:53,942 INFO  [SeleniumBrowser] (initElements) -> CSS set to field: 
19:34:53,942 INFO  [SeleniumBrowser] (initElements) -> XPath set to field: 
19:34:53,942 INFO  [SeleniumBrowser] (initElements) -> ID set to field: password
19:34:53,942 INFO  [SeleniumBrowser] (initElements) -> Name set to field: 
19:34:53,942 INFO  [SeleniumBrowser] (initElements) -> CSS set to field: 
19:34:53,942 INFO  [SeleniumBrowser] (initElements) -> XPath set to field: 
19:34:53,943 INFO  [SeleniumBrowser] (initElements) -> ID set to field: password-confirm
19:34:53,943 INFO  [SeleniumBrowser] (initElements) -> Name set to field: 
19:34:53,943 INFO  [SeleniumBrowser] (initElements) -> CSS set to field: 
19:34:53,943 INFO  [SeleniumBrowser] (initElements) -> XPath set to field: 
19:34:53,943 INFO  [SeleniumBrowser] (initElements) -> ID set to field: 
19:34:53,943 INFO  [SeleniumBrowser] (initElements) -> Name set to field: 
19:34:53,943 INFO  [SeleniumBrowser] (initElements) -> CSS set to field: 
19:34:53,944 INFO  [SeleniumBrowser] (initElements) -> XPath set to field: //button[contains(@class,'ui-btn is-secondary has-busy is-auto is-island')]
19:34:53,944 INFO  [SeleniumBrowser] (initElements) -> ID set to field: 
19:34:53,944 INFO  [SeleniumBrowser] (initElements) -> Name set to field: 
19:34:53,944 INFO  [SeleniumBrowser] (initElements) -> CSS set to field: 
19:34:53,944 INFO  [SeleniumBrowser] (initElements) -> XPath set to field: //a[contains(@class,'ui-btn is-secondary is-island')]
19:34:53,944 INFO  [SeleniumBrowser] EXIT --> (initElements)
19:34:53,944 INFO  [SeleniumBrowser] ENTER --> (_waitForElement) --> Waiting for element: null
19:34:53,945 INFO  [SeleniumBrowser] ENTER --> (waitForElement)
19:34:53,950 INFO  [SeleniumBrowser] ENTER --> (_getByLocator)
19:34:53,950 INFO  [SeleniumBrowser] (_getByLocator) -> Getting locator for null
19:34:53,950 INFO  [SeleniumBrowser] (_getByLocator) -> Locator info found for ID attribute as: password-confirm
19:34:53,950 INFO  [SeleniumBrowser] EXIT --> (_getByLocator)
19:34:53,965 INFO  [SeleniumBrowser] ENTER --> (_getByLocator)
19:34:53,965 INFO  [SeleniumBrowser] (_getByLocator) -> Getting locator for null
19:34:53,965 INFO  [SeleniumBrowser] (_getByLocator) -> Locator info found for ID attribute as: password-confirm
19:34:53,965 INFO  [SeleniumBrowser] EXIT --> (_getByLocator)
19:34:54,031 INFO  [SeleniumBrowser] (waitForElement) -> element wait eligibility found: true
19:34:54,031 INFO  [SeleniumBrowser] ENTER --> (_waitForJStoLoad)
19:34:54,060 INFO  [SeleniumBrowser] EXIT --> (_waitForJStoLoad) --> DOM load wait done: true
19:34:54,060 INFO  [SeleniumBrowser] (waitForElement) -> element wait eligibility set: true
19:34:54,060 INFO  [SeleniumBrowser] EXIT --> (waitForElement)
19:34:54,060 INFO  [SeleniumBrowser] EXIT --> (_waitForElement)
19:34:54,060 INFO  [SeleniumBrowser] ENTER --> (_waitForElement) --> Waiting for element: null
19:34:54,060 INFO  [SeleniumBrowser] ENTER --> (waitForElement)
19:34:54,066 INFO  [SeleniumBrowser] ENTER --> (_getByLocator)
19:34:54,066 INFO  [SeleniumBrowser] (_getByLocator) -> Getting locator for null
19:34:54,066 INFO  [SeleniumBrowser] (_getByLocator) -> Locator info found for ID attribute as: password-confirm
19:34:54,066 INFO  [SeleniumBrowser] EXIT --> (_getByLocator)
19:34:54,083 INFO  [SeleniumBrowser] ENTER --> (_getByLocator)
19:34:54,083 INFO  [SeleniumBrowser] (_getByLocator) -> Getting locator for null
19:34:54,083 INFO  [SeleniumBrowser] (_getByLocator) -> Locator info found for ID attribute as: password-confirm
19:34:54,083 INFO  [SeleniumBrowser] EXIT --> (_getByLocator)
19:34:54,145 INFO  [SeleniumBrowser] (waitForElement) -> element wait eligibility found: true
19:34:54,145 INFO  [SeleniumBrowser] ENTER --> (_waitForJStoLoad)
19:34:54,173 INFO  [SeleniumBrowser] EXIT --> (_waitForJStoLoad) --> DOM load wait done: true
19:34:54,173 INFO  [SeleniumBrowser] (waitForElement) -> element wait eligibility set: true
19:34:54,174 INFO  [SeleniumBrowser] EXIT --> (waitForElement)
19:34:54,174 INFO  [SeleniumBrowser] EXIT --> (_waitForElement)
19:34:54,174 INFO  [SeleniumBrowser] ENTER --> (_waitForElement) --> Waiting for element: null
19:34:54,174 INFO  [SeleniumBrowser] ENTER --> (waitForElement)
19:34:54,181 INFO  [SeleniumBrowser] ENTER --> (_getByLocator)
19:34:54,181 INFO  [SeleniumBrowser] (_getByLocator) -> Getting locator for null
19:34:54,181 INFO  [SeleniumBrowser] (_getByLocator) -> Locator info found for ID attribute as: password-confirm
19:34:54,181 INFO  [SeleniumBrowser] EXIT --> (_getByLocator)
19:34:54,199 INFO  [SeleniumBrowser] ENTER --> (_getByLocator)
19:34:54,199 INFO  [SeleniumBrowser] (_getByLocator) -> Getting locator for null
19:34:54,200 INFO  [SeleniumBrowser] (_getByLocator) -> Locator info found for ID attribute as: password-confirm
19:34:54,200 INFO  [SeleniumBrowser] EXIT --> (_getByLocator)
19:34:54,229 INFO  [SeleniumBrowser] (waitForElement) -> element wait eligibility found: true
19:34:54,230 INFO  [SeleniumBrowser] ENTER --> (_waitForJStoLoad)
19:34:54,258 INFO  [SeleniumBrowser] EXIT --> (_waitForJStoLoad) --> DOM load wait done: true
19:34:54,258 INFO  [SeleniumBrowser] (waitForElement) -> element wait eligibility set: true
19:34:54,259 INFO  [SeleniumBrowser] EXIT --> (waitForElement)
19:34:54,259 INFO  [SeleniumBrowser] EXIT --> (_waitForElement)
19:34:54,259 INFO  [SeleniumBrowser] ENTER --> (_waitForElement) --> Waiting for element: null
19:34:54,259 INFO  [SeleniumBrowser] ENTER --> (waitForElement)
19:34:54,264 INFO  [SeleniumBrowser] ENTER --> (_getByLocator)
19:34:54,264 INFO  [SeleniumBrowser] (_getByLocator) -> Getting locator for null
19:34:54,264 INFO  [SeleniumBrowser] (_getByLocator) -> Locator info found for ID attribute as: password-confirm
19:34:54,264 INFO  [SeleniumBrowser] EXIT --> (_getByLocator)
19:34:54,281 INFO  [SeleniumBrowser] ENTER --> (_getByLocator)
19:34:54,282 INFO  [SeleniumBrowser] (_getByLocator) -> Getting locator for null
19:34:54,282 INFO  [SeleniumBrowser] (_getByLocator) -> Locator info found for ID attribute as: password-confirm
19:34:54,282 INFO  [SeleniumBrowser] EXIT --> (_getByLocator)
19:34:54,312 INFO  [SeleniumBrowser] (waitForElement) -> element wait eligibility found: true
19:34:54,312 INFO  [SeleniumBrowser] ENTER --> (_waitForJStoLoad)
19:34:54,340 INFO  [SeleniumBrowser] EXIT --> (_waitForJStoLoad) --> DOM load wait done: true
19:34:54,340 INFO  [SeleniumBrowser] (waitForElement) -> element wait eligibility set: true
19:34:54,340 INFO  [SeleniumBrowser] EXIT --> (waitForElement)
19:34:54,340 INFO  [SeleniumBrowser] EXIT --> (_waitForElement)
19:34:54,345 INFO  [SeleniumBrowser] ENTER --> (_getByLocator)
19:34:54,346 INFO  [SeleniumBrowser] (_getByLocator) -> Getting locator for null
19:34:54,346 INFO  [SeleniumBrowser] (_getByLocator) -> Locator info found for ID attribute as: password-confirm
19:34:54,346 INFO  [SeleniumBrowser] EXIT --> (_getByLocator)
19:34:54,390 INFO  [SeleniumBrowser] ENTER --> (_getByLocator)
19:34:54,390 INFO  [SeleniumBrowser] (_getByLocator) -> Getting locator for null
19:34:54,391 INFO  [SeleniumBrowser] (_getByLocator) -> Locator info found for ID attribute as: password-confirm
19:34:54,391 INFO  [SeleniumBrowser] EXIT --> (_getByLocator)
19:34:54,483 INFO  [SeleniumBrowser] ENTER --> (_getByLocator)
19:34:54,483 INFO  [SeleniumBrowser] (_getByLocator) -> Getting locator for null
19:34:54,483 INFO  [SeleniumBrowser] (_getByLocator) -> Locator info found for ID attribute as: password-confirm
19:34:54,484 INFO  [SeleniumBrowser] EXIT --> (_getByLocator)
19:34:54,553 INFO  [SeleniumBrowser] ENTER --> (_waitForElement) --> Waiting for element: null
19:34:54,553 INFO  [SeleniumBrowser] ENTER --> (waitForElement)
19:34:54,559 INFO  [SeleniumBrowser] ENTER --> (_getByLocator)
19:34:54,559 INFO  [SeleniumBrowser] (_getByLocator) -> Getting locator for null
19:34:54,559 INFO  [SeleniumBrowser] (_getByLocator) -> Locator info found for ID attribute as: password-confirm
19:34:54,559 INFO  [SeleniumBrowser] EXIT --> (_getByLocator)
19:34:54,581 INFO  [SeleniumBrowser] ENTER --> (_getByLocator)
19:34:54,582 INFO  [SeleniumBrowser] (_getByLocator) -> Getting locator for null
19:34:54,582 INFO  [SeleniumBrowser] (_getByLocator) -> Locator info found for ID attribute as: password-confirm
19:34:54,582 INFO  [SeleniumBrowser] EXIT --> (_getByLocator)
19:34:54,617 INFO  [SeleniumBrowser] (waitForElement) -> element wait eligibility found: true
19:34:54,617 INFO  [SeleniumBrowser] ENTER --> (_waitForJStoLoad)
19:34:54,645 INFO  [SeleniumBrowser] EXIT --> (_waitForJStoLoad) --> DOM load wait done: true
19:34:54,645 INFO  [SeleniumBrowser] (waitForElement) -> element wait eligibility set: true
19:34:54,645 INFO  [SeleniumBrowser] EXIT --> (waitForElement)
19:34:54,645 INFO  [SeleniumBrowser] EXIT --> (_waitForElement)
19:34:54,650 INFO  [SeleniumBrowser] ENTER --> (_getByLocator)
19:34:54,650 INFO  [SeleniumBrowser] (_getByLocator) -> Getting locator for null
19:34:54,651 INFO  [SeleniumBrowser] (_getByLocator) -> Locator info found for ID attribute as: password-confirm
19:34:54,651 INFO  [SeleniumBrowser] EXIT --> (_getByLocator)
19:34:54,666 INFO  [SeleniumBrowser] ENTER --> (_waitForElement) --> Waiting for element: null
19:34:54,667 INFO  [SeleniumBrowser] ENTER --> (waitForElement)
19:34:54,672 INFO  [SeleniumBrowser] ENTER --> (_getByLocator)
19:34:54,672 INFO  [SeleniumBrowser] (_getByLocator) -> Getting locator for null
19:34:54,673 INFO  [SeleniumBrowser] (_getByLocator) -> Locator info found for ID attribute as: password-confirm
19:34:54,673 INFO  [SeleniumBrowser] EXIT --> (_getByLocator)
19:34:54,687 INFO  [SeleniumBrowser] ENTER --> (_getByLocator)
19:34:54,687 INFO  [SeleniumBrowser] (_getByLocator) -> Getting locator for null
19:34:54,687 INFO  [SeleniumBrowser] (_getByLocator) -> Locator info found for ID attribute as: password-confirm
19:34:54,687 INFO  [SeleniumBrowser] EXIT --> (_getByLocator)
19:34:54,718 INFO  [SeleniumBrowser] (waitForElement) -> element wait eligibility found: true
19:34:54,718 INFO  [SeleniumBrowser] ENTER --> (_waitForJStoLoad)
19:34:54,756 INFO  [SeleniumBrowser] EXIT --> (_waitForJStoLoad) --> DOM load wait done: true
19:34:54,756 INFO  [SeleniumBrowser] (waitForElement) -> element wait eligibility set: true
19:34:54,756 INFO  [SeleniumBrowser] EXIT --> (waitForElement)
19:34:54,756 INFO  [SeleniumBrowser] EXIT --> (_waitForElement)
19:34:54,762 INFO  [SeleniumBrowser] ENTER --> (_getByLocator)
19:34:54,762 INFO  [SeleniumBrowser] (_getByLocator) -> Getting locator for null
19:34:54,762 INFO  [SeleniumBrowser] (_getByLocator) -> Locator info found for ID attribute as: password-confirm
19:34:54,763 INFO  [SeleniumBrowser] EXIT --> (_getByLocator)
19:34:54,775 INFO  [SeleniumBrowser] ENTER --> (initElements)
19:34:54,776 INFO  [SeleniumBrowser] (initElements) -> ID set to field: 
19:34:54,776 INFO  [SeleniumBrowser] (initElements) -> Name set to field: 
19:34:54,776 INFO  [SeleniumBrowser] (initElements) -> CSS set to field: 
19:34:54,776 INFO  [SeleniumBrowser] (initElements) -> XPath set to field: //a[contains(@href,'/users/login')]
19:34:54,777 INFO  [SeleniumBrowser] (initElements) -> ID set to field: 
19:34:54,777 INFO  [SeleniumBrowser] (initElements) -> Name set to field: 
19:34:54,777 INFO  [SeleniumBrowser] (initElements) -> CSS set to field: 
19:34:54,777 INFO  [SeleniumBrowser] (initElements) -> XPath set to field: //a[contains(@href,'/users/signup')]
19:34:54,778 INFO  [SeleniumBrowser] (initElements) -> ID set to field: name
19:34:54,778 INFO  [SeleniumBrowser] (initElements) -> Name set to field: 
19:34:54,778 INFO  [SeleniumBrowser] (initElements) -> CSS set to field: 
19:34:54,778 INFO  [SeleniumBrowser] (initElements) -> XPath set to field: 
19:34:54,779 INFO  [SeleniumBrowser] (initElements) -> ID set to field: email
19:34:54,779 INFO  [SeleniumBrowser] (initElements) -> Name set to field: 
19:34:54,779 INFO  [SeleniumBrowser] (initElements) -> CSS set to field: 
19:34:54,779 INFO  [SeleniumBrowser] (initElements) -> XPath set to field: 
19:34:54,780 INFO  [SeleniumBrowser] (initElements) -> ID set to field: password
19:34:54,780 INFO  [SeleniumBrowser] (initElements) -> Name set to field: 
19:34:54,780 INFO  [SeleniumBrowser] (initElements) -> CSS set to field: 
19:34:54,780 INFO  [SeleniumBrowser] (initElements) -> XPath set to field: 
19:34:54,780 INFO  [SeleniumBrowser] (initElements) -> ID set to field: password-confirm
19:34:54,780 INFO  [SeleniumBrowser] (initElements) -> Name set to field: 
19:34:54,781 INFO  [SeleniumBrowser] (initElements) -> CSS set to field: 
19:34:54,781 INFO  [SeleniumBrowser] (initElements) -> XPath set to field: 
19:34:54,781 INFO  [SeleniumBrowser] (initElements) -> ID set to field: 
19:34:54,781 INFO  [SeleniumBrowser] (initElements) -> Name set to field: 
19:34:54,781 INFO  [SeleniumBrowser] (initElements) -> CSS set to field: 
19:34:54,781 INFO  [SeleniumBrowser] (initElements) -> XPath set to field: //button[contains(@class,'ui-btn is-secondary has-busy is-auto is-island')]
19:34:54,782 INFO  [SeleniumBrowser] (initElements) -> ID set to field: 
19:34:54,782 INFO  [SeleniumBrowser] (initElements) -> Name set to field: 
19:34:54,782 INFO  [SeleniumBrowser] (initElements) -> CSS set to field: 
19:34:54,782 INFO  [SeleniumBrowser] (initElements) -> XPath set to field: //a[contains(@class,'ui-btn is-secondary is-island')]
19:34:54,782 INFO  [SeleniumBrowser] EXIT --> (initElements)
19:34:54,782 INFO  [SeleniumBrowser] ENTER --> (_waitForElement) --> Waiting for element: null
19:34:54,782 INFO  [SeleniumBrowser] ENTER --> (waitForElement)
19:34:54,791 INFO  [SeleniumBrowser] ENTER --> (_getByLocator)
19:34:54,791 INFO  [SeleniumBrowser] (_getByLocator) -> Getting locator for null
19:34:54,791 INFO  [SeleniumBrowser] (_getByLocator) -> Locator info found for XPATH attribute as: //button[contains(@class,'ui-btn is-secondary has-busy is-auto is-island')]
19:34:54,792 INFO  [SeleniumBrowser] ENTER --> (_parseElementOnXpath)
19:34:54,792 INFO  [SeleniumBrowser] (_parseElementOnXpath) -> //button[contains(@class,'ui-btn is-secondary has-busy is-auto is-island')] is used
19:34:54,792 INFO  [SeleniumBrowser] EXIT --> (_parseElementOnXpath)
19:34:54,792 INFO  [SeleniumBrowser] EXIT --> (_getByLocator)
19:34:54,809 INFO  [SeleniumBrowser] ENTER --> (_getByLocator)
19:34:54,809 INFO  [SeleniumBrowser] (_getByLocator) -> Getting locator for null
19:34:54,810 INFO  [SeleniumBrowser] (_getByLocator) -> Locator info found for XPATH attribute as: //button[contains(@class,'ui-btn is-secondary has-busy is-auto is-island')]
19:34:54,810 INFO  [SeleniumBrowser] ENTER --> (_parseElementOnXpath)
19:34:54,810 INFO  [SeleniumBrowser] (_parseElementOnXpath) -> //button[contains(@class,'ui-btn is-secondary has-busy is-auto is-island')] is used
19:34:54,810 INFO  [SeleniumBrowser] EXIT --> (_parseElementOnXpath)
19:34:54,810 INFO  [SeleniumBrowser] EXIT --> (_getByLocator)
19:34:54,843 INFO  [SeleniumBrowser] (waitForElement) -> element wait eligibility found: true
19:34:54,843 INFO  [SeleniumBrowser] ENTER --> (_waitForJStoLoad)
19:34:54,875 INFO  [SeleniumBrowser] EXIT --> (_waitForJStoLoad) --> DOM load wait done: true
19:34:54,875 INFO  [SeleniumBrowser] (waitForElement) -> element wait eligibility set: true
19:34:54,875 INFO  [SeleniumBrowser] EXIT --> (waitForElement)
19:34:54,875 INFO  [SeleniumBrowser] EXIT --> (_waitForElement)
19:34:54,880 INFO  [SeleniumBrowser] ENTER --> (_getByLocator)
19:34:54,880 INFO  [SeleniumBrowser] (_getByLocator) -> Getting locator for null
19:34:54,881 INFO  [SeleniumBrowser] (_getByLocator) -> Locator info found for XPATH attribute as: //button[contains(@class,'ui-btn is-secondary has-busy is-auto is-island')]
19:34:54,881 INFO  [SeleniumBrowser] ENTER --> (_parseElementOnXpath)
19:34:54,881 INFO  [SeleniumBrowser] (_parseElementOnXpath) -> //button[contains(@class,'ui-btn is-secondary has-busy is-auto is-island')] is used
19:34:54,881 INFO  [SeleniumBrowser] EXIT --> (_parseElementOnXpath)
19:34:54,881 INFO  [SeleniumBrowser] EXIT --> (_getByLocator)
19:34:57,199 INFO  [SeleniumBrowser] ENTER --> (initElements)
19:34:57,200 INFO  [SeleniumBrowser] (initElements) -> ID set to field: 
19:34:57,200 INFO  [SeleniumBrowser] (initElements) -> Name set to field: 
19:34:57,200 INFO  [SeleniumBrowser] (initElements) -> CSS set to field: 
19:34:57,200 INFO  [SeleniumBrowser] (initElements) -> XPath set to field: //a[contains(@href,'/users/login')]
19:34:57,200 INFO  [SeleniumBrowser] (initElements) -> ID set to field: 
19:34:57,201 INFO  [SeleniumBrowser] (initElements) -> Name set to field: 
19:34:57,201 INFO  [SeleniumBrowser] (initElements) -> CSS set to field: 
19:34:57,201 INFO  [SeleniumBrowser] (initElements) -> XPath set to field: //a[contains(@href,'/users/signup')]
19:34:57,201 INFO  [SeleniumBrowser] (initElements) -> ID set to field: name
19:34:57,201 INFO  [SeleniumBrowser] (initElements) -> Name set to field: 
19:34:57,201 INFO  [SeleniumBrowser] (initElements) -> CSS set to field: 
19:34:57,201 INFO  [SeleniumBrowser] (initElements) -> XPath set to field: 
19:34:57,202 INFO  [SeleniumBrowser] (initElements) -> ID set to field: email
19:34:57,202 INFO  [SeleniumBrowser] (initElements) -> Name set to field: 
19:34:57,202 INFO  [SeleniumBrowser] (initElements) -> CSS set to field: 
19:34:57,202 INFO  [SeleniumBrowser] (initElements) -> XPath set to field: 
19:34:57,202 INFO  [SeleniumBrowser] (initElements) -> ID set to field: password
19:34:57,202 INFO  [SeleniumBrowser] (initElements) -> Name set to field: 
19:34:57,202 INFO  [SeleniumBrowser] (initElements) -> CSS set to field: 
19:34:57,203 INFO  [SeleniumBrowser] (initElements) -> XPath set to field: 
19:34:57,203 INFO  [SeleniumBrowser] (initElements) -> ID set to field: password-confirm
19:34:57,203 INFO  [SeleniumBrowser] (initElements) -> Name set to field: 
19:34:57,203 INFO  [SeleniumBrowser] (initElements) -> CSS set to field: 
19:34:57,203 INFO  [SeleniumBrowser] (initElements) -> XPath set to field: 
19:34:57,203 INFO  [SeleniumBrowser] (initElements) -> ID set to field: 
19:34:57,204 INFO  [SeleniumBrowser] (initElements) -> Name set to field: 
19:34:57,204 INFO  [SeleniumBrowser] (initElements) -> CSS set to field: 
19:34:57,204 INFO  [SeleniumBrowser] (initElements) -> XPath set to field: //button[contains(@class,'ui-btn is-secondary has-busy is-auto is-island')]
19:34:57,204 INFO  [SeleniumBrowser] (initElements) -> ID set to field: 
19:34:57,204 INFO  [SeleniumBrowser] (initElements) -> Name set to field: 
19:34:57,204 INFO  [SeleniumBrowser] (initElements) -> CSS set to field: 
19:34:57,204 INFO  [SeleniumBrowser] (initElements) -> XPath set to field: //a[contains(@class,'ui-btn is-secondary is-island')]
19:34:57,205 INFO  [SeleniumBrowser] EXIT --> (initElements)
19:34:57,205 INFO  [ValidateFlowForAdPostFunctionality] (tc_LoginAfterSignUp) -> Sign Up to the application with valid credentials
19:34:57,205 INFO  [SeleniumBrowser] ENTER --> (clickLinkText)
19:34:57,205 INFO  [SeleniumBrowser] ENTER --> (_waitForElement) --> Waiting for element: null
19:34:57,205 INFO  [SeleniumBrowser] ENTER --> (waitForElement)
19:34:57,531 INFO  [SeleniumBrowser] ENTER --> (_getByLocator)
19:34:57,532 INFO  [SeleniumBrowser] (_getByLocator) -> Getting locator for null
19:34:57,532 INFO  [SeleniumBrowser] (_getByLocator) -> Locator info found for XPATH attribute as: //a[contains(@href,'/bn/my/settings')]
19:34:57,532 INFO  [SeleniumBrowser] ENTER --> (_parseElementOnXpath)
19:34:57,532 INFO  [SeleniumBrowser] (_parseElementOnXpath) -> //a[contains(@href,'/bn/my/settings')] is used
19:34:57,532 INFO  [SeleniumBrowser] EXIT --> (_parseElementOnXpath)
19:34:57,532 INFO  [SeleniumBrowser] EXIT --> (_getByLocator)
19:34:57,553 INFO  [SeleniumBrowser] ENTER --> (_getByLocator)
19:34:57,553 INFO  [SeleniumBrowser] (_getByLocator) -> Getting locator for null
19:34:57,554 INFO  [SeleniumBrowser] (_getByLocator) -> Locator info found for XPATH attribute as: //a[contains(@href,'/bn/my/settings')]
19:34:57,554 INFO  [SeleniumBrowser] ENTER --> (_parseElementOnXpath)
19:34:57,554 INFO  [SeleniumBrowser] (_parseElementOnXpath) -> //a[contains(@href,'/bn/my/settings')] is used
19:34:57,554 INFO  [SeleniumBrowser] EXIT --> (_parseElementOnXpath)
19:34:57,554 INFO  [SeleniumBrowser] EXIT --> (_getByLocator)
19:34:57,595 INFO  [SeleniumBrowser] (waitForElement) -> element wait eligibility found: true
19:34:57,595 INFO  [SeleniumBrowser] ENTER --> (_waitForJStoLoad)
19:34:57,621 INFO  [SeleniumBrowser] EXIT --> (_waitForJStoLoad) --> DOM load wait done: true
19:34:57,621 INFO  [SeleniumBrowser] (waitForElement) -> element wait eligibility set: true
19:34:57,621 INFO  [SeleniumBrowser] EXIT --> (waitForElement)
19:34:57,621 INFO  [SeleniumBrowser] EXIT --> (_waitForElement)
19:34:57,626 INFO  [SeleniumBrowser] ENTER --> (_getByLocator)
19:34:57,626 INFO  [SeleniumBrowser] (_getByLocator) -> Getting locator for null
19:34:57,626 INFO  [SeleniumBrowser] (_getByLocator) -> Locator info found for XPATH attribute as: //a[contains(@href,'/bn/my/settings')]
19:34:57,626 INFO  [SeleniumBrowser] ENTER --> (_parseElementOnXpath)
19:34:57,627 INFO  [SeleniumBrowser] (_parseElementOnXpath) -> //a[contains(@href,'/bn/my/settings')] is used
19:34:57,627 INFO  [SeleniumBrowser] EXIT --> (_parseElementOnXpath)
19:34:57,627 INFO  [SeleniumBrowser] EXIT --> (_getByLocator)
19:34:57,635 INFO  [SeleniumBrowser] ENTER --> (_clickUsingJavaScript)
19:34:57,661 INFO  [SeleniumBrowser] EXIT --> (_clickUsingJavaScript)
19:34:57,662 INFO  [SeleniumBrowser] EXIT --> (clickLinkText)
19:34:57,662 INFO  [SeleniumBrowser] ENTER --> (clickLinkText)
19:34:57,662 INFO  [SeleniumBrowser] ENTER --> (_waitForElement) --> Waiting for element: null
19:34:57,662 INFO  [SeleniumBrowser] ENTER --> (waitForElement)
19:34:58,903 INFO  [SeleniumBrowser] ENTER --> (_getByLocator)
19:34:58,904 INFO  [SeleniumBrowser] (_getByLocator) -> Getting locator for null
19:34:58,904 INFO  [SeleniumBrowser] (_getByLocator) -> Locator info found for XPATH attribute as: //a[contains(@href,'/users/logout')]
19:34:58,904 INFO  [SeleniumBrowser] ENTER --> (_parseElementOnXpath)
19:34:58,904 INFO  [SeleniumBrowser] (_parseElementOnXpath) -> //a[contains(@href,'/users/logout')] is used
19:34:58,904 INFO  [SeleniumBrowser] EXIT --> (_parseElementOnXpath)
19:34:58,904 INFO  [SeleniumBrowser] EXIT --> (_getByLocator)
19:34:58,932 INFO  [SeleniumBrowser] ENTER --> (_getByLocator)
19:34:58,932 INFO  [SeleniumBrowser] (_getByLocator) -> Getting locator for null
19:34:58,932 INFO  [SeleniumBrowser] (_getByLocator) -> Locator info found for XPATH attribute as: //a[contains(@href,'/users/logout')]
19:34:58,932 INFO  [SeleniumBrowser] ENTER --> (_parseElementOnXpath)
19:34:58,933 INFO  [SeleniumBrowser] (_parseElementOnXpath) -> //a[contains(@href,'/users/logout')] is used
19:34:58,933 INFO  [SeleniumBrowser] EXIT --> (_parseElementOnXpath)
19:34:58,933 INFO  [SeleniumBrowser] EXIT --> (_getByLocator)
19:34:58,964 INFO  [SeleniumBrowser] (waitForElement) -> element wait eligibility found: true
19:34:58,964 INFO  [SeleniumBrowser] ENTER --> (_waitForJStoLoad)
19:34:58,989 INFO  [SeleniumBrowser] EXIT --> (_waitForJStoLoad) --> DOM load wait done: true
19:34:58,989 INFO  [SeleniumBrowser] (waitForElement) -> element wait eligibility set: true
19:34:58,990 INFO  [SeleniumBrowser] EXIT --> (waitForElement)
19:34:58,990 INFO  [SeleniumBrowser] EXIT --> (_waitForElement)
19:34:58,999 INFO  [SeleniumBrowser] ENTER --> (_getByLocator)
19:34:58,999 INFO  [SeleniumBrowser] (_getByLocator) -> Getting locator for null
19:34:58,999 INFO  [SeleniumBrowser] (_getByLocator) -> Locator info found for XPATH attribute as: //a[contains(@href,'/users/logout')]
19:34:58,999 INFO  [SeleniumBrowser] ENTER --> (_parseElementOnXpath)
19:34:58,999 INFO  [SeleniumBrowser] (_parseElementOnXpath) -> //a[contains(@href,'/users/logout')] is used
19:34:58,999 INFO  [SeleniumBrowser] EXIT --> (_parseElementOnXpath)
19:34:59,000 INFO  [SeleniumBrowser] EXIT --> (_getByLocator)
19:34:59,017 INFO  [SeleniumBrowser] ENTER --> (_clickUsingJavaScript)
19:34:59,046 INFO  [SeleniumBrowser] EXIT --> (_clickUsingJavaScript)
19:34:59,047 INFO  [SeleniumBrowser] EXIT --> (clickLinkText)
19:34:59,047 INFO  [SeleniumBrowser] ENTER --> (initElements)
19:34:59,047 INFO  [SeleniumBrowser] (initElements) -> ID set to field: 
19:34:59,047 INFO  [SeleniumBrowser] (initElements) -> Name set to field: 
19:34:59,047 INFO  [SeleniumBrowser] (initElements) -> CSS set to field: 
19:34:59,047 INFO  [SeleniumBrowser] (initElements) -> XPath set to field: //a[contains(@href, '/users/login')]
19:34:59,047 INFO  [SeleniumBrowser] (initElements) -> ID set to field: 
19:34:59,047 INFO  [SeleniumBrowser] (initElements) -> Name set to field: 
19:34:59,048 INFO  [SeleniumBrowser] (initElements) -> CSS set to field: 
19:34:59,048 INFO  [SeleniumBrowser] (initElements) -> XPath set to field: //a[contains(@href,'/post-ad')]
19:34:59,048 INFO  [SeleniumBrowser] (initElements) -> ID set to field: 
19:34:59,048 INFO  [SeleniumBrowser] (initElements) -> Name set to field: 
19:34:59,048 INFO  [SeleniumBrowser] (initElements) -> CSS set to field: 
19:34:59,048 INFO  [SeleniumBrowser] (initElements) -> XPath set to field: //div[@class = 'ui-logo']
19:34:59,048 INFO  [SeleniumBrowser] EXIT --> (initElements)
19:34:59,048 INFO  [ValidateFlowForAdPostFunctionality] (tc_LoginAfterSignUp) -> Logout From The Application
19:34:59,049 INFO  [SeleniumBrowser] ENTER --> (_waitForElement) --> Waiting for element: null
19:34:59,049 INFO  [SeleniumBrowser] ENTER --> (waitForElement)
19:35:01,681 INFO  [SeleniumBrowser] ENTER --> (_getByLocator)
19:35:01,681 INFO  [SeleniumBrowser] (_getByLocator) -> Getting locator for null
19:35:01,681 INFO  [SeleniumBrowser] (_getByLocator) -> Locator info found for XPATH attribute as: //div[@class = 'ui-logo']
19:35:01,682 INFO  [SeleniumBrowser] ENTER --> (_parseElementOnXpath)
19:35:01,682 INFO  [SeleniumBrowser] (_parseElementOnXpath) -> //div[@class = 'ui-logo'] is used
19:35:01,682 INFO  [SeleniumBrowser] EXIT --> (_parseElementOnXpath)
19:35:01,682 INFO  [SeleniumBrowser] EXIT --> (_getByLocator)
19:35:01,710 INFO  [SeleniumBrowser] ENTER --> (_getByLocator)
19:35:01,710 INFO  [SeleniumBrowser] (_getByLocator) -> Getting locator for null
19:35:01,711 INFO  [SeleniumBrowser] (_getByLocator) -> Locator info found for XPATH attribute as: //div[@class = 'ui-logo']
19:35:01,711 INFO  [SeleniumBrowser] ENTER --> (_parseElementOnXpath)
19:35:01,711 INFO  [SeleniumBrowser] (_parseElementOnXpath) -> //div[@class = 'ui-logo'] is used
19:35:01,711 INFO  [SeleniumBrowser] EXIT --> (_parseElementOnXpath)
19:35:01,711 INFO  [SeleniumBrowser] EXIT --> (_getByLocator)
19:35:01,754 INFO  [SeleniumBrowser] (waitForElement) -> element wait eligibility found: true
19:35:01,754 INFO  [SeleniumBrowser] ENTER --> (_waitForJStoLoad)
19:35:01,787 INFO  [SeleniumBrowser] EXIT --> (_waitForJStoLoad) --> DOM load wait done: true
19:35:01,787 INFO  [SeleniumBrowser] (waitForElement) -> element wait eligibility set: true
19:35:01,787 INFO  [SeleniumBrowser] EXIT --> (waitForElement)
19:35:01,787 INFO  [SeleniumBrowser] EXIT --> (_waitForElement)
19:35:01,796 INFO  [SeleniumBrowser] ENTER --> (_getByLocator)
19:35:01,796 INFO  [SeleniumBrowser] (_getByLocator) -> Getting locator for null
19:35:01,796 INFO  [SeleniumBrowser] (_getByLocator) -> Locator info found for XPATH attribute as: //div[@class = 'ui-logo']
19:35:01,797 INFO  [SeleniumBrowser] ENTER --> (_parseElementOnXpath)
19:35:01,797 INFO  [SeleniumBrowser] (_parseElementOnXpath) -> //div[@class = 'ui-logo'] is used
19:35:01,797 INFO  [SeleniumBrowser] EXIT --> (_parseElementOnXpath)
19:35:01,797 INFO  [SeleniumBrowser] EXIT --> (_getByLocator)
19:35:01,817 INFO  [SeleniumBrowser] ENTER --> (initElements)
19:35:01,817 INFO  [SeleniumBrowser] (initElements) -> ID set to field: 
19:35:01,817 INFO  [SeleniumBrowser] (initElements) -> Name set to field: 
19:35:01,817 INFO  [SeleniumBrowser] (initElements) -> CSS set to field: 
19:35:01,817 INFO  [SeleniumBrowser] (initElements) -> XPath set to field: //a[contains(@href, '/users/login')]
19:35:01,817 INFO  [SeleniumBrowser] (initElements) -> ID set to field: 
19:35:01,818 INFO  [SeleniumBrowser] (initElements) -> Name set to field: 
19:35:01,818 INFO  [SeleniumBrowser] (initElements) -> CSS set to field: 
19:35:01,818 INFO  [SeleniumBrowser] (initElements) -> XPath set to field: //a[contains(@href,'/post-ad')]
19:35:01,818 INFO  [SeleniumBrowser] (initElements) -> ID set to field: 
19:35:01,818 INFO  [SeleniumBrowser] (initElements) -> Name set to field: 
19:35:01,818 INFO  [SeleniumBrowser] (initElements) -> CSS set to field: 
19:35:01,819 INFO  [SeleniumBrowser] (initElements) -> XPath set to field: //div[@class = 'ui-logo']
19:35:01,819 INFO  [SeleniumBrowser] EXIT --> (initElements)
19:35:01,819 INFO  [ValidateFlowForAdPostFunctionality] (tc_LoginAfterSignUp) -> Verify Home Page
19:35:01,819 INFO  [SeleniumBrowser] ENTER --> (_waitForElement) --> Waiting for element: null
19:35:01,819 INFO  [SeleniumBrowser] ENTER --> (waitForElement)
19:35:01,828 INFO  [SeleniumBrowser] ENTER --> (_getByLocator)
19:35:01,829 INFO  [SeleniumBrowser] (_getByLocator) -> Getting locator for null
19:35:01,829 INFO  [SeleniumBrowser] (_getByLocator) -> Locator info found for XPATH attribute as: //a[contains(@href, '/users/login')]
19:35:01,829 INFO  [SeleniumBrowser] ENTER --> (_parseElementOnXpath)
19:35:01,829 INFO  [SeleniumBrowser] (_parseElementOnXpath) -> //a[contains(@href, '/users/login')] is used
19:35:01,829 INFO  [SeleniumBrowser] EXIT --> (_parseElementOnXpath)
19:35:01,829 INFO  [SeleniumBrowser] EXIT --> (_getByLocator)
19:35:01,850 INFO  [SeleniumBrowser] ENTER --> (_getByLocator)
19:35:01,851 INFO  [SeleniumBrowser] (_getByLocator) -> Getting locator for null
19:35:01,851 INFO  [SeleniumBrowser] (_getByLocator) -> Locator info found for XPATH attribute as: //a[contains(@href, '/users/login')]
19:35:01,851 INFO  [SeleniumBrowser] ENTER --> (_parseElementOnXpath)
19:35:01,851 INFO  [SeleniumBrowser] (_parseElementOnXpath) -> //a[contains(@href, '/users/login')] is used
19:35:01,851 INFO  [SeleniumBrowser] EXIT --> (_parseElementOnXpath)
19:35:01,851 INFO  [SeleniumBrowser] EXIT --> (_getByLocator)
19:35:01,895 INFO  [SeleniumBrowser] (waitForElement) -> element wait eligibility found: true
19:35:01,896 INFO  [SeleniumBrowser] ENTER --> (_waitForJStoLoad)
19:35:01,930 INFO  [SeleniumBrowser] EXIT --> (_waitForJStoLoad) --> DOM load wait done: true
19:35:01,931 INFO  [SeleniumBrowser] (waitForElement) -> element wait eligibility set: true
19:35:01,931 INFO  [SeleniumBrowser] EXIT --> (waitForElement)
19:35:01,931 INFO  [SeleniumBrowser] EXIT --> (_waitForElement)
19:35:01,941 INFO  [SeleniumBrowser] ENTER --> (_getByLocator)
19:35:01,941 INFO  [SeleniumBrowser] (_getByLocator) -> Getting locator for null
19:35:01,942 INFO  [SeleniumBrowser] (_getByLocator) -> Locator info found for XPATH attribute as: //a[contains(@href, '/users/login')]
19:35:01,942 INFO  [SeleniumBrowser] ENTER --> (_parseElementOnXpath)
19:35:01,942 INFO  [SeleniumBrowser] (_parseElementOnXpath) -> //a[contains(@href, '/users/login')] is used
19:35:01,942 INFO  [SeleniumBrowser] EXIT --> (_parseElementOnXpath)
19:35:01,942 INFO  [SeleniumBrowser] EXIT --> (_getByLocator)
19:35:03,396 INFO  [SeleniumBrowser] ENTER --> (initElements)
19:35:03,396 INFO  [SeleniumBrowser] (initElements) -> ID set to field: 
19:35:03,397 INFO  [SeleniumBrowser] (initElements) -> Name set to field: 
19:35:03,397 INFO  [SeleniumBrowser] (initElements) -> CSS set to field: 
19:35:03,398 INFO  [SeleniumBrowser] (initElements) -> XPath set to field: //input[@id='account']
19:35:03,398 INFO  [SeleniumBrowser] (initElements) -> ID set to field: 
19:35:03,399 INFO  [SeleniumBrowser] (initElements) -> Name set to field: 
19:35:03,399 INFO  [SeleniumBrowser] (initElements) -> CSS set to field: 
19:35:03,399 INFO  [SeleniumBrowser] (initElements) -> XPath set to field: //input[@id='password']
19:35:03,400 INFO  [SeleniumBrowser] (initElements) -> ID set to field: 
19:35:03,400 INFO  [SeleniumBrowser] (initElements) -> Name set to field: 
19:35:03,400 INFO  [SeleniumBrowser] (initElements) -> CSS set to field: 
19:35:03,401 INFO  [SeleniumBrowser] (initElements) -> XPath set to field: //button[contains(@class,'ui-btn is-secondary has-busy is-auto is-island')]
19:35:03,401 INFO  [SeleniumBrowser] (initElements) -> ID set to field: 
19:35:03,401 INFO  [SeleniumBrowser] (initElements) -> Name set to field: 
19:35:03,401 INFO  [SeleniumBrowser] (initElements) -> CSS set to field: 
19:35:03,402 INFO  [SeleniumBrowser] (initElements) -> XPath set to field: //a[contains(@href,'/users/logout')]
19:35:03,402 INFO  [SeleniumBrowser] (initElements) -> ID set to field: 
19:35:03,402 INFO  [SeleniumBrowser] (initElements) -> Name set to field: 
19:35:03,402 INFO  [SeleniumBrowser] (initElements) -> CSS set to field: 
19:35:03,402 INFO  [SeleniumBrowser] (initElements) -> XPath set to field: //a[contains(@href,'/users/login')]
19:35:03,402 INFO  [SeleniumBrowser] (initElements) -> ID set to field: 
19:35:03,402 INFO  [SeleniumBrowser] (initElements) -> Name set to field: 
19:35:03,402 INFO  [SeleniumBrowser] (initElements) -> CSS set to field: 
19:35:03,403 INFO  [SeleniumBrowser] (initElements) -> XPath set to field: //a[contains(@href,'/bn/users/login-options')]
19:35:03,403 INFO  [SeleniumBrowser] (initElements) -> ID set to field: 
19:35:03,403 INFO  [SeleniumBrowser] (initElements) -> Name set to field: 
19:35:03,403 INFO  [SeleniumBrowser] (initElements) -> CSS set to field: 
19:35:03,403 INFO  [SeleniumBrowser] (initElements) -> XPath set to field: //a[contains(@class,'ui-btn is-secondary is-island')]
19:35:03,403 INFO  [SeleniumBrowser] EXIT --> (initElements)
19:35:03,403 INFO  [ValidateFlowForAdPostFunctionality] (tc_LoginAfterSignUp) -> Click on Login Button On Home Page
19:35:03,406 INFO  [DomParser] (<init>) -> Root element :testdata
19:35:03,407 INFO  [DomParser] ENTER --> (getTestDataSetNodesWithValues)
19:35:03,407 INFO  [DomParser] (getNodes) -> Nodes found with testdataset = 1
19:35:03,407 INFO  [DomParser] (getTestDataSetNodesList) -> Checking node [testdataset] at index 0
19:35:03,408 INFO  [DomParser] (getTestDataSetNodesList) -> production|bikroy -- loginWithSignUpCredentials -- lwsuc_1.0
19:35:03,408 INFO  [DomParser] (getTestDataSetNodesWithValues) -> 3
19:35:03,408 INFO  [DomParser] (getTestDataSetNodesWithValues) -> text node found; skipping this node
19:35:03,408 INFO  [DomParser] (getTestDataSetNodesWithValues) -> password <<---->>  3551194 <<---->> 1
19:35:03,408 INFO  [DomParser] (getTestDataSetNodesWithValues) -> text node found; skipping this node
19:35:03,408 INFO  [DomParser] EXIT --> (getTestDataSetNodesWithValues)
19:35:03,409 INFO  [SeleniumBrowser] ENTER --> (_waitForElement) --> Waiting for element: null
19:35:03,409 INFO  [SeleniumBrowser] ENTER --> (waitForElement)
19:35:03,724 INFO  [SeleniumBrowser] ENTER --> (_getByLocator)
19:35:03,724 INFO  [SeleniumBrowser] (_getByLocator) -> Getting locator for null
19:35:03,724 INFO  [SeleniumBrowser] (_getByLocator) -> Locator info found for XPATH attribute as: //input[@id='account']
19:35:03,724 INFO  [SeleniumBrowser] ENTER --> (_parseElementOnXpath)
19:35:03,724 INFO  [SeleniumBrowser] (_parseElementOnXpath) -> //input[@id='account'] is used
19:35:03,725 INFO  [SeleniumBrowser] EXIT --> (_parseElementOnXpath)
19:35:03,725 INFO  [SeleniumBrowser] EXIT --> (_getByLocator)
19:35:03,746 INFO  [SeleniumBrowser] ENTER --> (_getByLocator)
19:35:03,746 INFO  [SeleniumBrowser] (_getByLocator) -> Getting locator for null
19:35:03,747 INFO  [SeleniumBrowser] (_getByLocator) -> Locator info found for XPATH attribute as: //input[@id='account']
19:35:03,747 INFO  [SeleniumBrowser] ENTER --> (_parseElementOnXpath)
19:35:03,747 INFO  [SeleniumBrowser] (_parseElementOnXpath) -> //input[@id='account'] is used
19:35:03,747 INFO  [SeleniumBrowser] EXIT --> (_parseElementOnXpath)
19:35:03,747 INFO  [SeleniumBrowser] EXIT --> (_getByLocator)
19:35:03,782 INFO  [SeleniumBrowser] (waitForElement) -> element wait eligibility found: true
19:35:03,782 INFO  [SeleniumBrowser] ENTER --> (_waitForJStoLoad)
19:35:03,809 INFO  [SeleniumBrowser] EXIT --> (_waitForJStoLoad) --> DOM load wait done: true
19:35:03,809 INFO  [SeleniumBrowser] (waitForElement) -> element wait eligibility set: true
19:35:03,809 INFO  [SeleniumBrowser] EXIT --> (waitForElement)
19:35:03,809 INFO  [SeleniumBrowser] EXIT --> (_waitForElement)
19:35:03,809 INFO  [SeleniumBrowser] ENTER --> (_waitForElement) --> Waiting for element: null
19:35:03,809 INFO  [SeleniumBrowser] ENTER --> (waitForElement)
19:35:03,817 INFO  [SeleniumBrowser] ENTER --> (_getByLocator)
19:35:03,817 INFO  [SeleniumBrowser] (_getByLocator) -> Getting locator for null
19:35:03,817 INFO  [SeleniumBrowser] (_getByLocator) -> Locator info found for XPATH attribute as: //input[@id='account']
19:35:03,817 INFO  [SeleniumBrowser] ENTER --> (_parseElementOnXpath)
19:35:03,817 INFO  [SeleniumBrowser] (_parseElementOnXpath) -> //input[@id='account'] is used
19:35:03,817 INFO  [SeleniumBrowser] EXIT --> (_parseElementOnXpath)
19:35:03,818 INFO  [SeleniumBrowser] EXIT --> (_getByLocator)
19:35:03,833 INFO  [SeleniumBrowser] ENTER --> (_getByLocator)
19:35:03,833 INFO  [SeleniumBrowser] (_getByLocator) -> Getting locator for null
19:35:03,834 INFO  [SeleniumBrowser] (_getByLocator) -> Locator info found for XPATH attribute as: //input[@id='account']
19:35:03,834 INFO  [SeleniumBrowser] ENTER --> (_parseElementOnXpath)
19:35:03,834 INFO  [SeleniumBrowser] (_parseElementOnXpath) -> //input[@id='account'] is used
19:35:03,834 INFO  [SeleniumBrowser] EXIT --> (_parseElementOnXpath)
19:35:03,834 INFO  [SeleniumBrowser] EXIT --> (_getByLocator)
19:35:03,869 INFO  [SeleniumBrowser] (waitForElement) -> element wait eligibility found: true
19:35:03,869 INFO  [SeleniumBrowser] ENTER --> (_waitForJStoLoad)
19:35:03,897 INFO  [SeleniumBrowser] EXIT --> (_waitForJStoLoad) --> DOM load wait done: true
19:35:03,897 INFO  [SeleniumBrowser] (waitForElement) -> element wait eligibility set: true
19:35:03,897 INFO  [SeleniumBrowser] EXIT --> (waitForElement)
19:35:03,897 INFO  [SeleniumBrowser] EXIT --> (_waitForElement)
19:35:03,897 INFO  [SeleniumBrowser] ENTER --> (_waitForElement) --> Waiting for element: null
19:35:03,898 INFO  [SeleniumBrowser] ENTER --> (waitForElement)
19:35:03,903 INFO  [SeleniumBrowser] ENTER --> (_getByLocator)
19:35:03,903 INFO  [SeleniumBrowser] (_getByLocator) -> Getting locator for null
19:35:03,903 INFO  [SeleniumBrowser] (_getByLocator) -> Locator info found for XPATH attribute as: //input[@id='account']
19:35:03,903 INFO  [SeleniumBrowser] ENTER --> (_parseElementOnXpath)
19:35:03,903 INFO  [SeleniumBrowser] (_parseElementOnXpath) -> //input[@id='account'] is used
19:35:03,903 INFO  [SeleniumBrowser] EXIT --> (_parseElementOnXpath)
19:35:03,904 INFO  [SeleniumBrowser] EXIT --> (_getByLocator)
19:35:03,919 INFO  [SeleniumBrowser] ENTER --> (_getByLocator)
19:35:03,919 INFO  [SeleniumBrowser] (_getByLocator) -> Getting locator for null
19:35:03,919 INFO  [SeleniumBrowser] (_getByLocator) -> Locator info found for XPATH attribute as: //input[@id='account']
19:35:03,919 INFO  [SeleniumBrowser] ENTER --> (_parseElementOnXpath)
19:35:03,919 INFO  [SeleniumBrowser] (_parseElementOnXpath) -> //input[@id='account'] is used
19:35:03,919 INFO  [SeleniumBrowser] EXIT --> (_parseElementOnXpath)
19:35:03,920 INFO  [SeleniumBrowser] EXIT --> (_getByLocator)
19:35:03,951 INFO  [SeleniumBrowser] (waitForElement) -> element wait eligibility found: true
19:35:03,951 INFO  [SeleniumBrowser] ENTER --> (_waitForJStoLoad)
19:35:03,993 INFO  [SeleniumBrowser] EXIT --> (_waitForJStoLoad) --> DOM load wait done: true
19:35:03,994 INFO  [SeleniumBrowser] (waitForElement) -> element wait eligibility set: true
19:35:03,994 INFO  [SeleniumBrowser] EXIT --> (waitForElement)
19:35:03,995 INFO  [SeleniumBrowser] EXIT --> (_waitForElement)
19:35:03,995 INFO  [SeleniumBrowser] ENTER --> (_waitForElement) --> Waiting for element: null
19:35:03,996 INFO  [SeleniumBrowser] ENTER --> (waitForElement)
19:35:04,003 INFO  [SeleniumBrowser] ENTER --> (_getByLocator)
19:35:04,004 INFO  [SeleniumBrowser] (_getByLocator) -> Getting locator for null
19:35:04,004 INFO  [SeleniumBrowser] (_getByLocator) -> Locator info found for XPATH attribute as: //input[@id='account']
19:35:04,004 INFO  [SeleniumBrowser] ENTER --> (_parseElementOnXpath)
19:35:04,005 INFO  [SeleniumBrowser] (_parseElementOnXpath) -> //input[@id='account'] is used
19:35:04,005 INFO  [SeleniumBrowser] EXIT --> (_parseElementOnXpath)
19:35:04,005 INFO  [SeleniumBrowser] EXIT --> (_getByLocator)
19:35:04,028 INFO  [SeleniumBrowser] ENTER --> (_getByLocator)
19:35:04,029 INFO  [SeleniumBrowser] (_getByLocator) -> Getting locator for null
19:35:04,029 INFO  [SeleniumBrowser] (_getByLocator) -> Locator info found for XPATH attribute as: //input[@id='account']
19:35:04,029 INFO  [SeleniumBrowser] ENTER --> (_parseElementOnXpath)
19:35:04,029 INFO  [SeleniumBrowser] (_parseElementOnXpath) -> //input[@id='account'] is used
19:35:04,029 INFO  [SeleniumBrowser] EXIT --> (_parseElementOnXpath)
19:35:04,029 INFO  [SeleniumBrowser] EXIT --> (_getByLocator)
19:35:04,063 INFO  [SeleniumBrowser] (waitForElement) -> element wait eligibility found: true
19:35:04,063 INFO  [SeleniumBrowser] ENTER --> (_waitForJStoLoad)
19:35:04,088 INFO  [SeleniumBrowser] EXIT --> (_waitForJStoLoad) --> DOM load wait done: true
19:35:04,088 INFO  [SeleniumBrowser] (waitForElement) -> element wait eligibility set: true
19:35:04,089 INFO  [SeleniumBrowser] EXIT --> (waitForElement)
19:35:04,089 INFO  [SeleniumBrowser] EXIT --> (_waitForElement)
19:35:04,096 INFO  [SeleniumBrowser] ENTER --> (_getByLocator)
19:35:04,096 INFO  [SeleniumBrowser] (_getByLocator) -> Getting locator for null
19:35:04,097 INFO  [SeleniumBrowser] (_getByLocator) -> Locator info found for XPATH attribute as: //input[@id='account']
19:35:04,097 INFO  [SeleniumBrowser] ENTER --> (_parseElementOnXpath)
19:35:04,097 INFO  [SeleniumBrowser] (_parseElementOnXpath) -> //input[@id='account'] is used
19:35:04,097 INFO  [SeleniumBrowser] EXIT --> (_parseElementOnXpath)
19:35:04,097 INFO  [SeleniumBrowser] EXIT --> (_getByLocator)
19:35:04,127 INFO  [SeleniumBrowser] ENTER --> (_getByLocator)
19:35:04,128 INFO  [SeleniumBrowser] (_getByLocator) -> Getting locator for null
19:35:04,128 INFO  [SeleniumBrowser] (_getByLocator) -> Locator info found for XPATH attribute as: //input[@id='account']
19:35:04,128 INFO  [SeleniumBrowser] ENTER --> (_parseElementOnXpath)
19:35:04,128 INFO  [SeleniumBrowser] (_parseElementOnXpath) -> //input[@id='account'] is used
19:35:04,129 INFO  [SeleniumBrowser] EXIT --> (_parseElementOnXpath)
19:35:04,129 INFO  [SeleniumBrowser] EXIT --> (_getByLocator)
19:35:04,229 INFO  [SeleniumBrowser] ENTER --> (_getByLocator)
19:35:04,230 INFO  [SeleniumBrowser] (_getByLocator) -> Getting locator for null
19:35:04,230 INFO  [SeleniumBrowser] (_getByLocator) -> Locator info found for XPATH attribute as: //input[@id='account']
19:35:04,230 INFO  [SeleniumBrowser] ENTER --> (_parseElementOnXpath)
19:35:04,231 INFO  [SeleniumBrowser] (_parseElementOnXpath) -> //input[@id='account'] is used
19:35:04,231 INFO  [SeleniumBrowser] EXIT --> (_parseElementOnXpath)
19:35:04,232 INFO  [SeleniumBrowser] EXIT --> (_getByLocator)
19:35:04,327 INFO  [SeleniumBrowser] ENTER --> (_waitForElement) --> Waiting for element: null
19:35:04,327 INFO  [SeleniumBrowser] ENTER --> (waitForElement)
19:35:04,336 INFO  [SeleniumBrowser] ENTER --> (_getByLocator)
19:35:04,337 INFO  [SeleniumBrowser] (_getByLocator) -> Getting locator for null
19:35:04,337 INFO  [SeleniumBrowser] (_getByLocator) -> Locator info found for XPATH attribute as: //input[@id='account']
19:35:04,337 INFO  [SeleniumBrowser] ENTER --> (_parseElementOnXpath)
19:35:04,337 INFO  [SeleniumBrowser] (_parseElementOnXpath) -> //input[@id='account'] is used
19:35:04,337 INFO  [SeleniumBrowser] EXIT --> (_parseElementOnXpath)
19:35:04,338 INFO  [SeleniumBrowser] EXIT --> (_getByLocator)
19:35:04,359 INFO  [SeleniumBrowser] ENTER --> (_getByLocator)
19:35:04,360 INFO  [SeleniumBrowser] (_getByLocator) -> Getting locator for null
19:35:04,360 INFO  [SeleniumBrowser] (_getByLocator) -> Locator info found for XPATH attribute as: //input[@id='account']
19:35:04,360 INFO  [SeleniumBrowser] ENTER --> (_parseElementOnXpath)
19:35:04,360 INFO  [SeleniumBrowser] (_parseElementOnXpath) -> //input[@id='account'] is used
19:35:04,360 INFO  [SeleniumBrowser] EXIT --> (_parseElementOnXpath)
19:35:04,360 INFO  [SeleniumBrowser] EXIT --> (_getByLocator)
19:35:04,418 INFO  [SeleniumBrowser] (waitForElement) -> element wait eligibility found: true
19:35:04,418 INFO  [SeleniumBrowser] ENTER --> (_waitForJStoLoad)
19:35:04,449 INFO  [SeleniumBrowser] EXIT --> (_waitForJStoLoad) --> DOM load wait done: true
19:35:04,450 INFO  [SeleniumBrowser] (waitForElement) -> element wait eligibility set: true
19:35:04,450 INFO  [SeleniumBrowser] EXIT --> (waitForElement)
19:35:04,450 INFO  [SeleniumBrowser] EXIT --> (_waitForElement)
19:35:04,459 INFO  [SeleniumBrowser] ENTER --> (_getByLocator)
19:35:04,460 INFO  [SeleniumBrowser] (_getByLocator) -> Getting locator for null
19:35:04,460 INFO  [SeleniumBrowser] (_getByLocator) -> Locator info found for XPATH attribute as: //input[@id='account']
19:35:04,460 INFO  [SeleniumBrowser] ENTER --> (_parseElementOnXpath)
19:35:04,460 INFO  [SeleniumBrowser] (_parseElementOnXpath) -> //input[@id='account'] is used
19:35:04,461 INFO  [SeleniumBrowser] EXIT --> (_parseElementOnXpath)
19:35:04,461 INFO  [SeleniumBrowser] EXIT --> (_getByLocator)
19:35:04,483 INFO  [SeleniumBrowser] ENTER --> (_waitForElement) --> Waiting for element: null
19:35:04,484 INFO  [SeleniumBrowser] ENTER --> (waitForElement)
19:35:04,489 INFO  [SeleniumBrowser] ENTER --> (_getByLocator)
19:35:04,490 INFO  [SeleniumBrowser] (_getByLocator) -> Getting locator for null
19:35:04,490 INFO  [SeleniumBrowser] (_getByLocator) -> Locator info found for XPATH attribute as: //input[@id='account']
19:35:04,490 INFO  [SeleniumBrowser] ENTER --> (_parseElementOnXpath)
19:35:04,491 INFO  [SeleniumBrowser] (_parseElementOnXpath) -> //input[@id='account'] is used
19:35:04,491 INFO  [SeleniumBrowser] EXIT --> (_parseElementOnXpath)
19:35:04,491 INFO  [SeleniumBrowser] EXIT --> (_getByLocator)
19:35:04,521 INFO  [SeleniumBrowser] ENTER --> (_getByLocator)
19:35:04,521 INFO  [SeleniumBrowser] (_getByLocator) -> Getting locator for null
19:35:04,521 INFO  [SeleniumBrowser] (_getByLocator) -> Locator info found for XPATH attribute as: //input[@id='account']
19:35:04,521 INFO  [SeleniumBrowser] ENTER --> (_parseElementOnXpath)
19:35:04,521 INFO  [SeleniumBrowser] (_parseElementOnXpath) -> //input[@id='account'] is used
19:35:04,522 INFO  [SeleniumBrowser] EXIT --> (_parseElementOnXpath)
19:35:04,522 INFO  [SeleniumBrowser] EXIT --> (_getByLocator)
19:35:04,575 INFO  [SeleniumBrowser] (waitForElement) -> element wait eligibility found: true
19:35:04,576 INFO  [SeleniumBrowser] ENTER --> (_waitForJStoLoad)
19:35:04,622 INFO  [SeleniumBrowser] EXIT --> (_waitForJStoLoad) --> DOM load wait done: true
19:35:04,623 INFO  [SeleniumBrowser] (waitForElement) -> element wait eligibility set: true
19:35:04,623 INFO  [SeleniumBrowser] EXIT --> (waitForElement)
19:35:04,623 INFO  [SeleniumBrowser] EXIT --> (_waitForElement)
19:35:04,631 INFO  [SeleniumBrowser] ENTER --> (_getByLocator)
19:35:04,632 INFO  [SeleniumBrowser] (_getByLocator) -> Getting locator for null
19:35:04,632 INFO  [SeleniumBrowser] (_getByLocator) -> Locator info found for XPATH attribute as: //input[@id='account']
19:35:04,632 INFO  [SeleniumBrowser] ENTER --> (_parseElementOnXpath)
19:35:04,632 INFO  [SeleniumBrowser] (_parseElementOnXpath) -> //input[@id='account'] is used
19:35:04,633 INFO  [SeleniumBrowser] EXIT --> (_parseElementOnXpath)
19:35:04,633 INFO  [SeleniumBrowser] EXIT --> (_getByLocator)
19:35:04,655 INFO  [SeleniumBrowser] ENTER --> (_waitForElement) --> Waiting for element: null
19:35:04,656 INFO  [SeleniumBrowser] ENTER --> (waitForElement)
19:35:04,668 INFO  [SeleniumBrowser] ENTER --> (_getByLocator)
19:35:04,668 INFO  [SeleniumBrowser] (_getByLocator) -> Getting locator for null
19:35:04,668 INFO  [SeleniumBrowser] (_getByLocator) -> Locator info found for XPATH attribute as: //input[@id='password']
19:35:04,668 INFO  [SeleniumBrowser] ENTER --> (_parseElementOnXpath)
19:35:04,669 INFO  [SeleniumBrowser] (_parseElementOnXpath) -> //input[@id='password'] is used
19:35:04,669 INFO  [SeleniumBrowser] EXIT --> (_parseElementOnXpath)
19:35:04,669 INFO  [SeleniumBrowser] EXIT --> (_getByLocator)
19:35:04,687 INFO  [SeleniumBrowser] ENTER --> (_getByLocator)
19:35:04,687 INFO  [SeleniumBrowser] (_getByLocator) -> Getting locator for null
19:35:04,687 INFO  [SeleniumBrowser] (_getByLocator) -> Locator info found for XPATH attribute as: //input[@id='password']
19:35:04,687 INFO  [SeleniumBrowser] ENTER --> (_parseElementOnXpath)
19:35:04,688 INFO  [SeleniumBrowser] (_parseElementOnXpath) -> //input[@id='password'] is used
19:35:04,688 INFO  [SeleniumBrowser] EXIT --> (_parseElementOnXpath)
19:35:04,688 INFO  [SeleniumBrowser] EXIT --> (_getByLocator)
19:35:04,720 INFO  [SeleniumBrowser] (waitForElement) -> element wait eligibility found: true
19:35:04,720 INFO  [SeleniumBrowser] ENTER --> (_waitForJStoLoad)
19:35:04,755 INFO  [SeleniumBrowser] EXIT --> (_waitForJStoLoad) --> DOM load wait done: true
19:35:04,755 INFO  [SeleniumBrowser] (waitForElement) -> element wait eligibility set: true
19:35:04,755 INFO  [SeleniumBrowser] EXIT --> (waitForElement)
19:35:04,755 INFO  [SeleniumBrowser] EXIT --> (_waitForElement)
19:35:04,756 INFO  [SeleniumBrowser] ENTER --> (_waitForElement) --> Waiting for element: null
19:35:04,756 INFO  [SeleniumBrowser] ENTER --> (waitForElement)
19:35:04,761 INFO  [SeleniumBrowser] ENTER --> (_getByLocator)
19:35:04,761 INFO  [SeleniumBrowser] (_getByLocator) -> Getting locator for null
19:35:04,761 INFO  [SeleniumBrowser] (_getByLocator) -> Locator info found for XPATH attribute as: //input[@id='password']
19:35:04,761 INFO  [SeleniumBrowser] ENTER --> (_parseElementOnXpath)
19:35:04,761 INFO  [SeleniumBrowser] (_parseElementOnXpath) -> //input[@id='password'] is used
19:35:04,761 INFO  [SeleniumBrowser] EXIT --> (_parseElementOnXpath)
19:35:04,762 INFO  [SeleniumBrowser] EXIT --> (_getByLocator)
19:35:04,786 INFO  [SeleniumBrowser] ENTER --> (_getByLocator)
19:35:04,787 INFO  [SeleniumBrowser] (_getByLocator) -> Getting locator for null
19:35:04,787 INFO  [SeleniumBrowser] (_getByLocator) -> Locator info found for XPATH attribute as: //input[@id='password']
19:35:04,787 INFO  [SeleniumBrowser] ENTER --> (_parseElementOnXpath)
19:35:04,787 INFO  [SeleniumBrowser] (_parseElementOnXpath) -> //input[@id='password'] is used
19:35:04,788 INFO  [SeleniumBrowser] EXIT --> (_parseElementOnXpath)
19:35:04,788 INFO  [SeleniumBrowser] EXIT --> (_getByLocator)
19:35:04,824 INFO  [SeleniumBrowser] (waitForElement) -> element wait eligibility found: true
19:35:04,824 INFO  [SeleniumBrowser] ENTER --> (_waitForJStoLoad)
19:35:04,849 INFO  [SeleniumBrowser] EXIT --> (_waitForJStoLoad) --> DOM load wait done: true
19:35:04,849 INFO  [SeleniumBrowser] (waitForElement) -> element wait eligibility set: true
19:35:04,849 INFO  [SeleniumBrowser] EXIT --> (waitForElement)
19:35:04,850 INFO  [SeleniumBrowser] EXIT --> (_waitForElement)
19:35:04,850 INFO  [SeleniumBrowser] ENTER --> (_waitForElement) --> Waiting for element: null
19:35:04,850 INFO  [SeleniumBrowser] ENTER --> (waitForElement)
19:35:04,857 INFO  [SeleniumBrowser] ENTER --> (_getByLocator)
19:35:04,857 INFO  [SeleniumBrowser] (_getByLocator) -> Getting locator for null
19:35:04,858 INFO  [SeleniumBrowser] (_getByLocator) -> Locator info found for XPATH attribute as: //input[@id='password']
19:35:04,858 INFO  [SeleniumBrowser] ENTER --> (_parseElementOnXpath)
19:35:04,858 INFO  [SeleniumBrowser] (_parseElementOnXpath) -> //input[@id='password'] is used
19:35:04,858 INFO  [SeleniumBrowser] EXIT --> (_parseElementOnXpath)
19:35:04,858 INFO  [SeleniumBrowser] EXIT --> (_getByLocator)
19:35:04,926 INFO  [SeleniumBrowser] ENTER --> (_getByLocator)
19:35:04,927 INFO  [SeleniumBrowser] (_getByLocator) -> Getting locator for null
19:35:04,927 INFO  [SeleniumBrowser] (_getByLocator) -> Locator info found for XPATH attribute as: //input[@id='password']
19:35:04,928 INFO  [SeleniumBrowser] ENTER --> (_parseElementOnXpath)
19:35:04,929 INFO  [SeleniumBrowser] (_parseElementOnXpath) -> //input[@id='password'] is used
19:35:04,929 INFO  [SeleniumBrowser] EXIT --> (_parseElementOnXpath)
19:35:04,930 INFO  [SeleniumBrowser] EXIT --> (_getByLocator)
19:35:05,010 INFO  [SeleniumBrowser] (waitForElement) -> element wait eligibility found: true
19:35:05,010 INFO  [SeleniumBrowser] ENTER --> (_waitForJStoLoad)
19:35:05,042 INFO  [SeleniumBrowser] EXIT --> (_waitForJStoLoad) --> DOM load wait done: true
19:35:05,042 INFO  [SeleniumBrowser] (waitForElement) -> element wait eligibility set: true
19:35:05,043 INFO  [SeleniumBrowser] EXIT --> (waitForElement)
19:35:05,043 INFO  [SeleniumBrowser] EXIT --> (_waitForElement)
19:35:05,043 INFO  [SeleniumBrowser] ENTER --> (_waitForElement) --> Waiting for element: null
19:35:05,043 INFO  [SeleniumBrowser] ENTER --> (waitForElement)
19:35:05,048 INFO  [SeleniumBrowser] ENTER --> (_getByLocator)
19:35:05,048 INFO  [SeleniumBrowser] (_getByLocator) -> Getting locator for null
19:35:05,049 INFO  [SeleniumBrowser] (_getByLocator) -> Locator info found for XPATH attribute as: //input[@id='password']
19:35:05,049 INFO  [SeleniumBrowser] ENTER --> (_parseElementOnXpath)
19:35:05,049 INFO  [SeleniumBrowser] (_parseElementOnXpath) -> //input[@id='password'] is used
19:35:05,049 INFO  [SeleniumBrowser] EXIT --> (_parseElementOnXpath)
19:35:05,049 INFO  [SeleniumBrowser] EXIT --> (_getByLocator)
19:35:05,068 INFO  [SeleniumBrowser] ENTER --> (_getByLocator)
19:35:05,068 INFO  [SeleniumBrowser] (_getByLocator) -> Getting locator for null
19:35:05,068 INFO  [SeleniumBrowser] (_getByLocator) -> Locator info found for XPATH attribute as: //input[@id='password']
19:35:05,068 INFO  [SeleniumBrowser] ENTER --> (_parseElementOnXpath)
19:35:05,069 INFO  [SeleniumBrowser] (_parseElementOnXpath) -> //input[@id='password'] is used
19:35:05,069 INFO  [SeleniumBrowser] EXIT --> (_parseElementOnXpath)
19:35:05,069 INFO  [SeleniumBrowser] EXIT --> (_getByLocator)
19:35:05,106 INFO  [SeleniumBrowser] (waitForElement) -> element wait eligibility found: true
19:35:05,106 INFO  [SeleniumBrowser] ENTER --> (_waitForJStoLoad)
19:35:05,131 INFO  [SeleniumBrowser] EXIT --> (_waitForJStoLoad) --> DOM load wait done: true
19:35:05,131 INFO  [SeleniumBrowser] (waitForElement) -> element wait eligibility set: true
19:35:05,131 INFO  [SeleniumBrowser] EXIT --> (waitForElement)
19:35:05,131 INFO  [SeleniumBrowser] EXIT --> (_waitForElement)
19:35:05,138 INFO  [SeleniumBrowser] ENTER --> (_getByLocator)
19:35:05,139 INFO  [SeleniumBrowser] (_getByLocator) -> Getting locator for null
19:35:05,139 INFO  [SeleniumBrowser] (_getByLocator) -> Locator info found for XPATH attribute as: //input[@id='password']
19:35:05,139 INFO  [SeleniumBrowser] ENTER --> (_parseElementOnXpath)
19:35:05,139 INFO  [SeleniumBrowser] (_parseElementOnXpath) -> //input[@id='password'] is used
19:35:05,139 INFO  [SeleniumBrowser] EXIT --> (_parseElementOnXpath)
19:35:05,139 INFO  [SeleniumBrowser] EXIT --> (_getByLocator)
19:35:05,187 INFO  [SeleniumBrowser] ENTER --> (_getByLocator)
19:35:05,187 INFO  [SeleniumBrowser] (_getByLocator) -> Getting locator for null
19:35:05,187 INFO  [SeleniumBrowser] (_getByLocator) -> Locator info found for XPATH attribute as: //input[@id='password']
19:35:05,187 INFO  [SeleniumBrowser] ENTER --> (_parseElementOnXpath)
19:35:05,188 INFO  [SeleniumBrowser] (_parseElementOnXpath) -> //input[@id='password'] is used
19:35:05,188 INFO  [SeleniumBrowser] EXIT --> (_parseElementOnXpath)
19:35:05,188 INFO  [SeleniumBrowser] EXIT --> (_getByLocator)
19:35:05,275 INFO  [SeleniumBrowser] ENTER --> (_getByLocator)
19:35:05,275 INFO  [SeleniumBrowser] (_getByLocator) -> Getting locator for null
19:35:05,275 INFO  [SeleniumBrowser] (_getByLocator) -> Locator info found for XPATH attribute as: //input[@id='password']
19:35:05,276 INFO  [SeleniumBrowser] ENTER --> (_parseElementOnXpath)
19:35:05,276 INFO  [SeleniumBrowser] (_parseElementOnXpath) -> //input[@id='password'] is used
19:35:05,276 INFO  [SeleniumBrowser] EXIT --> (_parseElementOnXpath)
19:35:05,276 INFO  [SeleniumBrowser] EXIT --> (_getByLocator)
19:35:05,348 INFO  [SeleniumBrowser] ENTER --> (_waitForElement) --> Waiting for element: null
19:35:05,348 INFO  [SeleniumBrowser] ENTER --> (waitForElement)
19:35:05,356 INFO  [SeleniumBrowser] ENTER --> (_getByLocator)
19:35:05,357 INFO  [SeleniumBrowser] (_getByLocator) -> Getting locator for null
19:35:05,357 INFO  [SeleniumBrowser] (_getByLocator) -> Locator info found for XPATH attribute as: //input[@id='password']
19:35:05,357 INFO  [SeleniumBrowser] ENTER --> (_parseElementOnXpath)
19:35:05,357 INFO  [SeleniumBrowser] (_parseElementOnXpath) -> //input[@id='password'] is used
19:35:05,357 INFO  [SeleniumBrowser] EXIT --> (_parseElementOnXpath)
19:35:05,357 INFO  [SeleniumBrowser] EXIT --> (_getByLocator)
19:35:05,385 INFO  [SeleniumBrowser] ENTER --> (_getByLocator)
19:35:05,386 INFO  [SeleniumBrowser] (_getByLocator) -> Getting locator for null
19:35:05,386 INFO  [SeleniumBrowser] (_getByLocator) -> Locator info found for XPATH attribute as: //input[@id='password']
19:35:05,386 INFO  [SeleniumBrowser] ENTER --> (_parseElementOnXpath)
19:35:05,386 INFO  [SeleniumBrowser] (_parseElementOnXpath) -> //input[@id='password'] is used
19:35:05,386 INFO  [SeleniumBrowser] EXIT --> (_parseElementOnXpath)
19:35:05,386 INFO  [SeleniumBrowser] EXIT --> (_getByLocator)
19:35:05,419 INFO  [SeleniumBrowser] (waitForElement) -> element wait eligibility found: true
19:35:05,420 INFO  [SeleniumBrowser] ENTER --> (_waitForJStoLoad)
19:35:05,454 INFO  [SeleniumBrowser] EXIT --> (_waitForJStoLoad) --> DOM load wait done: true
19:35:05,454 INFO  [SeleniumBrowser] (waitForElement) -> element wait eligibility set: true
19:35:05,454 INFO  [SeleniumBrowser] EXIT --> (waitForElement)
19:35:05,454 INFO  [SeleniumBrowser] EXIT --> (_waitForElement)
19:35:05,463 INFO  [SeleniumBrowser] ENTER --> (_getByLocator)
19:35:05,464 INFO  [SeleniumBrowser] (_getByLocator) -> Getting locator for null
19:35:05,464 INFO  [SeleniumBrowser] (_getByLocator) -> Locator info found for XPATH attribute as: //input[@id='password']
19:35:05,464 INFO  [SeleniumBrowser] ENTER --> (_parseElementOnXpath)
19:35:05,464 INFO  [SeleniumBrowser] (_parseElementOnXpath) -> //input[@id='password'] is used
19:35:05,464 INFO  [SeleniumBrowser] EXIT --> (_parseElementOnXpath)
19:35:05,465 INFO  [SeleniumBrowser] EXIT --> (_getByLocator)
19:35:05,481 INFO  [SeleniumBrowser] ENTER --> (_waitForElement) --> Waiting for element: null
19:35:05,482 INFO  [SeleniumBrowser] ENTER --> (waitForElement)
19:35:05,488 INFO  [SeleniumBrowser] ENTER --> (_getByLocator)
19:35:05,488 INFO  [SeleniumBrowser] (_getByLocator) -> Getting locator for null
19:35:05,488 INFO  [SeleniumBrowser] (_getByLocator) -> Locator info found for XPATH attribute as: //input[@id='password']
19:35:05,488 INFO  [SeleniumBrowser] ENTER --> (_parseElementOnXpath)
19:35:05,489 INFO  [SeleniumBrowser] (_parseElementOnXpath) -> //input[@id='password'] is used
19:35:05,489 INFO  [SeleniumBrowser] EXIT --> (_parseElementOnXpath)
19:35:05,489 INFO  [SeleniumBrowser] EXIT --> (_getByLocator)
19:35:05,512 INFO  [SeleniumBrowser] ENTER --> (_getByLocator)
19:35:05,512 INFO  [SeleniumBrowser] (_getByLocator) -> Getting locator for null
19:35:05,512 INFO  [SeleniumBrowser] (_getByLocator) -> Locator info found for XPATH attribute as: //input[@id='password']
19:35:05,512 INFO  [SeleniumBrowser] ENTER --> (_parseElementOnXpath)
19:35:05,512 INFO  [SeleniumBrowser] (_parseElementOnXpath) -> //input[@id='password'] is used
19:35:05,513 INFO  [SeleniumBrowser] EXIT --> (_parseElementOnXpath)
19:35:05,513 INFO  [SeleniumBrowser] EXIT --> (_getByLocator)
19:35:05,556 INFO  [SeleniumBrowser] (waitForElement) -> element wait eligibility found: true
19:35:05,556 INFO  [SeleniumBrowser] ENTER --> (_waitForJStoLoad)
19:35:05,591 INFO  [SeleniumBrowser] EXIT --> (_waitForJStoLoad) --> DOM load wait done: true
19:35:05,591 INFO  [SeleniumBrowser] (waitForElement) -> element wait eligibility set: true
19:35:05,591 INFO  [SeleniumBrowser] EXIT --> (waitForElement)
19:35:05,592 INFO  [SeleniumBrowser] EXIT --> (_waitForElement)
19:35:05,600 INFO  [SeleniumBrowser] ENTER --> (_getByLocator)
19:35:05,601 INFO  [SeleniumBrowser] (_getByLocator) -> Getting locator for null
19:35:05,601 INFO  [SeleniumBrowser] (_getByLocator) -> Locator info found for XPATH attribute as: //input[@id='password']
19:35:05,601 INFO  [SeleniumBrowser] ENTER --> (_parseElementOnXpath)
19:35:05,601 INFO  [SeleniumBrowser] (_parseElementOnXpath) -> //input[@id='password'] is used
19:35:05,601 INFO  [SeleniumBrowser] EXIT --> (_parseElementOnXpath)
19:35:05,601 INFO  [SeleniumBrowser] EXIT --> (_getByLocator)
19:35:05,623 INFO  [SeleniumBrowser] ENTER --> (clickLinkText)
19:35:05,623 INFO  [SeleniumBrowser] ENTER --> (_waitForElement) --> Waiting for element: null
19:35:05,623 INFO  [SeleniumBrowser] ENTER --> (waitForElement)
19:35:05,633 INFO  [SeleniumBrowser] ENTER --> (_getByLocator)
19:35:05,633 INFO  [SeleniumBrowser] (_getByLocator) -> Getting locator for null
19:35:05,633 INFO  [SeleniumBrowser] (_getByLocator) -> Locator info found for XPATH attribute as: //button[contains(@class,'ui-btn is-secondary has-busy is-auto is-island')]
19:35:05,633 INFO  [SeleniumBrowser] ENTER --> (_parseElementOnXpath)
19:35:05,633 INFO  [SeleniumBrowser] (_parseElementOnXpath) -> //button[contains(@class,'ui-btn is-secondary has-busy is-auto is-island')] is used
19:35:05,634 INFO  [SeleniumBrowser] EXIT --> (_parseElementOnXpath)
19:35:05,634 INFO  [SeleniumBrowser] EXIT --> (_getByLocator)
19:35:05,663 INFO  [SeleniumBrowser] ENTER --> (_getByLocator)
19:35:05,663 INFO  [SeleniumBrowser] (_getByLocator) -> Getting locator for null
19:35:05,664 INFO  [SeleniumBrowser] (_getByLocator) -> Locator info found for XPATH attribute as: //button[contains(@class,'ui-btn is-secondary has-busy is-auto is-island')]
19:35:05,664 INFO  [SeleniumBrowser] ENTER --> (_parseElementOnXpath)
19:35:05,664 INFO  [SeleniumBrowser] (_parseElementOnXpath) -> //button[contains(@class,'ui-btn is-secondary has-busy is-auto is-island')] is used
19:35:05,665 INFO  [SeleniumBrowser] EXIT --> (_parseElementOnXpath)
19:35:05,665 INFO  [SeleniumBrowser] EXIT --> (_getByLocator)
19:35:05,717 INFO  [SeleniumBrowser] (waitForElement) -> element wait eligibility found: true
19:35:05,717 INFO  [SeleniumBrowser] ENTER --> (_waitForJStoLoad)
19:35:05,751 INFO  [SeleniumBrowser] EXIT --> (_waitForJStoLoad) --> DOM load wait done: true
19:35:05,751 INFO  [SeleniumBrowser] (waitForElement) -> element wait eligibility set: true
19:35:05,751 INFO  [SeleniumBrowser] EXIT --> (waitForElement)
19:35:05,751 INFO  [SeleniumBrowser] EXIT --> (_waitForElement)
19:35:05,758 INFO  [SeleniumBrowser] ENTER --> (_getByLocator)
19:35:05,758 INFO  [SeleniumBrowser] (_getByLocator) -> Getting locator for null
19:35:05,758 INFO  [SeleniumBrowser] (_getByLocator) -> Locator info found for XPATH attribute as: //button[contains(@class,'ui-btn is-secondary has-busy is-auto is-island')]
19:35:05,758 INFO  [SeleniumBrowser] ENTER --> (_parseElementOnXpath)
19:35:05,758 INFO  [SeleniumBrowser] (_parseElementOnXpath) -> //button[contains(@class,'ui-btn is-secondary has-busy is-auto is-island')] is used
19:35:05,759 INFO  [SeleniumBrowser] EXIT --> (_parseElementOnXpath)
19:35:05,759 INFO  [SeleniumBrowser] EXIT --> (_getByLocator)
19:35:05,769 INFO  [SeleniumBrowser] ENTER --> (_clickUsingJavaScript)
19:35:05,816 INFO  [SeleniumBrowser] EXIT --> (_clickUsingJavaScript)
19:35:05,816 INFO  [SeleniumBrowser] EXIT --> (clickLinkText)
19:35:05,816 INFO  [SeleniumBrowser] ENTER --> (initElements)
19:35:05,817 INFO  [SeleniumBrowser] (initElements) -> ID set to field: 
19:35:05,817 INFO  [SeleniumBrowser] (initElements) -> Name set to field: 
19:35:05,817 INFO  [SeleniumBrowser] (initElements) -> CSS set to field: 
19:35:05,817 INFO  [SeleniumBrowser] (initElements) -> XPath set to field: //div[@class = 'item-content']/a
19:35:05,817 INFO  [SeleniumBrowser] (initElements) -> ID set to field: 
19:35:05,818 INFO  [SeleniumBrowser] (initElements) -> Name set to field: 
19:35:05,818 INFO  [SeleniumBrowser] (initElements) -> CSS set to field: 
19:35:05,818 INFO  [SeleniumBrowser] (initElements) -> XPath set to field: //a[contains(@href,'/users/logout')]
19:35:05,818 INFO  [SeleniumBrowser] (initElements) -> ID set to field: 
19:35:05,818 INFO  [SeleniumBrowser] (initElements) -> Name set to field: 
19:35:05,818 INFO  [SeleniumBrowser] (initElements) -> CSS set to field: 
19:35:05,818 INFO  [SeleniumBrowser] (initElements) -> XPath set to field: //h3[@class = 'is-section']/span
19:35:05,819 INFO  [SeleniumBrowser] (initElements) -> ID set to field: 
19:35:05,819 INFO  [SeleniumBrowser] (initElements) -> Name set to field: 
19:35:05,819 INFO  [SeleniumBrowser] (initElements) -> CSS set to field: 
19:35:05,819 INFO  [SeleniumBrowser] (initElements) -> XPath set to field: //a[text() = 'English']
19:35:05,819 INFO  [SeleniumBrowser] (initElements) -> ID set to field: 
19:35:05,819 INFO  [SeleniumBrowser] (initElements) -> Name set to field: 
19:35:05,820 INFO  [SeleniumBrowser] (initElements) -> CSS set to field: 
19:35:05,820 INFO  [SeleniumBrowser] (initElements) -> XPath set to field: //a[contains(@href,'/post-ad')]
19:35:05,820 INFO  [SeleniumBrowser] (initElements) -> ID set to field: 
19:35:05,820 INFO  [SeleniumBrowser] (initElements) -> Name set to field: 
19:35:05,820 INFO  [SeleniumBrowser] (initElements) -> CSS set to field: 
19:35:05,820 INFO  [SeleniumBrowser] (initElements) -> XPath set to field: //a[contains(@href,'/post-ad/category?type=for_sale')]
19:35:05,820 INFO  [SeleniumBrowser] (initElements) -> ID set to field: 
19:35:05,820 INFO  [SeleniumBrowser] (initElements) -> Name set to field: 
19:35:05,821 INFO  [SeleniumBrowser] (initElements) -> CSS set to field: 
19:35:05,821 INFO  [SeleniumBrowser] (initElements) -> XPath set to field: //a[contains(@href,'/bn/my/settings')]
19:35:05,821 INFO  [SeleniumBrowser] EXIT --> (initElements)
19:35:05,821 INFO  [ValidateFlowForAdPostFunctionality] (tc_LoginAfterSignUp) -> Login To The Application With SignUp Credentials
19:35:08,141 INFO  [SeleniumBrowser] ENTER --> (_waitForElement) --> Waiting for element: null
19:35:08,141 INFO  [SeleniumBrowser] ENTER --> (waitForElement)
19:35:08,151 INFO  [SeleniumBrowser] ENTER --> (_getByLocator)
19:35:08,151 INFO  [SeleniumBrowser] (_getByLocator) -> Getting locator for null
19:35:08,151 INFO  [SeleniumBrowser] (_getByLocator) -> Locator info found for XPATH attribute as: //a[text() = 'English']
19:35:08,152 INFO  [SeleniumBrowser] ENTER --> (_parseElementOnXpath)
19:35:08,152 INFO  [SeleniumBrowser] (_parseElementOnXpath) -> //a[text() = 'English'] is used
19:35:08,152 INFO  [SeleniumBrowser] EXIT --> (_parseElementOnXpath)
19:35:08,152 INFO  [SeleniumBrowser] EXIT --> (_getByLocator)
19:35:08,174 INFO  [SeleniumBrowser] ENTER --> (_getByLocator)
19:35:08,174 INFO  [SeleniumBrowser] (_getByLocator) -> Getting locator for null
19:35:08,174 INFO  [SeleniumBrowser] (_getByLocator) -> Locator info found for XPATH attribute as: //a[text() = 'English']
19:35:08,175 INFO  [SeleniumBrowser] ENTER --> (_parseElementOnXpath)
19:35:08,175 INFO  [SeleniumBrowser] (_parseElementOnXpath) -> //a[text() = 'English'] is used
19:35:08,175 INFO  [SeleniumBrowser] EXIT --> (_parseElementOnXpath)
19:35:08,175 INFO  [SeleniumBrowser] EXIT --> (_getByLocator)
19:35:08,215 INFO  [SeleniumBrowser] (waitForElement) -> element wait eligibility found: true
19:35:08,216 INFO  [SeleniumBrowser] ENTER --> (_waitForJStoLoad)
19:35:08,256 INFO  [SeleniumBrowser] EXIT --> (_waitForJStoLoad) --> DOM load wait done: true
19:35:08,257 INFO  [SeleniumBrowser] (waitForElement) -> element wait eligibility set: true
19:35:08,257 INFO  [SeleniumBrowser] EXIT --> (waitForElement)
19:35:08,257 INFO  [SeleniumBrowser] EXIT --> (_waitForElement)
19:35:08,263 INFO  [SeleniumBrowser] ENTER --> (_getByLocator)
19:35:08,264 INFO  [SeleniumBrowser] (_getByLocator) -> Getting locator for null
19:35:08,264 INFO  [SeleniumBrowser] (_getByLocator) -> Locator info found for XPATH attribute as: //a[text() = 'English']
19:35:08,264 INFO  [SeleniumBrowser] ENTER --> (_parseElementOnXpath)
19:35:08,264 INFO  [SeleniumBrowser] (_parseElementOnXpath) -> //a[text() = 'English'] is used
19:35:08,264 INFO  [SeleniumBrowser] EXIT --> (_parseElementOnXpath)
19:35:08,264 INFO  [SeleniumBrowser] EXIT --> (_getByLocator)
19:35:09,632 INFO  [SeleniumBrowser] ENTER --> (initElements)
19:35:09,632 INFO  [SeleniumBrowser] (initElements) -> ID set to field: 
19:35:09,633 INFO  [SeleniumBrowser] (initElements) -> Name set to field: 
19:35:09,633 INFO  [SeleniumBrowser] (initElements) -> CSS set to field: 
19:35:09,634 INFO  [SeleniumBrowser] (initElements) -> XPath set to field: //div[@class = 'item-content']/a
19:35:09,634 INFO  [SeleniumBrowser] (initElements) -> ID set to field: 
19:35:09,634 INFO  [SeleniumBrowser] (initElements) -> Name set to field: 
19:35:09,635 INFO  [SeleniumBrowser] (initElements) -> CSS set to field: 
19:35:09,635 INFO  [SeleniumBrowser] (initElements) -> XPath set to field: //a[contains(@href,'/users/logout')]
19:35:09,636 INFO  [SeleniumBrowser] (initElements) -> ID set to field: 
19:35:09,636 INFO  [SeleniumBrowser] (initElements) -> Name set to field: 
19:35:09,637 INFO  [SeleniumBrowser] (initElements) -> CSS set to field: 
19:35:09,637 INFO  [SeleniumBrowser] (initElements) -> XPath set to field: //h3[@class = 'is-section']/span
19:35:09,637 INFO  [SeleniumBrowser] (initElements) -> ID set to field: 
19:35:09,637 INFO  [SeleniumBrowser] (initElements) -> Name set to field: 
19:35:09,637 INFO  [SeleniumBrowser] (initElements) -> CSS set to field: 
19:35:09,637 INFO  [SeleniumBrowser] (initElements) -> XPath set to field: //a[text() = 'English']
19:35:09,637 INFO  [SeleniumBrowser] (initElements) -> ID set to field: 
19:35:09,638 INFO  [SeleniumBrowser] (initElements) -> Name set to field: 
19:35:09,638 INFO  [SeleniumBrowser] (initElements) -> CSS set to field: 
19:35:09,638 INFO  [SeleniumBrowser] (initElements) -> XPath set to field: //a[contains(@href,'/post-ad')]
19:35:09,638 INFO  [SeleniumBrowser] (initElements) -> ID set to field: 
19:35:09,638 INFO  [SeleniumBrowser] (initElements) -> Name set to field: 
19:35:09,638 INFO  [SeleniumBrowser] (initElements) -> CSS set to field: 
19:35:09,638 INFO  [SeleniumBrowser] (initElements) -> XPath set to field: //a[contains(@href,'/post-ad/category?type=for_sale')]
19:35:09,639 INFO  [SeleniumBrowser] (initElements) -> ID set to field: 
19:35:09,639 INFO  [SeleniumBrowser] (initElements) -> Name set to field: 
19:35:09,639 INFO  [SeleniumBrowser] (initElements) -> CSS set to field: 
19:35:09,639 INFO  [SeleniumBrowser] (initElements) -> XPath set to field: //a[contains(@href,'/bn/my/settings')]
19:35:09,639 INFO  [SeleniumBrowser] EXIT --> (initElements)
19:35:09,639 INFO  [ValidateFlowForAdPostFunctionality] (tc_ValidateFlowForAdPostFunctionalityWithLogin) -> Set To English Language Mode
19:35:09,640 INFO  [SeleniumBrowser] ENTER --> (_waitForElement) --> Waiting for element: null
19:35:09,640 INFO  [SeleniumBrowser] ENTER --> (waitForElement)
19:35:09,974 INFO  [SeleniumBrowser] ENTER --> (_getByLocator)
19:35:09,974 INFO  [SeleniumBrowser] (_getByLocator) -> Getting locator for null
19:35:09,975 INFO  [SeleniumBrowser] (_getByLocator) -> Locator info found for XPATH attribute as: //a[contains(@href,'/post-ad')]
19:35:09,975 INFO  [SeleniumBrowser] ENTER --> (_parseElementOnXpath)
19:35:09,975 INFO  [SeleniumBrowser] (_parseElementOnXpath) -> //a[contains(@href,'/post-ad')] is used
19:35:09,975 INFO  [SeleniumBrowser] EXIT --> (_parseElementOnXpath)
19:35:09,975 INFO  [SeleniumBrowser] EXIT --> (_getByLocator)
19:35:09,996 INFO  [SeleniumBrowser] ENTER --> (_getByLocator)
19:35:09,996 INFO  [SeleniumBrowser] (_getByLocator) -> Getting locator for null
19:35:09,996 INFO  [SeleniumBrowser] (_getByLocator) -> Locator info found for XPATH attribute as: //a[contains(@href,'/post-ad')]
19:35:09,996 INFO  [SeleniumBrowser] ENTER --> (_parseElementOnXpath)
19:35:09,997 INFO  [SeleniumBrowser] (_parseElementOnXpath) -> //a[contains(@href,'/post-ad')] is used
19:35:09,997 INFO  [SeleniumBrowser] EXIT --> (_parseElementOnXpath)
19:35:09,997 INFO  [SeleniumBrowser] EXIT --> (_getByLocator)
19:35:10,038 INFO  [SeleniumBrowser] (waitForElement) -> element wait eligibility found: true
19:35:10,038 INFO  [SeleniumBrowser] ENTER --> (_waitForJStoLoad)
19:35:10,068 INFO  [SeleniumBrowser] EXIT --> (_waitForJStoLoad) --> DOM load wait done: true
19:35:10,068 INFO  [SeleniumBrowser] (waitForElement) -> element wait eligibility set: true
19:35:10,068 INFO  [SeleniumBrowser] EXIT --> (waitForElement)
19:35:10,068 INFO  [SeleniumBrowser] EXIT --> (_waitForElement)
19:35:10,073 INFO  [SeleniumBrowser] ENTER --> (_getByLocator)
19:35:10,073 INFO  [SeleniumBrowser] (_getByLocator) -> Getting locator for null
19:35:10,073 INFO  [SeleniumBrowser] (_getByLocator) -> Locator info found for XPATH attribute as: //a[contains(@href,'/post-ad')]
19:35:10,073 INFO  [SeleniumBrowser] ENTER --> (_parseElementOnXpath)
19:35:10,073 INFO  [SeleniumBrowser] (_parseElementOnXpath) -> //a[contains(@href,'/post-ad')] is used
19:35:10,074 INFO  [SeleniumBrowser] EXIT --> (_parseElementOnXpath)
19:35:10,074 INFO  [SeleniumBrowser] EXIT --> (_getByLocator)
19:35:11,688 INFO  [SeleniumBrowser] ENTER --> (initElements)
19:35:11,688 INFO  [SeleniumBrowser] (initElements) -> ID set to field: 
19:35:11,688 INFO  [SeleniumBrowser] (initElements) -> Name set to field: 
19:35:11,688 INFO  [SeleniumBrowser] (initElements) -> CSS set to field: 
19:35:11,689 INFO  [SeleniumBrowser] (initElements) -> XPath set to field: //div[@class = 'item-content']/a
19:35:11,689 INFO  [SeleniumBrowser] (initElements) -> ID set to field: 
19:35:11,689 INFO  [SeleniumBrowser] (initElements) -> Name set to field: 
19:35:11,689 INFO  [SeleniumBrowser] (initElements) -> CSS set to field: 
19:35:11,689 INFO  [SeleniumBrowser] (initElements) -> XPath set to field: //a[contains(@href,'/users/logout')]
19:35:11,689 INFO  [SeleniumBrowser] (initElements) -> ID set to field: 
19:35:11,689 INFO  [SeleniumBrowser] (initElements) -> Name set to field: 
19:35:11,689 INFO  [SeleniumBrowser] (initElements) -> CSS set to field: 
19:35:11,689 INFO  [SeleniumBrowser] (initElements) -> XPath set to field: //h3[@class = 'is-section']/span
19:35:11,690 INFO  [SeleniumBrowser] (initElements) -> ID set to field: 
19:35:11,690 INFO  [SeleniumBrowser] (initElements) -> Name set to field: 
19:35:11,690 INFO  [SeleniumBrowser] (initElements) -> CSS set to field: 
19:35:11,690 INFO  [SeleniumBrowser] (initElements) -> XPath set to field: //a[text() = 'English']
19:35:11,690 INFO  [SeleniumBrowser] (initElements) -> ID set to field: 
19:35:11,690 INFO  [SeleniumBrowser] (initElements) -> Name set to field: 
19:35:11,690 INFO  [SeleniumBrowser] (initElements) -> CSS set to field: 
19:35:11,691 INFO  [SeleniumBrowser] (initElements) -> XPath set to field: //a[contains(@href,'/post-ad')]
19:35:11,691 INFO  [SeleniumBrowser] (initElements) -> ID set to field: 
19:35:11,691 INFO  [SeleniumBrowser] (initElements) -> Name set to field: 
19:35:11,691 INFO  [SeleniumBrowser] (initElements) -> CSS set to field: 
19:35:11,691 INFO  [SeleniumBrowser] (initElements) -> XPath set to field: //a[contains(@href,'/post-ad/category?type=for_sale')]
19:35:11,691 INFO  [SeleniumBrowser] (initElements) -> ID set to field: 
19:35:11,691 INFO  [SeleniumBrowser] (initElements) -> Name set to field: 
19:35:11,691 INFO  [SeleniumBrowser] (initElements) -> CSS set to field: 
19:35:11,692 INFO  [SeleniumBrowser] (initElements) -> XPath set to field: //a[contains(@href,'/bn/my/settings')]
19:35:11,692 INFO  [SeleniumBrowser] EXIT --> (initElements)
19:35:11,692 INFO  [ValidateFlowForAdPostFunctionality] (tc_ValidateFlowForAdPostFunctionalityWithLogin) -> Click On Available Post Ad Link
19:35:11,692 INFO  [SeleniumBrowser] ENTER --> (_waitForElement) --> Waiting for element: null
19:35:11,692 INFO  [SeleniumBrowser] ENTER --> (waitForElement)
19:35:12,005 INFO  [SeleniumBrowser] ENTER --> (_getByLocator)
19:35:12,005 INFO  [SeleniumBrowser] (_getByLocator) -> Getting locator for null
19:35:12,005 INFO  [SeleniumBrowser] (_getByLocator) -> Locator info found for XPATH attribute as: //a[contains(@href,'/post-ad/category?type=for_sale')]
19:35:12,005 INFO  [SeleniumBrowser] ENTER --> (_parseElementOnXpath)
19:35:12,005 INFO  [SeleniumBrowser] (_parseElementOnXpath) -> //a[contains(@href,'/post-ad/category?type=for_sale')] is used
19:35:12,006 INFO  [SeleniumBrowser] EXIT --> (_parseElementOnXpath)
19:35:12,006 INFO  [SeleniumBrowser] EXIT --> (_getByLocator)
19:35:12,031 INFO  [SeleniumBrowser] ENTER --> (_getByLocator)
19:35:12,032 INFO  [SeleniumBrowser] (_getByLocator) -> Getting locator for null
19:35:12,032 INFO  [SeleniumBrowser] (_getByLocator) -> Locator info found for XPATH attribute as: //a[contains(@href,'/post-ad/category?type=for_sale')]
19:35:12,032 INFO  [SeleniumBrowser] ENTER --> (_parseElementOnXpath)
19:35:12,032 INFO  [SeleniumBrowser] (_parseElementOnXpath) -> //a[contains(@href,'/post-ad/category?type=for_sale')] is used
19:35:12,032 INFO  [SeleniumBrowser] EXIT --> (_parseElementOnXpath)
19:35:12,032 INFO  [SeleniumBrowser] EXIT --> (_getByLocator)
19:35:12,069 INFO  [SeleniumBrowser] (waitForElement) -> element wait eligibility found: true
19:35:12,069 INFO  [SeleniumBrowser] ENTER --> (_waitForJStoLoad)
19:35:12,108 INFO  [SeleniumBrowser] EXIT --> (_waitForJStoLoad) --> DOM load wait done: true
19:35:12,108 INFO  [SeleniumBrowser] (waitForElement) -> element wait eligibility set: true
19:35:12,108 INFO  [SeleniumBrowser] EXIT --> (waitForElement)
19:35:12,109 INFO  [SeleniumBrowser] EXIT --> (_waitForElement)
19:35:12,113 INFO  [SeleniumBrowser] ENTER --> (_getByLocator)
19:35:12,114 INFO  [SeleniumBrowser] (_getByLocator) -> Getting locator for null
19:35:12,114 INFO  [SeleniumBrowser] (_getByLocator) -> Locator info found for XPATH attribute as: //a[contains(@href,'/post-ad/category?type=for_sale')]
19:35:12,114 INFO  [SeleniumBrowser] ENTER --> (_parseElementOnXpath)
19:35:12,114 INFO  [SeleniumBrowser] (_parseElementOnXpath) -> //a[contains(@href,'/post-ad/category?type=for_sale')] is used
19:35:12,114 INFO  [SeleniumBrowser] EXIT --> (_parseElementOnXpath)
19:35:12,114 INFO  [SeleniumBrowser] EXIT --> (_getByLocator)
19:35:13,532 INFO  [SeleniumBrowser] ENTER --> (initElements)
19:35:13,533 INFO  [SeleniumBrowser] (initElements) -> ID set to field: 
19:35:13,533 INFO  [SeleniumBrowser] (initElements) -> Name set to field: 
19:35:13,533 INFO  [SeleniumBrowser] (initElements) -> CSS set to field: 
19:35:13,533 INFO  [SeleniumBrowser] (initElements) -> XPath set to field: //a[contains(@href,'/post-ad/category?type=for_sale&category=')]//span[contains(@class,electronics)]
19:35:13,534 INFO  [SeleniumBrowser] (initElements) -> ID set to field: 
19:35:13,534 INFO  [SeleniumBrowser] (initElements) -> Name set to field: 
19:35:13,534 INFO  [SeleniumBrowser] (initElements) -> CSS set to field: 
19:35:13,535 INFO  [SeleniumBrowser] (initElements) -> XPath set to field: //a[contains(@href,'/post-ad/category?type=for_sale&category=851')]
19:35:13,535 INFO  [SeleniumBrowser] EXIT --> (initElements)
19:35:13,535 INFO  [ValidateFlowForAdPostFunctionality] (tc_ValidateFlowForAdPostFunctionalityWithLogin) -> Click On Sell An Item Or Service Link From Select Something Section
19:35:13,535 INFO  [SeleniumBrowser] ENTER --> (_waitForElement) --> Waiting for element: null
19:35:13,536 INFO  [SeleniumBrowser] ENTER --> (waitForElement)
19:35:13,859 INFO  [SeleniumBrowser] ENTER --> (_getByLocator)
19:35:13,859 INFO  [SeleniumBrowser] (_getByLocator) -> Getting locator for null
19:35:13,859 INFO  [SeleniumBrowser] (_getByLocator) -> Locator info found for XPATH attribute as: //a[contains(@href,'/post-ad/category?type=for_sale&category=')]//span[contains(@class,electronics)]
19:35:13,860 INFO  [SeleniumBrowser] ENTER --> (_parseElementOnXpath)
19:35:13,860 INFO  [SeleniumBrowser] (_parseElementOnXpath) -> //a[contains(@href,'/post-ad/category?type=for_sale&category=')]//span[contains(@class,electronics)] is used
19:35:13,860 INFO  [SeleniumBrowser] EXIT --> (_parseElementOnXpath)
19:35:13,860 INFO  [SeleniumBrowser] EXIT --> (_getByLocator)
19:35:13,890 INFO  [SeleniumBrowser] ENTER --> (_getByLocator)
19:35:13,890 INFO  [SeleniumBrowser] (_getByLocator) -> Getting locator for null
19:35:13,890 INFO  [SeleniumBrowser] (_getByLocator) -> Locator info found for XPATH attribute as: //a[contains(@href,'/post-ad/category?type=for_sale&category=')]//span[contains(@class,electronics)]
19:35:13,891 INFO  [SeleniumBrowser] ENTER --> (_parseElementOnXpath)
19:35:13,891 INFO  [SeleniumBrowser] (_parseElementOnXpath) -> //a[contains(@href,'/post-ad/category?type=for_sale&category=')]//span[contains(@class,electronics)] is used
19:35:13,891 INFO  [SeleniumBrowser] EXIT --> (_parseElementOnXpath)
19:35:13,891 INFO  [SeleniumBrowser] EXIT --> (_getByLocator)
19:35:13,945 INFO  [SeleniumBrowser] (waitForElement) -> element wait eligibility found: true
19:35:13,946 INFO  [SeleniumBrowser] ENTER --> (_waitForJStoLoad)
19:35:13,992 INFO  [SeleniumBrowser] EXIT --> (_waitForJStoLoad) --> DOM load wait done: true
19:35:13,992 INFO  [SeleniumBrowser] (waitForElement) -> element wait eligibility set: true
19:35:13,992 INFO  [SeleniumBrowser] EXIT --> (waitForElement)
19:35:13,992 INFO  [SeleniumBrowser] EXIT --> (_waitForElement)
19:35:14,000 INFO  [SeleniumBrowser] ENTER --> (_getByLocator)
19:35:14,000 INFO  [SeleniumBrowser] (_getByLocator) -> Getting locator for null
19:35:14,000 INFO  [SeleniumBrowser] (_getByLocator) -> Locator info found for XPATH attribute as: //a[contains(@href,'/post-ad/category?type=for_sale&category=')]//span[contains(@class,electronics)]
19:35:14,001 INFO  [SeleniumBrowser] ENTER --> (_parseElementOnXpath)
19:35:14,001 INFO  [SeleniumBrowser] (_parseElementOnXpath) -> //a[contains(@href,'/post-ad/category?type=for_sale&category=')]//span[contains(@class,electronics)] is used
19:35:14,001 INFO  [SeleniumBrowser] EXIT --> (_parseElementOnXpath)
19:35:14,001 INFO  [SeleniumBrowser] EXIT --> (_getByLocator)
19:35:14,095 INFO  [SeleniumBrowser] ENTER --> (initElements)
19:35:14,095 INFO  [SeleniumBrowser] (initElements) -> ID set to field: 
19:35:14,095 INFO  [SeleniumBrowser] (initElements) -> Name set to field: 
19:35:14,096 INFO  [SeleniumBrowser] (initElements) -> CSS set to field: 
19:35:14,096 INFO  [SeleniumBrowser] (initElements) -> XPath set to field: //a[contains(@href,'/post-ad/category?type=for_sale&category=')]//span[contains(@class,electronics)]
19:35:14,096 INFO  [SeleniumBrowser] (initElements) -> ID set to field: 
19:35:14,096 INFO  [SeleniumBrowser] (initElements) -> Name set to field: 
19:35:14,096 INFO  [SeleniumBrowser] (initElements) -> CSS set to field: 
19:35:14,096 INFO  [SeleniumBrowser] (initElements) -> XPath set to field: //a[contains(@href,'/post-ad/category?type=for_sale&category=851')]
19:35:14,097 INFO  [SeleniumBrowser] EXIT --> (initElements)
19:35:14,097 INFO  [ValidateFlowForAdPostFunctionality] (tc_ValidateFlowForAdPostFunctionalityWithLogin) -> Select Electronics Category From Available Links
19:35:14,106 INFO  [SeleniumBrowser] ENTER --> (_getByLocator)
19:35:14,106 INFO  [SeleniumBrowser] (_getByLocator) -> Getting locator for null
19:35:14,106 INFO  [SeleniumBrowser] (_getByLocator) -> Locator info found for XPATH attribute as: //a[contains(@href,'/post-ad/category?type=for_sale&category=851')]
19:35:14,106 INFO  [SeleniumBrowser] ENTER --> (_parseElementOnXpath)
19:35:14,106 INFO  [SeleniumBrowser] (_parseElementOnXpath) -> //a[contains(@href,'/post-ad/category?type=for_sale&category=851')] is used
19:35:14,107 INFO  [SeleniumBrowser] EXIT --> (_parseElementOnXpath)
19:35:14,107 INFO  [SeleniumBrowser] EXIT --> (_getByLocator)
19:35:14,123 INFO  [SeleniumBrowser] ENTER --> (_clickUsingJavaScript)
19:35:14,160 INFO  [SeleniumBrowser] EXIT --> (_clickUsingJavaScript)
19:35:14,160 INFO  [SeleniumBrowser] ENTER --> (initElements)
19:35:14,160 INFO  [SeleniumBrowser] (initElements) -> ID set to field: 
19:35:14,160 INFO  [SeleniumBrowser] (initElements) -> Name set to field: 
19:35:14,160 INFO  [SeleniumBrowser] (initElements) -> CSS set to field: 
19:35:14,160 INFO  [SeleniumBrowser] (initElements) -> XPath set to field: (//a[contains(@href,'/post-ad/location?type=for_sale&category=')])[2]
19:35:14,161 INFO  [SeleniumBrowser] (initElements) -> ID set to field: 
19:35:14,161 INFO  [SeleniumBrowser] (initElements) -> Name set to field: 
19:35:14,161 INFO  [SeleniumBrowser] (initElements) -> CSS set to field: 
19:35:14,161 INFO  [SeleniumBrowser] (initElements) -> XPath set to field: //select[@id = 'locations-1211']/option
19:35:14,161 INFO  [SeleniumBrowser] EXIT --> (initElements)
19:35:14,161 INFO  [ValidateFlowForAdPostFunctionality] (tc_ValidateFlowForAdPostFunctionalityWithLogin) -> Select TVs Link From Available Sub Category Section
19:35:14,161 INFO  [SeleniumBrowser] ENTER --> (_waitForElement) --> Waiting for element: null
19:35:14,161 INFO  [SeleniumBrowser] ENTER --> (waitForElement)
19:35:15,875 INFO  [SeleniumBrowser] ENTER --> (_getByLocator)
19:35:15,875 INFO  [SeleniumBrowser] (_getByLocator) -> Getting locator for null
19:35:15,875 INFO  [SeleniumBrowser] (_getByLocator) -> Locator info found for XPATH attribute as: (//a[contains(@href,'/post-ad/location?type=for_sale&category=')])[2]
19:35:15,875 INFO  [SeleniumBrowser] ENTER --> (_parseElementOnXpath)
19:35:15,875 INFO  [SeleniumBrowser] (_parseElementOnXpath) -> (//a[contains(@href,'/post-ad/location?type=for_sale&category=')])[2] is used
19:35:15,875 INFO  [SeleniumBrowser] EXIT --> (_parseElementOnXpath)
19:35:15,875 INFO  [SeleniumBrowser] EXIT --> (_getByLocator)
19:35:15,903 INFO  [SeleniumBrowser] ENTER --> (_getByLocator)
19:35:15,903 INFO  [SeleniumBrowser] (_getByLocator) -> Getting locator for null
19:35:15,903 INFO  [SeleniumBrowser] (_getByLocator) -> Locator info found for XPATH attribute as: (//a[contains(@href,'/post-ad/location?type=for_sale&category=')])[2]
19:35:15,904 INFO  [SeleniumBrowser] ENTER --> (_parseElementOnXpath)
19:35:15,904 INFO  [SeleniumBrowser] (_parseElementOnXpath) -> (//a[contains(@href,'/post-ad/location?type=for_sale&category=')])[2] is used
19:35:15,904 INFO  [SeleniumBrowser] EXIT --> (_parseElementOnXpath)
19:35:15,904 INFO  [SeleniumBrowser] EXIT --> (_getByLocator)
19:35:15,950 INFO  [SeleniumBrowser] (waitForElement) -> element wait eligibility found: true
19:35:15,950 INFO  [SeleniumBrowser] ENTER --> (_waitForJStoLoad)
19:35:15,981 INFO  [SeleniumBrowser] EXIT --> (_waitForJStoLoad) --> DOM load wait done: true
19:35:15,981 INFO  [SeleniumBrowser] (waitForElement) -> element wait eligibility set: true
19:35:15,981 INFO  [SeleniumBrowser] EXIT --> (waitForElement)
19:35:15,981 INFO  [SeleniumBrowser] EXIT --> (_waitForElement)
19:35:15,986 INFO  [SeleniumBrowser] ENTER --> (_getByLocator)
19:35:15,986 INFO  [SeleniumBrowser] (_getByLocator) -> Getting locator for null
19:35:15,986 INFO  [SeleniumBrowser] (_getByLocator) -> Locator info found for XPATH attribute as: (//a[contains(@href,'/post-ad/location?type=for_sale&category=')])[2]
19:35:15,987 INFO  [SeleniumBrowser] ENTER --> (_parseElementOnXpath)
19:35:15,987 INFO  [SeleniumBrowser] (_parseElementOnXpath) -> (//a[contains(@href,'/post-ad/location?type=for_sale&category=')])[2] is used
19:35:15,987 INFO  [SeleniumBrowser] EXIT --> (_parseElementOnXpath)
19:35:15,987 INFO  [SeleniumBrowser] EXIT --> (_getByLocator)
19:35:16,076 INFO  [SeleniumBrowser] ENTER --> (initElements)
19:35:16,076 INFO  [SeleniumBrowser] (initElements) -> ID set to field: 
19:35:16,077 INFO  [SeleniumBrowser] (initElements) -> Name set to field: 
19:35:16,077 INFO  [SeleniumBrowser] (initElements) -> CSS set to field: 
19:35:16,077 INFO  [SeleniumBrowser] (initElements) -> XPath set to field: (//a[contains(@href,'/post-ad/location?type=for_sale&category=')])[2]
19:35:16,077 INFO  [SeleniumBrowser] (initElements) -> ID set to field: 
19:35:16,077 INFO  [SeleniumBrowser] (initElements) -> Name set to field: 
19:35:16,077 INFO  [SeleniumBrowser] (initElements) -> CSS set to field: 
19:35:16,077 INFO  [SeleniumBrowser] (initElements) -> XPath set to field: //select[@id = 'locations-1211']/option
19:35:16,077 INFO  [SeleniumBrowser] EXIT --> (initElements)
19:35:16,077 INFO  [ValidateFlowForAdPostFunctionality] (tc_ValidateFlowForAdPostFunctionalityWithLogin) -> Select Dhaka From Available City Or Division Links
19:35:16,081 INFO  [DomParser] (<init>) -> Root element :testdata
19:35:16,081 INFO  [DomParser] ENTER --> (getTestDataSetNodesWithValues)
19:35:16,081 INFO  [DomParser] (getNodes) -> Nodes found with testdataset = 1
19:35:16,082 INFO  [DomParser] (getTestDataSetNodesList) -> Checking node [testdataset] at index 0
19:35:16,082 INFO  [DomParser] (getTestDataSetNodesList) -> production|bikroy -- selectCityFromDropdown -- scfdd_1.0
19:35:16,082 INFO  [DomParser] (getTestDataSetNodesWithValues) -> 3
19:35:16,082 INFO  [DomParser] (getTestDataSetNodesWithValues) -> text node found; skipping this node
19:35:16,082 INFO  [DomParser] (getTestDataSetNodesWithValues) -> city <<---->>  Badda <<---->> 1
19:35:16,082 INFO  [DomParser] (getTestDataSetNodesWithValues) -> text node found; skipping this node
19:35:16,082 INFO  [DomParser] EXIT --> (getTestDataSetNodesWithValues)
19:35:16,083 INFO  [SeleniumBrowser] ENTER --> (selectListItem)
19:35:16,083 INFO  [SeleniumBrowser] (selectListItem) -> Badda to find
19:35:16,083 INFO  [SeleniumBrowser] ENTER --> (_waitForJStoLoad)
19:35:16,126 INFO  [SeleniumBrowser] EXIT --> (_waitForJStoLoad) --> DOM load wait done: true
19:35:16,126 INFO  [SeleniumBrowser] ENTER --> (_getListItem)
19:35:16,127 INFO  [SeleniumBrowser] (_setExtendedTextToXPath) ->  value set
19:35:16,136 INFO  [SeleniumBrowser] ENTER --> (_getByLocator)
19:35:16,136 INFO  [SeleniumBrowser] (_getByLocator) -> Getting locator for null
19:35:16,137 INFO  [SeleniumBrowser] (_getByLocator) -> Locator info found for XPATH attribute as: //select[@id = 'locations-1211']/option
19:35:16,137 INFO  [SeleniumBrowser] ENTER --> (_parseElementOnXpath)
19:35:16,137 INFO  [SeleniumBrowser] (_parseElementOnXpath) -> //select[@id = 'locations-1211']/option is used
19:35:16,137 INFO  [SeleniumBrowser] EXIT --> (_parseElementOnXpath)
19:35:16,137 INFO  [SeleniumBrowser] EXIT --> (_getByLocator)
19:35:16,195 INFO  [SeleniumBrowser] (_getListItem) -> targetValue to find in listbox: "Badda"
19:35:16,211 INFO  [SeleniumBrowser] (_getListItem) -> current element text by we.getText(): ""
19:35:16,226 INFO  [SeleniumBrowser] (_getListItem) -> targetValue to find in listbox: "Badda"
19:35:16,234 INFO  [SeleniumBrowser] (_getListItem) -> current element text by we.getText(): ""
19:35:16,245 INFO  [SeleniumBrowser] (_getListItem) -> targetValue to find in listbox: "Badda"
19:35:16,251 INFO  [SeleniumBrowser] (_getListItem) -> current element text by we.getText(): ""
19:35:16,259 INFO  [SeleniumBrowser] (_getListItem) -> targetValue to find in listbox: "Badda"
19:35:16,265 INFO  [SeleniumBrowser] (_getListItem) -> current element text by we.getText(): ""
19:35:16,271 INFO  [SeleniumBrowser] (_getListItem) -> targetValue to find in listbox: "Badda"
19:35:16,278 INFO  [SeleniumBrowser] (_getListItem) -> current element text by we.getText(): ""
19:35:16,284 INFO  [SeleniumBrowser] (_getListItem) -> targetValue to find in listbox: "Badda"
19:35:16,291 INFO  [SeleniumBrowser] (_getListItem) -> current element text by we.getText(): ""
19:35:16,299 INFO  [SeleniumBrowser] (_getListItem) -> targetValue to find in listbox: "Badda"
19:35:16,305 INFO  [SeleniumBrowser] (_getListItem) -> current element text by we.getText(): ""
19:35:16,311 INFO  [SeleniumBrowser] (_getListItem) -> targetValue to find in listbox: "Badda"
19:35:16,317 INFO  [SeleniumBrowser] (_getListItem) -> current element text by we.getText(): ""
19:35:16,322 INFO  [SeleniumBrowser] (_getListItem) -> targetValue to find in listbox: "Badda"
19:35:16,331 INFO  [SeleniumBrowser] (_getListItem) -> current element text by we.getText(): ""
19:35:16,342 INFO  [SeleniumBrowser] (_getListItem) -> targetValue to find in listbox: "Badda"
19:35:16,350 INFO  [SeleniumBrowser] (_getListItem) -> current element text by we.getText(): ""
19:35:16,358 INFO  [SeleniumBrowser] (_getListItem) -> targetValue to find in listbox: "Badda"
19:35:16,365 INFO  [SeleniumBrowser] (_getListItem) -> current element text by we.getText(): ""
19:35:16,377 INFO  [SeleniumBrowser] (_getListItem) -> targetValue to find in listbox: "Badda"
19:35:16,390 INFO  [SeleniumBrowser] (_getListItem) -> current element text by we.getText(): ""
19:35:16,401 INFO  [SeleniumBrowser] (_getListItem) -> targetValue to find in listbox: "Badda"
19:35:16,409 INFO  [SeleniumBrowser] (_getListItem) -> current element text by we.getText(): ""
19:35:16,419 INFO  [SeleniumBrowser] (_getListItem) -> targetValue to find in listbox: "Badda"
19:35:16,430 INFO  [SeleniumBrowser] (_getListItem) -> current element text by we.getText(): ""
19:35:16,438 INFO  [SeleniumBrowser] (_getListItem) -> targetValue to find in listbox: "Badda"
19:35:16,445 INFO  [SeleniumBrowser] (_getListItem) -> current element text by we.getText(): ""
19:35:16,461 INFO  [SeleniumBrowser] (_getListItem) -> targetValue to find in listbox: "Badda"
19:35:16,475 INFO  [SeleniumBrowser] (_getListItem) -> current element text by we.getText(): ""
19:35:16,489 INFO  [SeleniumBrowser] (_getListItem) -> targetValue to find in listbox: "Badda"
19:35:16,503 INFO  [SeleniumBrowser] (_getListItem) -> current element text by we.getText(): ""
19:35:16,513 INFO  [SeleniumBrowser] (_getListItem) -> targetValue to find in listbox: "Badda"
19:35:16,535 INFO  [SeleniumBrowser] (_getListItem) -> current element text by we.getText(): ""
19:35:16,546 INFO  [SeleniumBrowser] (_getListItem) -> targetValue to find in listbox: "Badda"
19:35:16,553 INFO  [SeleniumBrowser] (_getListItem) -> current element text by we.getText(): ""
19:35:16,560 INFO  [SeleniumBrowser] (_getListItem) -> targetValue to find in listbox: "Badda"
19:35:16,567 INFO  [SeleniumBrowser] (_getListItem) -> current element text by we.getText(): ""
19:35:16,581 INFO  [SeleniumBrowser] (_getListItem) -> targetValue to find in listbox: "Badda"
19:35:16,589 INFO  [SeleniumBrowser] (_getListItem) -> current element text by we.getText(): ""
19:35:16,598 INFO  [SeleniumBrowser] (_getListItem) -> targetValue to find in listbox: "Badda"
19:35:16,606 INFO  [SeleniumBrowser] (_getListItem) -> current element text by we.getText(): ""
19:35:16,620 INFO  [SeleniumBrowser] (_getListItem) -> targetValue to find in listbox: "Badda"
19:35:16,628 INFO  [SeleniumBrowser] (_getListItem) -> current element text by we.getText(): ""
19:35:16,635 INFO  [SeleniumBrowser] (_getListItem) -> targetValue to find in listbox: "Badda"
19:35:16,645 INFO  [SeleniumBrowser] (_getListItem) -> current element text by we.getText(): ""
19:35:16,660 INFO  [SeleniumBrowser] (_getListItem) -> targetValue to find in listbox: "Badda"
19:35:16,667 INFO  [SeleniumBrowser] (_getListItem) -> current element text by we.getText(): ""
19:35:16,682 INFO  [SeleniumBrowser] (_getListItem) -> targetValue to find in listbox: "Badda"
19:35:16,689 INFO  [SeleniumBrowser] (_getListItem) -> current element text by we.getText(): ""
19:35:16,703 INFO  [SeleniumBrowser] (_getListItem) -> targetValue to find in listbox: "Badda"
19:35:16,709 INFO  [SeleniumBrowser] (_getListItem) -> current element text by we.getText(): ""
19:35:16,716 INFO  [SeleniumBrowser] (_getListItem) -> targetValue to find in listbox: "Badda"
19:35:16,722 INFO  [SeleniumBrowser] (_getListItem) -> current element text by we.getText(): ""
19:35:16,727 INFO  [SeleniumBrowser] (_getListItem) -> targetValue to find in listbox: "Badda"
19:35:16,739 INFO  [SeleniumBrowser] (_getListItem) -> current element text by we.getText(): ""
19:35:16,744 INFO  [SeleniumBrowser] (_getListItem) -> targetValue to find in listbox: "Badda"
19:35:16,750 INFO  [SeleniumBrowser] (_getListItem) -> current element text by we.getText(): ""
19:35:16,757 INFO  [SeleniumBrowser] (_getListItem) -> targetValue to find in listbox: "Badda"
19:35:16,762 INFO  [SeleniumBrowser] (_getListItem) -> current element text by we.getText(): ""
19:35:16,778 INFO  [SeleniumBrowser] (_getListItem) -> targetValue to find in listbox: "Badda"
19:35:16,784 INFO  [SeleniumBrowser] (_getListItem) -> current element text by we.getText(): ""
19:35:16,790 INFO  [SeleniumBrowser] (_getListItem) -> targetValue to find in listbox: "Badda"
19:35:16,795 INFO  [SeleniumBrowser] (_getListItem) -> current element text by we.getText(): ""
19:35:16,801 INFO  [SeleniumBrowser] (_getListItem) -> targetValue to find in listbox: "Badda"
19:35:16,817 INFO  [SeleniumBrowser] (_getListItem) -> current element text by we.getText(): ""
19:35:16,824 INFO  [SeleniumBrowser] (_getListItem) -> targetValue to find in listbox: "Badda"
19:35:16,829 INFO  [SeleniumBrowser] (_getListItem) -> current element text by we.getText(): ""
19:35:16,835 INFO  [SeleniumBrowser] (_getListItem) -> targetValue to find in listbox: "Badda"
19:35:16,841 INFO  [SeleniumBrowser] (_getListItem) -> current element text by we.getText(): ""
19:35:16,851 INFO  [SeleniumBrowser] (_getListItem) -> targetValue to find in listbox: "Badda"
19:35:16,859 INFO  [SeleniumBrowser] (_getListItem) -> current element text by we.getText(): ""
19:35:16,865 INFO  [SeleniumBrowser] (_getListItem) -> targetValue to find in listbox: "Badda"
19:35:16,870 INFO  [SeleniumBrowser] (_getListItem) -> current element text by we.getText(): ""
19:35:16,876 INFO  [SeleniumBrowser] (_getListItem) -> targetValue to find in listbox: "Badda"
19:35:16,882 INFO  [SeleniumBrowser] (_getListItem) -> current element text by we.getText(): ""
19:35:16,894 INFO  [SeleniumBrowser] (_getListItem) -> targetValue to find in listbox: "Badda"
19:35:16,900 INFO  [SeleniumBrowser] (_getListItem) -> current element text by we.getText(): ""
19:35:16,906 INFO  [SeleniumBrowser] (_getListItem) -> targetValue to find in listbox: "Badda"
19:35:16,911 INFO  [SeleniumBrowser] (_getListItem) -> current element text by we.getText(): ""
19:35:16,917 INFO  [SeleniumBrowser] (_getListItem) -> targetValue to find in listbox: "Badda"
19:35:16,932 INFO  [SeleniumBrowser] (_getListItem) -> current element text by we.getText(): ""
19:35:16,941 INFO  [SeleniumBrowser] (_getListItem) -> targetValue to find in listbox: "Badda"
19:35:16,948 INFO  [SeleniumBrowser] (_getListItem) -> current element text by we.getText(): ""
19:35:16,958 INFO  [SeleniumBrowser] (_getListItem) -> targetValue to find in listbox: "Badda"
19:35:16,973 INFO  [SeleniumBrowser] (_getListItem) -> current element text by we.getText(): "Other areas (A-Z)"
19:35:16,981 INFO  [SeleniumBrowser] (_getListItem) -> targetValue to find in listbox: "Badda"
19:35:16,994 INFO  [SeleniumBrowser] (_getListItem) -> current element text by we.getText(): "Badda"
19:35:17,007 INFO  [SeleniumBrowser] (_getListItem) -> targetValue found at index: 44
19:35:17,017 INFO  [SeleniumBrowser] (_getListItem) -> Badda
19:35:17,018 INFO  [SeleniumBrowser] EXIT --> (_getListItem)
19:35:17,190 INFO  [SeleniumBrowser] EXIT --> (selectListItem)
19:35:17,190 INFO  [SeleniumBrowser] ENTER --> (initElements)
19:35:17,190 INFO  [SeleniumBrowser] (initElements) -> ID set to field: name
19:35:17,190 INFO  [SeleniumBrowser] (initElements) -> Name set to field: 
19:35:17,191 INFO  [SeleniumBrowser] (initElements) -> CSS set to field: 
19:35:17,191 INFO  [SeleniumBrowser] (initElements) -> XPath set to field: 
19:35:17,191 INFO  [SeleniumBrowser] (initElements) -> ID set to field: phone0
19:35:17,191 INFO  [SeleniumBrowser] (initElements) -> Name set to field: 
19:35:17,191 INFO  [SeleniumBrowser] (initElements) -> CSS set to field: 
19:35:17,191 INFO  [SeleniumBrowser] (initElements) -> XPath set to field: 
19:35:17,191 INFO  [SeleniumBrowser] (initElements) -> ID set to field: email
19:35:17,192 INFO  [SeleniumBrowser] (initElements) -> Name set to field: 
19:35:17,192 INFO  [SeleniumBrowser] (initElements) -> CSS set to field: 
19:35:17,192 INFO  [SeleniumBrowser] (initElements) -> XPath set to field: 
19:35:17,192 INFO  [SeleniumBrowser] (initElements) -> ID set to field: 
19:35:17,192 INFO  [SeleniumBrowser] (initElements) -> Name set to field: 
19:35:17,192 INFO  [SeleniumBrowser] (initElements) -> CSS set to field: 
19:35:17,192 INFO  [SeleniumBrowser] (initElements) -> XPath set to field: //button[@name='post']
19:35:17,192 INFO  [SeleniumBrowser] (initElements) -> ID set to field: 
19:35:17,192 INFO  [SeleniumBrowser] (initElements) -> Name set to field: 
19:35:17,193 INFO  [SeleniumBrowser] (initElements) -> CSS set to field: 
19:35:17,193 INFO  [SeleniumBrowser] (initElements) -> XPath set to field: //a[contains(@href,'/my/dashboard')]
19:35:17,193 INFO  [SeleniumBrowser] (initElements) -> ID set to field: password
19:35:17,193 INFO  [SeleniumBrowser] (initElements) -> Name set to field: 
19:35:17,193 INFO  [SeleniumBrowser] (initElements) -> CSS set to field: 
19:35:17,193 INFO  [SeleniumBrowser] (initElements) -> XPath set to field: 
19:35:17,193 INFO  [SeleniumBrowser] (initElements) -> ID set to field: password-confirm
19:35:17,193 INFO  [SeleniumBrowser] (initElements) -> Name set to field: 
19:35:17,193 INFO  [SeleniumBrowser] (initElements) -> CSS set to field: 
19:35:17,194 INFO  [SeleniumBrowser] (initElements) -> XPath set to field: 
19:35:17,194 INFO  [SeleniumBrowser] (initElements) -> ID set to field: 
19:35:17,194 INFO  [SeleniumBrowser] (initElements) -> Name set to field: 
19:35:17,194 INFO  [SeleniumBrowser] (initElements) -> CSS set to field: 
19:35:17,194 INFO  [SeleniumBrowser] (initElements) -> XPath set to field: //button[@class = 'ui-btn is-secondary has-busy is-auto']
19:35:17,194 INFO  [SeleniumBrowser] (initElements) -> ID set to field: fields-condition-value
19:35:17,195 INFO  [SeleniumBrowser] (initElements) -> Name set to field: 
19:35:17,195 INFO  [SeleniumBrowser] (initElements) -> CSS set to field: 
19:35:17,195 INFO  [SeleniumBrowser] (initElements) -> XPath set to field: 
19:35:17,195 INFO  [SeleniumBrowser] (initElements) -> ID set to field: 
19:35:17,196 INFO  [SeleniumBrowser] (initElements) -> Name set to field: 
19:35:17,196 INFO  [SeleniumBrowser] (initElements) -> CSS set to field: 
19:35:17,196 INFO  [SeleniumBrowser] (initElements) -> XPath set to field: //div[@class='post-upload']
19:35:17,197 INFO  [SeleniumBrowser] (initElements) -> ID set to field: fields-brand-value
19:35:17,197 INFO  [SeleniumBrowser] (initElements) -> Name set to field: 
19:35:17,198 INFO  [SeleniumBrowser] (initElements) -> CSS set to field: 
19:35:17,198 INFO  [SeleniumBrowser] (initElements) -> XPath set to field: 
19:35:17,198 INFO  [SeleniumBrowser] (initElements) -> ID set to field: fields-model-value
19:35:17,198 INFO  [SeleniumBrowser] (initElements) -> Name set to field: 
19:35:17,199 INFO  [SeleniumBrowser] (initElements) -> CSS set to field: 
19:35:17,199 INFO  [SeleniumBrowser] (initElements) -> XPath set to field: 
19:35:17,199 INFO  [SeleniumBrowser] (initElements) -> ID set to field: fields-title-value
19:35:17,199 INFO  [SeleniumBrowser] (initElements) -> Name set to field: 
19:35:17,199 INFO  [SeleniumBrowser] (initElements) -> CSS set to field: 
19:35:17,199 INFO  [SeleniumBrowser] (initElements) -> XPath set to field: 
19:35:17,200 INFO  [SeleniumBrowser] (initElements) -> ID set to field: fields-description-value
19:35:17,200 INFO  [SeleniumBrowser] (initElements) -> Name set to field: 
19:35:17,200 INFO  [SeleniumBrowser] (initElements) -> CSS set to field: 
19:35:17,200 INFO  [SeleniumBrowser] (initElements) -> XPath set to field: 
19:35:17,200 INFO  [SeleniumBrowser] (initElements) -> ID set to field: fields-price-amount
19:35:17,200 INFO  [SeleniumBrowser] (initElements) -> Name set to field: 
19:35:17,200 INFO  [SeleniumBrowser] (initElements) -> CSS set to field: 
19:35:17,200 INFO  [SeleniumBrowser] (initElements) -> XPath set to field: 
19:35:17,201 INFO  [SeleniumBrowser] EXIT --> (initElements)
19:35:17,201 INFO  [ValidateFlowForAdPostFunctionality] (tc_ValidateFlowForAdPostFunctionalityWithLogin) -> Select Badda Local area Within Dhaka
19:35:17,206 INFO  [DomParser] (<init>) -> Root element :testdata
19:35:17,207 INFO  [DomParser] ENTER --> (getTestDataSetNodesWithValues)
19:35:17,207 INFO  [DomParser] (getNodes) -> Nodes found with testdataset = 2
19:35:17,208 INFO  [DomParser] (getTestDataSetNodesList) -> Checking node [testdataset] at index 0
19:35:17,208 INFO  [DomParser] (getTestDataSetNodesList) -> production|bikroy -- itemDetailsToPost -- idtp_1.0
19:35:17,208 INFO  [DomParser] (getTestDataSetNodesWithValues) -> 23
19:35:17,209 INFO  [DomParser] (getTestDataSetNodesWithValues) -> text node found; skipping this node
19:35:17,209 INFO  [DomParser] (getTestDataSetNodesWithValues) -> condition <<---->>  New <<---->> 1
19:35:17,209 INFO  [DomParser] (getTestDataSetNodesWithValues) -> text node found; skipping this node
19:35:17,209 INFO  [DomParser] (getTestDataSetNodesWithValues) -> brand <<---->>  Sony <<---->> 1
19:35:17,210 INFO  [DomParser] (getTestDataSetNodesWithValues) -> text node found; skipping this node
19:35:17,210 INFO  [DomParser] (getTestDataSetNodesWithValues) -> model <<---->>  Sony Bravia KDL 55 <<---->> 1
19:35:17,210 INFO  [DomParser] (getTestDataSetNodesWithValues) -> text node found; skipping this node
19:35:17,210 INFO  [DomParser] (getTestDataSetNodesWithValues) -> title <<---->>  This is a test post to sell Sony Bravia <<---->> 1
19:35:17,211 INFO  [DomParser] (getTestDataSetNodesWithValues) -> text node found; skipping this node
19:35:17,211 INFO  [DomParser] (getTestDataSetNodesWithValues) -> description <<---->>  This Post is to sell Sony Bravia With Reasonable Prices <<---->> 1
19:35:17,211 INFO  [DomParser] (getTestDataSetNodesWithValues) -> text node found; skipping this node
19:35:17,212 INFO  [DomParser] (getTestDataSetNodesWithValues) -> price <<---->>  81990 <<---->> 1
19:35:17,212 INFO  [DomParser] (getTestDataSetNodesWithValues) -> text node found; skipping this node
19:35:17,212 INFO  [DomParser] (getTestDataSetNodesWithValues) -> name <<---->>  testUser{RANDOM} <<---->> 1
19:35:17,213 INFO  [DomParser] (getTestDataSetNodesWithValues) -> text node found; skipping this node
19:35:17,213 INFO  [DomParser] (getTestDataSetNodesWithValues) -> phn <<---->>  09999999999 <<---->> 1
19:35:17,214 INFO  [DomParser] (getTestDataSetNodesWithValues) -> text node found; skipping this node
19:35:17,215 INFO  [DomParser] (getTestDataSetNodesWithValues) -> email <<---->>  {RANDOMNUM}qaEmail@bikroy.com <<---->> 1
19:35:17,215 INFO  [DomParser] (getTestDataSetNodesWithValues) -> text node found; skipping this node
19:35:17,215 INFO  [DomParser] (getTestDataSetNodesWithValues) -> imageFile <<---->>  framework_design.jpg <<---->> 1
19:35:17,216 INFO  [DomParser] (getTestDataSetNodesWithValues) -> text node found; skipping this node
19:35:17,216 INFO  [DomParser] (getTestDataSetNodesWithValues) -> password <<---->>  3551194 <<---->> 1
19:35:17,216 INFO  [DomParser] (getTestDataSetNodesWithValues) -> text node found; skipping this node
19:35:17,216 INFO  [DomParser] EXIT --> (getTestDataSetNodesWithValues)
19:35:17,219 INFO  [DomParser] (<init>) -> Root element :testdata
19:35:17,219 INFO  [DomParser] ENTER --> (getTestDataSetNodesWithValues)
19:35:17,219 INFO  [DomParser] (getNodes) -> Nodes found with testdataset = 2
19:35:17,219 INFO  [DomParser] (getTestDataSetNodesList) -> Checking node [testdataset] at index 0
19:35:17,219 INFO  [DomParser] (getTestDataSetNodesList) -> production|bikroy -- itemDetailsToPost -- idtp_1.0
19:35:17,220 INFO  [DomParser] (getTestDataSetNodesWithValues) -> 23
19:35:17,220 INFO  [DomParser] (getTestDataSetNodesWithValues) -> text node found; skipping this node
19:35:17,220 INFO  [DomParser] (getTestDataSetNodesWithValues) -> condition <<---->>  New <<---->> 1
19:35:17,220 INFO  [DomParser] (getTestDataSetNodesWithValues) -> text node found; skipping this node
19:35:17,220 INFO  [DomParser] (getTestDataSetNodesWithValues) -> brand <<---->>  Sony <<---->> 1
19:35:17,220 INFO  [DomParser] (getTestDataSetNodesWithValues) -> text node found; skipping this node
19:35:17,220 INFO  [DomParser] (getTestDataSetNodesWithValues) -> model <<---->>  Sony Bravia KDL 55 <<---->> 1
19:35:17,220 INFO  [DomParser] (getTestDataSetNodesWithValues) -> text node found; skipping this node
19:35:17,221 INFO  [DomParser] (getTestDataSetNodesWithValues) -> title <<---->>  This is a test post to sell Sony Bravia <<---->> 1
19:35:17,221 INFO  [DomParser] (getTestDataSetNodesWithValues) -> text node found; skipping this node
19:35:17,221 INFO  [DomParser] (getTestDataSetNodesWithValues) -> description <<---->>  This Post is to sell Sony Bravia With Reasonable Prices <<---->> 1
19:35:17,221 INFO  [DomParser] (getTestDataSetNodesWithValues) -> text node found; skipping this node
19:35:17,221 INFO  [DomParser] (getTestDataSetNodesWithValues) -> price <<---->>  81990 <<---->> 1
19:35:17,221 INFO  [DomParser] (getTestDataSetNodesWithValues) -> text node found; skipping this node
19:35:17,222 INFO  [DomParser] (getTestDataSetNodesWithValues) -> name <<---->>  testUser{RANDOM} <<---->> 1
19:35:17,222 INFO  [DomParser] (getTestDataSetNodesWithValues) -> text node found; skipping this node
19:35:17,222 INFO  [DomParser] (getTestDataSetNodesWithValues) -> phn <<---->>  09999999999 <<---->> 1
19:35:17,222 INFO  [DomParser] (getTestDataSetNodesWithValues) -> text node found; skipping this node
19:35:17,222 INFO  [DomParser] (getTestDataSetNodesWithValues) -> email <<---->>  {RANDOMNUM}qaEmail@bikroy.com <<---->> 1
19:35:17,223 INFO  [DomParser] (getTestDataSetNodesWithValues) -> text node found; skipping this node
19:35:17,223 INFO  [DomParser] (getTestDataSetNodesWithValues) -> imageFile <<---->>  framework_design.jpg <<---->> 1
19:35:17,224 INFO  [DomParser] (getTestDataSetNodesWithValues) -> text node found; skipping this node
19:35:17,224 INFO  [DomParser] (getTestDataSetNodesWithValues) -> password <<---->>  3551194 <<---->> 1
19:35:17,224 INFO  [DomParser] (getTestDataSetNodesWithValues) -> text node found; skipping this node
19:35:17,225 INFO  [DomParser] EXIT --> (getTestDataSetNodesWithValues)
19:35:17,228 INFO  [DomParser] (<init>) -> Root element :testdata
19:35:17,228 INFO  [DomParser] ENTER --> (getTestDataSetNodesWithValues)
19:35:17,229 INFO  [DomParser] (getNodes) -> Nodes found with testdataset = 2
19:35:17,229 INFO  [DomParser] (getTestDataSetNodesList) -> Checking node [testdataset] at index 0
19:35:17,229 INFO  [DomParser] (getTestDataSetNodesList) -> production|bikroy -- itemDetailsToPost -- idtp_1.0
19:35:17,229 INFO  [DomParser] (getTestDataSetNodesWithValues) -> 23
19:35:17,229 INFO  [DomParser] (getTestDataSetNodesWithValues) -> text node found; skipping this node
19:35:17,230 INFO  [DomParser] (getTestDataSetNodesWithValues) -> condition <<---->>  New <<---->> 1
19:35:17,230 INFO  [DomParser] (getTestDataSetNodesWithValues) -> text node found; skipping this node
19:35:17,230 INFO  [DomParser] (getTestDataSetNodesWithValues) -> brand <<---->>  Sony <<---->> 1
19:35:17,230 INFO  [DomParser] (getTestDataSetNodesWithValues) -> text node found; skipping this node
19:35:17,230 INFO  [DomParser] (getTestDataSetNodesWithValues) -> model <<---->>  Sony Bravia KDL 55 <<---->> 1
19:35:17,230 INFO  [DomParser] (getTestDataSetNodesWithValues) -> text node found; skipping this node
19:35:17,231 INFO  [DomParser] (getTestDataSetNodesWithValues) -> title <<---->>  This is a test post to sell Sony Bravia <<---->> 1
19:35:17,231 INFO  [DomParser] (getTestDataSetNodesWithValues) -> text node found; skipping this node
19:35:17,231 INFO  [DomParser] (getTestDataSetNodesWithValues) -> description <<---->>  This Post is to sell Sony Bravia With Reasonable Prices <<---->> 1
19:35:17,231 INFO  [DomParser] (getTestDataSetNodesWithValues) -> text node found; skipping this node
19:35:17,231 INFO  [DomParser] (getTestDataSetNodesWithValues) -> price <<---->>  81990 <<---->> 1
19:35:17,232 INFO  [DomParser] (getTestDataSetNodesWithValues) -> text node found; skipping this node
19:35:17,232 INFO  [DomParser] (getTestDataSetNodesWithValues) -> name <<---->>  testUser{RANDOM} <<---->> 1
19:35:17,232 INFO  [DomParser] (getTestDataSetNodesWithValues) -> text node found; skipping this node
19:35:17,232 INFO  [DomParser] (getTestDataSetNodesWithValues) -> phn <<---->>  09999999999 <<---->> 1
19:35:17,232 INFO  [DomParser] (getTestDataSetNodesWithValues) -> text node found; skipping this node
19:35:17,232 INFO  [DomParser] (getTestDataSetNodesWithValues) -> email <<---->>  {RANDOMNUM}qaEmail@bikroy.com <<---->> 1
19:35:17,233 INFO  [DomParser] (getTestDataSetNodesWithValues) -> text node found; skipping this node
19:35:17,233 INFO  [DomParser] (getTestDataSetNodesWithValues) -> imageFile <<---->>  framework_design.jpg <<---->> 1
19:35:17,233 INFO  [DomParser] (getTestDataSetNodesWithValues) -> text node found; skipping this node
19:35:17,233 INFO  [DomParser] (getTestDataSetNodesWithValues) -> password <<---->>  3551194 <<---->> 1
19:35:17,233 INFO  [DomParser] (getTestDataSetNodesWithValues) -> text node found; skipping this node
19:35:17,233 INFO  [DomParser] EXIT --> (getTestDataSetNodesWithValues)
19:35:17,235 INFO  [DomParser] (<init>) -> Root element :testdata
19:35:17,235 INFO  [DomParser] ENTER --> (getTestDataSetNodesWithValues)
19:35:17,236 INFO  [DomParser] (getNodes) -> Nodes found with testdataset = 2
19:35:17,236 INFO  [DomParser] (getTestDataSetNodesList) -> Checking node [testdataset] at index 0
19:35:17,236 INFO  [DomParser] (getTestDataSetNodesList) -> production|bikroy -- itemDetailsToPost -- idtp_1.0
19:35:17,236 INFO  [DomParser] (getTestDataSetNodesWithValues) -> 23
19:35:17,236 INFO  [DomParser] (getTestDataSetNodesWithValues) -> text node found; skipping this node
19:35:17,236 INFO  [DomParser] (getTestDataSetNodesWithValues) -> condition <<---->>  New <<---->> 1
19:35:17,237 INFO  [DomParser] (getTestDataSetNodesWithValues) -> text node found; skipping this node
19:35:17,237 INFO  [DomParser] (getTestDataSetNodesWithValues) -> brand <<---->>  Sony <<---->> 1
19:35:17,237 INFO  [DomParser] (getTestDataSetNodesWithValues) -> text node found; skipping this node
19:35:17,237 INFO  [DomParser] (getTestDataSetNodesWithValues) -> model <<---->>  Sony Bravia KDL 55 <<---->> 1
19:35:17,237 INFO  [DomParser] (getTestDataSetNodesWithValues) -> text node found; skipping this node
19:35:17,238 INFO  [DomParser] (getTestDataSetNodesWithValues) -> title <<---->>  This is a test post to sell Sony Bravia <<---->> 1
19:35:17,238 INFO  [DomParser] (getTestDataSetNodesWithValues) -> text node found; skipping this node
19:35:17,238 INFO  [DomParser] (getTestDataSetNodesWithValues) -> description <<---->>  This Post is to sell Sony Bravia With Reasonable Prices <<---->> 1
19:35:17,238 INFO  [DomParser] (getTestDataSetNodesWithValues) -> text node found; skipping this node
19:35:17,238 INFO  [DomParser] (getTestDataSetNodesWithValues) -> price <<---->>  81990 <<---->> 1
19:35:17,238 INFO  [DomParser] (getTestDataSetNodesWithValues) -> text node found; skipping this node
19:35:17,238 INFO  [DomParser] (getTestDataSetNodesWithValues) -> name <<---->>  testUser{RANDOM} <<---->> 1
19:35:17,239 INFO  [DomParser] (getTestDataSetNodesWithValues) -> text node found; skipping this node
19:35:17,239 INFO  [DomParser] (getTestDataSetNodesWithValues) -> phn <<---->>  09999999999 <<---->> 1
19:35:17,239 INFO  [DomParser] (getTestDataSetNodesWithValues) -> text node found; skipping this node
19:35:17,239 INFO  [DomParser] (getTestDataSetNodesWithValues) -> email <<---->>  {RANDOMNUM}qaEmail@bikroy.com <<---->> 1
19:35:17,239 INFO  [DomParser] (getTestDataSetNodesWithValues) -> text node found; skipping this node
19:35:17,239 INFO  [DomParser] (getTestDataSetNodesWithValues) -> imageFile <<---->>  framework_design.jpg <<---->> 1
19:35:17,240 INFO  [DomParser] (getTestDataSetNodesWithValues) -> text node found; skipping this node
19:35:17,240 INFO  [DomParser] (getTestDataSetNodesWithValues) -> password <<---->>  3551194 <<---->> 1
19:35:17,240 INFO  [DomParser] (getTestDataSetNodesWithValues) -> text node found; skipping this node
19:35:17,240 INFO  [DomParser] EXIT --> (getTestDataSetNodesWithValues)
19:35:17,242 INFO  [DomParser] (<init>) -> Root element :testdata
19:35:17,242 INFO  [DomParser] ENTER --> (getTestDataSetNodesWithValues)
19:35:17,242 INFO  [DomParser] (getNodes) -> Nodes found with testdataset = 2
19:35:17,242 INFO  [DomParser] (getTestDataSetNodesList) -> Checking node [testdataset] at index 0
19:35:17,243 INFO  [DomParser] (getTestDataSetNodesList) -> production|bikroy -- itemDetailsToPost -- idtp_1.0
19:35:17,243 INFO  [DomParser] (getTestDataSetNodesWithValues) -> 23
19:35:17,243 INFO  [DomParser] (getTestDataSetNodesWithValues) -> text node found; skipping this node
19:35:17,243 INFO  [DomParser] (getTestDataSetNodesWithValues) -> condition <<---->>  New <<---->> 1
19:35:17,243 INFO  [DomParser] (getTestDataSetNodesWithValues) -> text node found; skipping this node
19:35:17,243 INFO  [DomParser] (getTestDataSetNodesWithValues) -> brand <<---->>  Sony <<---->> 1
19:35:17,244 INFO  [DomParser] (getTestDataSetNodesWithValues) -> text node found; skipping this node
19:35:17,244 INFO  [DomParser] (getTestDataSetNodesWithValues) -> model <<---->>  Sony Bravia KDL 55 <<---->> 1
19:35:17,244 INFO  [DomParser] (getTestDataSetNodesWithValues) -> text node found; skipping this node
19:35:17,244 INFO  [DomParser] (getTestDataSetNodesWithValues) -> title <<---->>  This is a test post to sell Sony Bravia <<---->> 1
19:35:17,244 INFO  [DomParser] (getTestDataSetNodesWithValues) -> text node found; skipping this node
19:35:17,245 INFO  [DomParser] (getTestDataSetNodesWithValues) -> description <<---->>  This Post is to sell Sony Bravia With Reasonable Prices <<---->> 1
19:35:17,245 INFO  [DomParser] (getTestDataSetNodesWithValues) -> text node found; skipping this node
19:35:17,246 INFO  [DomParser] (getTestDataSetNodesWithValues) -> price <<---->>  81990 <<---->> 1
19:35:17,247 INFO  [DomParser] (getTestDataSetNodesWithValues) -> text node found; skipping this node
19:35:17,248 INFO  [DomParser] (getTestDataSetNodesWithValues) -> name <<---->>  testUser{RANDOM} <<---->> 1
19:35:17,248 INFO  [DomParser] (getTestDataSetNodesWithValues) -> text node found; skipping this node
19:35:17,248 INFO  [DomParser] (getTestDataSetNodesWithValues) -> phn <<---->>  09999999999 <<---->> 1
19:35:17,248 INFO  [DomParser] (getTestDataSetNodesWithValues) -> text node found; skipping this node
19:35:17,249 INFO  [DomParser] (getTestDataSetNodesWithValues) -> email <<---->>  {RANDOMNUM}qaEmail@bikroy.com <<---->> 1
19:35:17,249 INFO  [DomParser] (getTestDataSetNodesWithValues) -> text node found; skipping this node
19:35:17,249 INFO  [DomParser] (getTestDataSetNodesWithValues) -> imageFile <<---->>  framework_design.jpg <<---->> 1
19:35:17,249 INFO  [DomParser] (getTestDataSetNodesWithValues) -> text node found; skipping this node
19:35:17,249 INFO  [DomParser] (getTestDataSetNodesWithValues) -> password <<---->>  3551194 <<---->> 1
19:35:17,250 INFO  [DomParser] (getTestDataSetNodesWithValues) -> text node found; skipping this node
19:35:17,250 INFO  [DomParser] EXIT --> (getTestDataSetNodesWithValues)
19:35:17,252 INFO  [DomParser] (<init>) -> Root element :testdata
19:35:17,252 INFO  [DomParser] ENTER --> (getTestDataSetNodesWithValues)
19:35:17,252 INFO  [DomParser] (getNodes) -> Nodes found with testdataset = 2
19:35:17,253 INFO  [DomParser] (getTestDataSetNodesList) -> Checking node [testdataset] at index 0
19:35:17,253 INFO  [DomParser] (getTestDataSetNodesList) -> production|bikroy -- itemDetailsToPost -- idtp_1.0
19:35:17,253 INFO  [DomParser] (getTestDataSetNodesWithValues) -> 23
19:35:17,253 INFO  [DomParser] (getTestDataSetNodesWithValues) -> text node found; skipping this node
19:35:17,253 INFO  [DomParser] (getTestDataSetNodesWithValues) -> condition <<---->>  New <<---->> 1
19:35:17,253 INFO  [DomParser] (getTestDataSetNodesWithValues) -> text node found; skipping this node
19:35:17,254 INFO  [DomParser] (getTestDataSetNodesWithValues) -> brand <<---->>  Sony <<---->> 1
19:35:17,254 INFO  [DomParser] (getTestDataSetNodesWithValues) -> text node found; skipping this node
19:35:17,254 INFO  [DomParser] (getTestDataSetNodesWithValues) -> model <<---->>  Sony Bravia KDL 55 <<---->> 1
19:35:17,254 INFO  [DomParser] (getTestDataSetNodesWithValues) -> text node found; skipping this node
19:35:17,254 INFO  [DomParser] (getTestDataSetNodesWithValues) -> title <<---->>  This is a test post to sell Sony Bravia <<---->> 1
19:35:17,254 INFO  [DomParser] (getTestDataSetNodesWithValues) -> text node found; skipping this node
19:35:17,254 INFO  [DomParser] (getTestDataSetNodesWithValues) -> description <<---->>  This Post is to sell Sony Bravia With Reasonable Prices <<---->> 1
19:35:17,254 INFO  [DomParser] (getTestDataSetNodesWithValues) -> text node found; skipping this node
19:35:17,255 INFO  [DomParser] (getTestDataSetNodesWithValues) -> price <<---->>  81990 <<---->> 1
19:35:17,255 INFO  [DomParser] (getTestDataSetNodesWithValues) -> text node found; skipping this node
19:35:17,255 INFO  [DomParser] (getTestDataSetNodesWithValues) -> name <<---->>  testUser{RANDOM} <<---->> 1
19:35:17,256 INFO  [DomParser] (getTestDataSetNodesWithValues) -> text node found; skipping this node
19:35:17,256 INFO  [DomParser] (getTestDataSetNodesWithValues) -> phn <<---->>  09999999999 <<---->> 1
19:35:17,257 INFO  [DomParser] (getTestDataSetNodesWithValues) -> text node found; skipping this node
19:35:17,257 INFO  [DomParser] (getTestDataSetNodesWithValues) -> email <<---->>  {RANDOMNUM}qaEmail@bikroy.com <<---->> 1
19:35:17,257 INFO  [DomParser] (getTestDataSetNodesWithValues) -> text node found; skipping this node
19:35:17,257 INFO  [DomParser] (getTestDataSetNodesWithValues) -> imageFile <<---->>  framework_design.jpg <<---->> 1
19:35:17,258 INFO  [DomParser] (getTestDataSetNodesWithValues) -> text node found; skipping this node
19:35:17,258 INFO  [DomParser] (getTestDataSetNodesWithValues) -> password <<---->>  3551194 <<---->> 1
19:35:17,258 INFO  [DomParser] (getTestDataSetNodesWithValues) -> text node found; skipping this node
19:35:17,258 INFO  [DomParser] EXIT --> (getTestDataSetNodesWithValues)
19:35:17,261 INFO  [DomParser] (<init>) -> Root element :testdata
19:35:17,262 INFO  [DomParser] ENTER --> (getTestDataSetNodesWithValues)
19:35:17,262 INFO  [DomParser] (getNodes) -> Nodes found with testdataset = 2
19:35:17,262 INFO  [DomParser] (getTestDataSetNodesList) -> Checking node [testdataset] at index 0
19:35:17,262 INFO  [DomParser] (getTestDataSetNodesList) -> production|bikroy -- itemDetailsToPost -- idtp_1.0
19:35:17,262 INFO  [DomParser] (getTestDataSetNodesWithValues) -> 23
19:35:17,263 INFO  [DomParser] (getTestDataSetNodesWithValues) -> text node found; skipping this node
19:35:17,263 INFO  [DomParser] (getTestDataSetNodesWithValues) -> condition <<---->>  New <<---->> 1
19:35:17,263 INFO  [DomParser] (getTestDataSetNodesWithValues) -> text node found; skipping this node
19:35:17,263 INFO  [DomParser] (getTestDataSetNodesWithValues) -> brand <<---->>  Sony <<---->> 1
19:35:17,263 INFO  [DomParser] (getTestDataSetNodesWithValues) -> text node found; skipping this node
19:35:17,263 INFO  [DomParser] (getTestDataSetNodesWithValues) -> model <<---->>  Sony Bravia KDL 55 <<---->> 1
19:35:17,264 INFO  [DomParser] (getTestDataSetNodesWithValues) -> text node found; skipping this node
19:35:17,264 INFO  [DomParser] (getTestDataSetNodesWithValues) -> title <<---->>  This is a test post to sell Sony Bravia <<---->> 1
19:35:17,264 INFO  [DomParser] (getTestDataSetNodesWithValues) -> text node found; skipping this node
19:35:17,264 INFO  [DomParser] (getTestDataSetNodesWithValues) -> description <<---->>  This Post is to sell Sony Bravia With Reasonable Prices <<---->> 1
19:35:17,264 INFO  [DomParser] (getTestDataSetNodesWithValues) -> text node found; skipping this node
19:35:17,264 INFO  [DomParser] (getTestDataSetNodesWithValues) -> price <<---->>  81990 <<---->> 1
19:35:17,265 INFO  [DomParser] (getTestDataSetNodesWithValues) -> text node found; skipping this node
19:35:17,265 INFO  [DomParser] (getTestDataSetNodesWithValues) -> name <<---->>  testUser{RANDOM} <<---->> 1
19:35:17,265 INFO  [DomParser] (getTestDataSetNodesWithValues) -> text node found; skipping this node
19:35:17,265 INFO  [DomParser] (getTestDataSetNodesWithValues) -> phn <<---->>  09999999999 <<---->> 1
19:35:17,265 INFO  [DomParser] (getTestDataSetNodesWithValues) -> text node found; skipping this node
19:35:17,265 INFO  [DomParser] (getTestDataSetNodesWithValues) -> email <<---->>  {RANDOMNUM}qaEmail@bikroy.com <<---->> 1
19:35:17,265 INFO  [DomParser] (getTestDataSetNodesWithValues) -> text node found; skipping this node
19:35:17,266 INFO  [DomParser] (getTestDataSetNodesWithValues) -> imageFile <<---->>  framework_design.jpg <<---->> 1
19:35:17,266 INFO  [DomParser] (getTestDataSetNodesWithValues) -> text node found; skipping this node
19:35:17,266 INFO  [DomParser] (getTestDataSetNodesWithValues) -> password <<---->>  3551194 <<---->> 1
19:35:17,266 INFO  [DomParser] (getTestDataSetNodesWithValues) -> text node found; skipping this node
19:35:17,266 INFO  [DomParser] EXIT --> (getTestDataSetNodesWithValues)
19:35:17,268 INFO  [DomParser] (<init>) -> Root element :testdata
19:35:17,269 INFO  [DomParser] ENTER --> (getTestDataSetNodesWithValues)
19:35:17,269 INFO  [DomParser] (getNodes) -> Nodes found with testdataset = 2
19:35:17,269 INFO  [DomParser] (getTestDataSetNodesList) -> Checking node [testdataset] at index 0
19:35:17,269 INFO  [DomParser] (getTestDataSetNodesList) -> production|bikroy -- itemDetailsToPost -- idtp_1.0
19:35:17,269 INFO  [DomParser] (getTestDataSetNodesWithValues) -> 23
19:35:17,270 INFO  [DomParser] (getTestDataSetNodesWithValues) -> text node found; skipping this node
19:35:17,270 INFO  [DomParser] (getTestDataSetNodesWithValues) -> condition <<---->>  New <<---->> 1
19:35:17,270 INFO  [DomParser] (getTestDataSetNodesWithValues) -> text node found; skipping this node
19:35:17,270 INFO  [DomParser] (getTestDataSetNodesWithValues) -> brand <<---->>  Sony <<---->> 1
19:35:17,270 INFO  [DomParser] (getTestDataSetNodesWithValues) -> text node found; skipping this node
19:35:17,270 INFO  [DomParser] (getTestDataSetNodesWithValues) -> model <<---->>  Sony Bravia KDL 55 <<---->> 1
19:35:17,271 INFO  [DomParser] (getTestDataSetNodesWithValues) -> text node found; skipping this node
19:35:17,271 INFO  [DomParser] (getTestDataSetNodesWithValues) -> title <<---->>  This is a test post to sell Sony Bravia <<---->> 1
19:35:17,271 INFO  [DomParser] (getTestDataSetNodesWithValues) -> text node found; skipping this node
19:35:17,271 INFO  [DomParser] (getTestDataSetNodesWithValues) -> description <<---->>  This Post is to sell Sony Bravia With Reasonable Prices <<---->> 1
19:35:17,271 INFO  [DomParser] (getTestDataSetNodesWithValues) -> text node found; skipping this node
19:35:17,271 INFO  [DomParser] (getTestDataSetNodesWithValues) -> price <<---->>  81990 <<---->> 1
19:35:17,272 INFO  [DomParser] (getTestDataSetNodesWithValues) -> text node found; skipping this node
19:35:17,272 INFO  [DomParser] (getTestDataSetNodesWithValues) -> name <<---->>  testUser{RANDOM} <<---->> 1
19:35:17,272 INFO  [DomParser] (getTestDataSetNodesWithValues) -> text node found; skipping this node
19:35:17,272 INFO  [DomParser] (getTestDataSetNodesWithValues) -> phn <<---->>  09999999999 <<---->> 1
19:35:17,272 INFO  [DomParser] (getTestDataSetNodesWithValues) -> text node found; skipping this node
19:35:17,272 INFO  [DomParser] (getTestDataSetNodesWithValues) -> email <<---->>  {RANDOMNUM}qaEmail@bikroy.com <<---->> 1
19:35:17,273 INFO  [DomParser] (getTestDataSetNodesWithValues) -> text node found; skipping this node
19:35:17,273 INFO  [DomParser] (getTestDataSetNodesWithValues) -> imageFile <<---->>  framework_design.jpg <<---->> 1
19:35:17,273 INFO  [DomParser] (getTestDataSetNodesWithValues) -> text node found; skipping this node
19:35:17,273 INFO  [DomParser] (getTestDataSetNodesWithValues) -> password <<---->>  3551194 <<---->> 1
19:35:17,273 INFO  [DomParser] (getTestDataSetNodesWithValues) -> text node found; skipping this node
19:35:17,273 INFO  [DomParser] EXIT --> (getTestDataSetNodesWithValues)
19:35:17,275 INFO  [DomParser] (<init>) -> Root element :testdata
19:35:17,275 INFO  [DomParser] ENTER --> (getTestDataSetNodesWithValues)
19:35:17,275 INFO  [DomParser] (getNodes) -> Nodes found with testdataset = 2
19:35:17,275 INFO  [DomParser] (getTestDataSetNodesList) -> Checking node [testdataset] at index 0
19:35:17,276 INFO  [DomParser] (getTestDataSetNodesList) -> production|bikroy -- itemDetailsToPost -- idtp_1.0
19:35:17,276 INFO  [DomParser] (getTestDataSetNodesWithValues) -> 23
19:35:17,276 INFO  [DomParser] (getTestDataSetNodesWithValues) -> text node found; skipping this node
19:35:17,276 INFO  [DomParser] (getTestDataSetNodesWithValues) -> condition <<---->>  New <<---->> 1
19:35:17,276 INFO  [DomParser] (getTestDataSetNodesWithValues) -> text node found; skipping this node
19:35:17,276 INFO  [DomParser] (getTestDataSetNodesWithValues) -> brand <<---->>  Sony <<---->> 1
19:35:17,277 INFO  [DomParser] (getTestDataSetNodesWithValues) -> text node found; skipping this node
19:35:17,277 INFO  [DomParser] (getTestDataSetNodesWithValues) -> model <<---->>  Sony Bravia KDL 55 <<---->> 1
19:35:17,277 INFO  [DomParser] (getTestDataSetNodesWithValues) -> text node found; skipping this node
19:35:17,277 INFO  [DomParser] (getTestDataSetNodesWithValues) -> title <<---->>  This is a test post to sell Sony Bravia <<---->> 1
19:35:17,277 INFO  [DomParser] (getTestDataSetNodesWithValues) -> text node found; skipping this node
19:35:17,277 INFO  [DomParser] (getTestDataSetNodesWithValues) -> description <<---->>  This Post is to sell Sony Bravia With Reasonable Prices <<---->> 1
19:35:17,277 INFO  [DomParser] (getTestDataSetNodesWithValues) -> text node found; skipping this node
19:35:17,278 INFO  [DomParser] (getTestDataSetNodesWithValues) -> price <<---->>  81990 <<---->> 1
19:35:17,278 INFO  [DomParser] (getTestDataSetNodesWithValues) -> text node found; skipping this node
19:35:17,278 INFO  [DomParser] (getTestDataSetNodesWithValues) -> name <<---->>  testUser{RANDOM} <<---->> 1
19:35:17,278 INFO  [DomParser] (getTestDataSetNodesWithValues) -> text node found; skipping this node
19:35:17,278 INFO  [DomParser] (getTestDataSetNodesWithValues) -> phn <<---->>  09999999999 <<---->> 1
19:35:17,279 INFO  [DomParser] (getTestDataSetNodesWithValues) -> text node found; skipping this node
19:35:17,279 INFO  [DomParser] (getTestDataSetNodesWithValues) -> email <<---->>  {RANDOMNUM}qaEmail@bikroy.com <<---->> 1
19:35:17,280 INFO  [DomParser] (getTestDataSetNodesWithValues) -> text node found; skipping this node
19:35:17,280 INFO  [DomParser] (getTestDataSetNodesWithValues) -> imageFile <<---->>  framework_design.jpg <<---->> 1
19:35:17,281 INFO  [DomParser] (getTestDataSetNodesWithValues) -> text node found; skipping this node
19:35:17,281 INFO  [DomParser] (getTestDataSetNodesWithValues) -> password <<---->>  3551194 <<---->> 1
19:35:17,282 INFO  [DomParser] (getTestDataSetNodesWithValues) -> text node found; skipping this node
19:35:17,282 INFO  [DomParser] EXIT --> (getTestDataSetNodesWithValues)
19:35:17,284 INFO  [DomParser] (<init>) -> Root element :testdata
19:35:17,284 INFO  [DomParser] ENTER --> (getTestDataSetNodesWithValues)
19:35:17,284 INFO  [DomParser] (getNodes) -> Nodes found with testdataset = 2
19:35:17,284 INFO  [DomParser] (getTestDataSetNodesList) -> Checking node [testdataset] at index 0
19:35:17,284 INFO  [DomParser] (getTestDataSetNodesList) -> production|bikroy -- itemDetailsToPost -- idtp_1.0
19:35:17,285 INFO  [DomParser] (getTestDataSetNodesWithValues) -> 23
19:35:17,285 INFO  [DomParser] (getTestDataSetNodesWithValues) -> text node found; skipping this node
19:35:17,285 INFO  [DomParser] (getTestDataSetNodesWithValues) -> condition <<---->>  New <<---->> 1
19:35:17,285 INFO  [DomParser] (getTestDataSetNodesWithValues) -> text node found; skipping this node
19:35:17,285 INFO  [DomParser] (getTestDataSetNodesWithValues) -> brand <<---->>  Sony <<---->> 1
19:35:17,285 INFO  [DomParser] (getTestDataSetNodesWithValues) -> text node found; skipping this node
19:35:17,286 INFO  [DomParser] (getTestDataSetNodesWithValues) -> model <<---->>  Sony Bravia KDL 55 <<---->> 1
19:35:17,286 INFO  [DomParser] (getTestDataSetNodesWithValues) -> text node found; skipping this node
19:35:17,286 INFO  [DomParser] (getTestDataSetNodesWithValues) -> title <<---->>  This is a test post to sell Sony Bravia <<---->> 1
19:35:17,286 INFO  [DomParser] (getTestDataSetNodesWithValues) -> text node found; skipping this node
19:35:17,286 INFO  [DomParser] (getTestDataSetNodesWithValues) -> description <<---->>  This Post is to sell Sony Bravia With Reasonable Prices <<---->> 1
19:35:17,286 INFO  [DomParser] (getTestDataSetNodesWithValues) -> text node found; skipping this node
19:35:17,286 INFO  [DomParser] (getTestDataSetNodesWithValues) -> price <<---->>  81990 <<---->> 1
19:35:17,287 INFO  [DomParser] (getTestDataSetNodesWithValues) -> text node found; skipping this node
19:35:17,287 INFO  [DomParser] (getTestDataSetNodesWithValues) -> name <<---->>  testUser{RANDOM} <<---->> 1
19:35:17,287 INFO  [DomParser] (getTestDataSetNodesWithValues) -> text node found; skipping this node
19:35:17,287 INFO  [DomParser] (getTestDataSetNodesWithValues) -> phn <<---->>  09999999999 <<---->> 1
19:35:17,287 INFO  [DomParser] (getTestDataSetNodesWithValues) -> text node found; skipping this node
19:35:17,288 INFO  [DomParser] (getTestDataSetNodesWithValues) -> email <<---->>  {RANDOMNUM}qaEmail@bikroy.com <<---->> 1
19:35:17,288 INFO  [DomParser] (getTestDataSetNodesWithValues) -> text node found; skipping this node
19:35:17,288 INFO  [DomParser] (getTestDataSetNodesWithValues) -> imageFile <<---->>  framework_design.jpg <<---->> 1
19:35:17,288 INFO  [DomParser] (getTestDataSetNodesWithValues) -> text node found; skipping this node
19:35:17,288 INFO  [DomParser] (getTestDataSetNodesWithValues) -> password <<---->>  3551194 <<---->> 1
19:35:17,289 INFO  [DomParser] (getTestDataSetNodesWithValues) -> text node found; skipping this node
19:35:17,289 INFO  [DomParser] EXIT --> (getTestDataSetNodesWithValues)
19:35:17,292 INFO  [DomParser] (<init>) -> Root element :testdata
19:35:17,293 INFO  [DomParser] ENTER --> (getTestDataSetNodesWithValues)
19:35:17,293 INFO  [DomParser] (getNodes) -> Nodes found with testdataset = 2
19:35:17,294 INFO  [DomParser] (getTestDataSetNodesList) -> Checking node [testdataset] at index 0
19:35:17,294 INFO  [DomParser] (getTestDataSetNodesList) -> production|bikroy -- itemDetailsToPost -- idtp_1.0
19:35:17,294 INFO  [DomParser] (getTestDataSetNodesWithValues) -> 23
19:35:17,295 INFO  [DomParser] (getTestDataSetNodesWithValues) -> text node found; skipping this node
19:35:17,295 INFO  [DomParser] (getTestDataSetNodesWithValues) -> condition <<---->>  New <<---->> 1
19:35:17,295 INFO  [DomParser] (getTestDataSetNodesWithValues) -> text node found; skipping this node
19:35:17,296 INFO  [DomParser] (getTestDataSetNodesWithValues) -> brand <<---->>  Sony <<---->> 1
19:35:17,297 INFO  [DomParser] (getTestDataSetNodesWithValues) -> text node found; skipping this node
19:35:17,297 INFO  [DomParser] (getTestDataSetNodesWithValues) -> model <<---->>  Sony Bravia KDL 55 <<---->> 1
19:35:17,298 INFO  [DomParser] (getTestDataSetNodesWithValues) -> text node found; skipping this node
19:35:17,299 INFO  [DomParser] (getTestDataSetNodesWithValues) -> title <<---->>  This is a test post to sell Sony Bravia <<---->> 1
19:35:17,299 INFO  [DomParser] (getTestDataSetNodesWithValues) -> text node found; skipping this node
19:35:17,299 INFO  [DomParser] (getTestDataSetNodesWithValues) -> description <<---->>  This Post is to sell Sony Bravia With Reasonable Prices <<---->> 1
19:35:17,299 INFO  [DomParser] (getTestDataSetNodesWithValues) -> text node found; skipping this node
19:35:17,300 INFO  [DomParser] (getTestDataSetNodesWithValues) -> price <<---->>  81990 <<---->> 1
19:35:17,300 INFO  [DomParser] (getTestDataSetNodesWithValues) -> text node found; skipping this node
19:35:17,300 INFO  [DomParser] (getTestDataSetNodesWithValues) -> name <<---->>  testUser{RANDOM} <<---->> 1
19:35:17,300 INFO  [DomParser] (getTestDataSetNodesWithValues) -> text node found; skipping this node
19:35:17,301 INFO  [DomParser] (getTestDataSetNodesWithValues) -> phn <<---->>  09999999999 <<---->> 1
19:35:17,301 INFO  [DomParser] (getTestDataSetNodesWithValues) -> text node found; skipping this node
19:35:17,301 INFO  [DomParser] (getTestDataSetNodesWithValues) -> email <<---->>  {RANDOMNUM}qaEmail@bikroy.com <<---->> 1
19:35:17,301 INFO  [DomParser] (getTestDataSetNodesWithValues) -> text node found; skipping this node
19:35:17,301 INFO  [DomParser] (getTestDataSetNodesWithValues) -> imageFile <<---->>  framework_design.jpg <<---->> 1
19:35:17,302 INFO  [DomParser] (getTestDataSetNodesWithValues) -> text node found; skipping this node
19:35:17,302 INFO  [DomParser] (getTestDataSetNodesWithValues) -> password <<---->>  3551194 <<---->> 1
19:35:17,302 INFO  [DomParser] (getTestDataSetNodesWithValues) -> text node found; skipping this node
19:35:17,302 INFO  [DomParser] EXIT --> (getTestDataSetNodesWithValues)
19:35:17,304 INFO  [SeleniumBrowser] ENTER --> (_waitForElement) --> Waiting for element: null
19:35:17,304 INFO  [SeleniumBrowser] ENTER --> (waitForElement)
19:35:18,694 INFO  [SeleniumBrowser] ENTER --> (_getByLocator)
19:35:18,694 INFO  [SeleniumBrowser] (_getByLocator) -> Getting locator for null
19:35:18,694 INFO  [SeleniumBrowser] (_getByLocator) -> Locator info found for XPATH attribute as: //div[@class='post-upload']
19:35:18,694 INFO  [SeleniumBrowser] ENTER --> (_parseElementOnXpath)
19:35:18,694 INFO  [SeleniumBrowser] (_parseElementOnXpath) -> //div[@class='post-upload'] is used
19:35:18,695 INFO  [SeleniumBrowser] EXIT --> (_parseElementOnXpath)
19:35:18,695 INFO  [SeleniumBrowser] EXIT --> (_getByLocator)
19:35:18,718 INFO  [SeleniumBrowser] ENTER --> (_getByLocator)
19:35:18,718 INFO  [SeleniumBrowser] (_getByLocator) -> Getting locator for null
19:35:18,718 INFO  [SeleniumBrowser] (_getByLocator) -> Locator info found for XPATH attribute as: //div[@class='post-upload']
19:35:18,718 INFO  [SeleniumBrowser] ENTER --> (_parseElementOnXpath)
19:35:18,718 INFO  [SeleniumBrowser] (_parseElementOnXpath) -> //div[@class='post-upload'] is used
19:35:18,718 INFO  [SeleniumBrowser] EXIT --> (_parseElementOnXpath)
19:35:18,719 INFO  [SeleniumBrowser] EXIT --> (_getByLocator)
19:35:18,757 INFO  [SeleniumBrowser] (waitForElement) -> element wait eligibility found: true
19:35:18,758 INFO  [SeleniumBrowser] ENTER --> (_waitForJStoLoad)
19:35:18,805 INFO  [SeleniumBrowser] EXIT --> (_waitForJStoLoad) --> DOM load wait done: true
19:35:18,805 INFO  [SeleniumBrowser] (waitForElement) -> element wait eligibility set: true
19:35:18,805 INFO  [SeleniumBrowser] EXIT --> (waitForElement)
19:35:18,805 INFO  [SeleniumBrowser] EXIT --> (_waitForElement)
19:35:18,811 INFO  [SeleniumBrowser] ENTER --> (_getByLocator)
19:35:18,811 INFO  [SeleniumBrowser] (_getByLocator) -> Getting locator for null
19:35:18,811 INFO  [SeleniumBrowser] (_getByLocator) -> Locator info found for XPATH attribute as: //div[@class='post-upload']
19:35:18,811 INFO  [SeleniumBrowser] ENTER --> (_parseElementOnXpath)
19:35:18,811 INFO  [SeleniumBrowser] (_parseElementOnXpath) -> //div[@class='post-upload'] is used
19:35:18,812 INFO  [SeleniumBrowser] EXIT --> (_parseElementOnXpath)
19:35:18,812 INFO  [SeleniumBrowser] EXIT --> (_getByLocator)
19:35:20,104 INFO  [SeleniumBrowser] ENTER --> (initElements)
19:35:20,105 INFO  [SeleniumBrowser] (initElements) -> ID set to field: name
19:35:20,106 INFO  [SeleniumBrowser] (initElements) -> Name set to field: 
19:35:20,106 INFO  [SeleniumBrowser] (initElements) -> CSS set to field: 
19:35:20,106 INFO  [SeleniumBrowser] (initElements) -> XPath set to field: 
19:35:20,106 INFO  [SeleniumBrowser] (initElements) -> ID set to field: phone0
19:35:20,106 INFO  [SeleniumBrowser] (initElements) -> Name set to field: 
19:35:20,107 INFO  [SeleniumBrowser] (initElements) -> CSS set to field: 
19:35:20,107 INFO  [SeleniumBrowser] (initElements) -> XPath set to field: 
19:35:20,108 INFO  [SeleniumBrowser] (initElements) -> ID set to field: email
19:35:20,118 INFO  [SeleniumBrowser] (initElements) -> Name set to field: 
19:35:20,124 INFO  [SeleniumBrowser] (initElements) -> CSS set to field: 
19:35:20,124 INFO  [SeleniumBrowser] (initElements) -> XPath set to field: 
19:35:20,125 INFO  [SeleniumBrowser] (initElements) -> ID set to field: 
19:35:20,125 INFO  [SeleniumBrowser] (initElements) -> Name set to field: 
19:35:20,125 INFO  [SeleniumBrowser] (initElements) -> CSS set to field: 
19:35:20,125 INFO  [SeleniumBrowser] (initElements) -> XPath set to field: //button[@name='post']
19:35:20,125 INFO  [SeleniumBrowser] (initElements) -> ID set to field: 
19:35:20,126 INFO  [SeleniumBrowser] (initElements) -> Name set to field: 
19:35:20,126 INFO  [SeleniumBrowser] (initElements) -> CSS set to field: 
19:35:20,126 INFO  [SeleniumBrowser] (initElements) -> XPath set to field: //a[contains(@href,'/my/dashboard')]
19:35:20,126 INFO  [SeleniumBrowser] (initElements) -> ID set to field: password
19:35:20,126 INFO  [SeleniumBrowser] (initElements) -> Name set to field: 
19:35:20,127 INFO  [SeleniumBrowser] (initElements) -> CSS set to field: 
19:35:20,127 INFO  [SeleniumBrowser] (initElements) -> XPath set to field: 
19:35:20,127 INFO  [SeleniumBrowser] (initElements) -> ID set to field: password-confirm
19:35:20,127 INFO  [SeleniumBrowser] (initElements) -> Name set to field: 
19:35:20,127 INFO  [SeleniumBrowser] (initElements) -> CSS set to field: 
19:35:20,127 INFO  [SeleniumBrowser] (initElements) -> XPath set to field: 
19:35:20,128 INFO  [SeleniumBrowser] (initElements) -> ID set to field: 
19:35:20,128 INFO  [SeleniumBrowser] (initElements) -> Name set to field: 
19:35:20,128 INFO  [SeleniumBrowser] (initElements) -> CSS set to field: 
19:35:20,128 INFO  [SeleniumBrowser] (initElements) -> XPath set to field: //button[@class = 'ui-btn is-secondary has-busy is-auto']
19:35:20,128 INFO  [SeleniumBrowser] (initElements) -> ID set to field: fields-condition-value
19:35:20,129 INFO  [SeleniumBrowser] (initElements) -> Name set to field: 
19:35:20,129 INFO  [SeleniumBrowser] (initElements) -> CSS set to field: 
19:35:20,129 INFO  [SeleniumBrowser] (initElements) -> XPath set to field: 
19:35:20,129 INFO  [SeleniumBrowser] (initElements) -> ID set to field: 
19:35:20,130 INFO  [SeleniumBrowser] (initElements) -> Name set to field: 
19:35:20,130 INFO  [SeleniumBrowser] (initElements) -> CSS set to field: 
19:35:20,130 INFO  [SeleniumBrowser] (initElements) -> XPath set to field: //div[@class='post-upload']
19:35:20,130 INFO  [SeleniumBrowser] (initElements) -> ID set to field: fields-brand-value
19:35:20,130 INFO  [SeleniumBrowser] (initElements) -> Name set to field: 
19:35:20,130 INFO  [SeleniumBrowser] (initElements) -> CSS set to field: 
19:35:20,130 INFO  [SeleniumBrowser] (initElements) -> XPath set to field: 
19:35:20,131 INFO  [SeleniumBrowser] (initElements) -> ID set to field: fields-model-value
19:35:20,131 INFO  [SeleniumBrowser] (initElements) -> Name set to field: 
19:35:20,131 INFO  [SeleniumBrowser] (initElements) -> CSS set to field: 
19:35:20,131 INFO  [SeleniumBrowser] (initElements) -> XPath set to field: 
19:35:20,131 INFO  [SeleniumBrowser] (initElements) -> ID set to field: fields-title-value
19:35:20,131 INFO  [SeleniumBrowser] (initElements) -> Name set to field: 
19:35:20,131 INFO  [SeleniumBrowser] (initElements) -> CSS set to field: 
19:35:20,132 INFO  [SeleniumBrowser] (initElements) -> XPath set to field: 
19:35:20,132 INFO  [SeleniumBrowser] (initElements) -> ID set to field: fields-description-value
19:35:20,132 INFO  [SeleniumBrowser] (initElements) -> Name set to field: 
19:35:20,132 INFO  [SeleniumBrowser] (initElements) -> CSS set to field: 
19:35:20,132 INFO  [SeleniumBrowser] (initElements) -> XPath set to field: 
19:35:20,132 INFO  [SeleniumBrowser] (initElements) -> ID set to field: fields-price-amount
19:35:20,133 INFO  [SeleniumBrowser] (initElements) -> Name set to field: 
19:35:20,133 INFO  [SeleniumBrowser] (initElements) -> CSS set to field: 
19:35:20,133 INFO  [SeleniumBrowser] (initElements) -> XPath set to field: 
19:35:20,133 INFO  [SeleniumBrowser] EXIT --> (initElements)
19:35:25,627 INFO  [SeleniumBrowser] ENTER --> (initElements)
19:35:25,628 INFO  [SeleniumBrowser] (initElements) -> ID set to field: name
19:35:25,629 INFO  [SeleniumBrowser] (initElements) -> Name set to field: 
19:35:25,629 INFO  [SeleniumBrowser] (initElements) -> CSS set to field: 
19:35:25,629 INFO  [SeleniumBrowser] (initElements) -> XPath set to field: 
19:35:25,629 INFO  [SeleniumBrowser] (initElements) -> ID set to field: phone0
19:35:25,629 INFO  [SeleniumBrowser] (initElements) -> Name set to field: 
19:35:25,630 INFO  [SeleniumBrowser] (initElements) -> CSS set to field: 
19:35:25,630 INFO  [SeleniumBrowser] (initElements) -> XPath set to field: 
19:35:25,630 INFO  [SeleniumBrowser] (initElements) -> ID set to field: email
19:35:25,630 INFO  [SeleniumBrowser] (initElements) -> Name set to field: 
19:35:25,630 INFO  [SeleniumBrowser] (initElements) -> CSS set to field: 
19:35:25,630 INFO  [SeleniumBrowser] (initElements) -> XPath set to field: 
19:35:25,630 INFO  [SeleniumBrowser] (initElements) -> ID set to field: 
19:35:25,630 INFO  [SeleniumBrowser] (initElements) -> Name set to field: 
19:35:25,630 INFO  [SeleniumBrowser] (initElements) -> CSS set to field: 
19:35:25,631 INFO  [SeleniumBrowser] (initElements) -> XPath set to field: //button[@name='post']
19:35:25,631 INFO  [SeleniumBrowser] (initElements) -> ID set to field: 
19:35:25,631 INFO  [SeleniumBrowser] (initElements) -> Name set to field: 
19:35:25,631 INFO  [SeleniumBrowser] (initElements) -> CSS set to field: 
19:35:25,631 INFO  [SeleniumBrowser] (initElements) -> XPath set to field: //a[contains(@href,'/my/dashboard')]
19:35:25,631 INFO  [SeleniumBrowser] (initElements) -> ID set to field: password
19:35:25,631 INFO  [SeleniumBrowser] (initElements) -> Name set to field: 
19:35:25,631 INFO  [SeleniumBrowser] (initElements) -> CSS set to field: 
19:35:25,631 INFO  [SeleniumBrowser] (initElements) -> XPath set to field: 
19:35:25,632 INFO  [SeleniumBrowser] (initElements) -> ID set to field: password-confirm
19:35:25,632 INFO  [SeleniumBrowser] (initElements) -> Name set to field: 
19:35:25,632 INFO  [SeleniumBrowser] (initElements) -> CSS set to field: 
19:35:25,632 INFO  [SeleniumBrowser] (initElements) -> XPath set to field: 
19:35:25,632 INFO  [SeleniumBrowser] (initElements) -> ID set to field: 
19:35:25,632 INFO  [SeleniumBrowser] (initElements) -> Name set to field: 
19:35:25,632 INFO  [SeleniumBrowser] (initElements) -> CSS set to field: 
19:35:25,632 INFO  [SeleniumBrowser] (initElements) -> XPath set to field: //button[@class = 'ui-btn is-secondary has-busy is-auto']
19:35:25,632 INFO  [SeleniumBrowser] (initElements) -> ID set to field: fields-condition-value
19:35:25,632 INFO  [SeleniumBrowser] (initElements) -> Name set to field: 
19:35:25,633 INFO  [SeleniumBrowser] (initElements) -> CSS set to field: 
19:35:25,633 INFO  [SeleniumBrowser] (initElements) -> XPath set to field: 
19:35:25,633 INFO  [SeleniumBrowser] (initElements) -> ID set to field: 
19:35:25,633 INFO  [SeleniumBrowser] (initElements) -> Name set to field: 
19:35:25,633 INFO  [SeleniumBrowser] (initElements) -> CSS set to field: 
19:35:25,633 INFO  [SeleniumBrowser] (initElements) -> XPath set to field: //div[@class='post-upload']
19:35:25,633 INFO  [SeleniumBrowser] (initElements) -> ID set to field: fields-brand-value
19:35:25,633 INFO  [SeleniumBrowser] (initElements) -> Name set to field: 
19:35:25,633 INFO  [SeleniumBrowser] (initElements) -> CSS set to field: 
19:35:25,633 INFO  [SeleniumBrowser] (initElements) -> XPath set to field: 
19:35:25,634 INFO  [SeleniumBrowser] (initElements) -> ID set to field: fields-model-value
19:35:25,634 INFO  [SeleniumBrowser] (initElements) -> Name set to field: 
19:35:25,634 INFO  [SeleniumBrowser] (initElements) -> CSS set to field: 
19:35:25,634 INFO  [SeleniumBrowser] (initElements) -> XPath set to field: 
19:35:25,634 INFO  [SeleniumBrowser] (initElements) -> ID set to field: fields-title-value
19:35:25,634 INFO  [SeleniumBrowser] (initElements) -> Name set to field: 
19:35:25,634 INFO  [SeleniumBrowser] (initElements) -> CSS set to field: 
19:35:25,634 INFO  [SeleniumBrowser] (initElements) -> XPath set to field: 
19:35:25,634 INFO  [SeleniumBrowser] (initElements) -> ID set to field: fields-description-value
19:35:25,634 INFO  [SeleniumBrowser] (initElements) -> Name set to field: 
19:35:25,635 INFO  [SeleniumBrowser] (initElements) -> CSS set to field: 
19:35:25,635 INFO  [SeleniumBrowser] (initElements) -> XPath set to field: 
19:35:25,635 INFO  [SeleniumBrowser] (initElements) -> ID set to field: fields-price-amount
19:35:25,635 INFO  [SeleniumBrowser] (initElements) -> Name set to field: 
19:35:25,635 INFO  [SeleniumBrowser] (initElements) -> CSS set to field: 
19:35:25,635 INFO  [SeleniumBrowser] (initElements) -> XPath set to field: 
19:35:25,635 INFO  [SeleniumBrowser] EXIT --> (initElements)
19:35:25,636 INFO  [SeleniumBrowser] (_setExtendedTextToXPath) ->  value set
19:35:25,636 INFO  [SeleniumBrowser] ENTER --> (_waitForElement) --> Waiting for element: null
19:35:25,636 INFO  [SeleniumBrowser] ENTER --> (waitForElement)
19:35:25,645 INFO  [SeleniumBrowser] ENTER --> (_getByLocator)
19:35:25,645 INFO  [SeleniumBrowser] (_getByLocator) -> Getting locator for null
19:35:25,645 INFO  [SeleniumBrowser] (_getByLocator) -> Locator info found for ID attribute as: fields-brand-value
19:35:25,645 INFO  [SeleniumBrowser] EXIT --> (_getByLocator)
19:35:25,685 INFO  [SeleniumBrowser] ENTER --> (_getByLocator)
19:35:25,686 INFO  [SeleniumBrowser] (_getByLocator) -> Getting locator for null
19:35:25,686 INFO  [SeleniumBrowser] (_getByLocator) -> Locator info found for ID attribute as: fields-brand-value
19:35:25,686 INFO  [SeleniumBrowser] EXIT --> (_getByLocator)
19:35:25,742 INFO  [SeleniumBrowser] (waitForElement) -> element wait eligibility found: true
19:35:25,743 INFO  [SeleniumBrowser] ENTER --> (_waitForJStoLoad)
19:35:25,795 INFO  [SeleniumBrowser] EXIT --> (_waitForJStoLoad) --> DOM load wait done: true
19:35:25,796 INFO  [SeleniumBrowser] (waitForElement) -> element wait eligibility set: true
19:35:25,796 INFO  [SeleniumBrowser] EXIT --> (waitForElement)
19:35:25,796 INFO  [SeleniumBrowser] EXIT --> (_waitForElement)
19:35:25,811 INFO  [SeleniumBrowser] ENTER --> (_getByLocator)
19:35:25,811 INFO  [SeleniumBrowser] (_getByLocator) -> Getting locator for null
19:35:25,811 INFO  [SeleniumBrowser] (_getByLocator) -> Locator info found for ID attribute as: fields-brand-value
19:35:25,811 INFO  [SeleniumBrowser] EXIT --> (_getByLocator)
19:35:26,030 INFO  [SeleniumBrowser] ENTER --> (initElements)
19:35:26,031 INFO  [SeleniumBrowser] (initElements) -> ID set to field: name
19:35:26,031 INFO  [SeleniumBrowser] (initElements) -> Name set to field: 
19:35:26,031 INFO  [SeleniumBrowser] (initElements) -> CSS set to field: 
19:35:26,031 INFO  [SeleniumBrowser] (initElements) -> XPath set to field: 
19:35:26,031 INFO  [SeleniumBrowser] (initElements) -> ID set to field: phone0
19:35:26,032 INFO  [SeleniumBrowser] (initElements) -> Name set to field: 
19:35:26,032 INFO  [SeleniumBrowser] (initElements) -> CSS set to field: 
19:35:26,032 INFO  [SeleniumBrowser] (initElements) -> XPath set to field: 
19:35:26,032 INFO  [SeleniumBrowser] (initElements) -> ID set to field: email
19:35:26,032 INFO  [SeleniumBrowser] (initElements) -> Name set to field: 
19:35:26,032 INFO  [SeleniumBrowser] (initElements) -> CSS set to field: 
19:35:26,032 INFO  [SeleniumBrowser] (initElements) -> XPath set to field: 
19:35:26,032 INFO  [SeleniumBrowser] (initElements) -> ID set to field: 
19:35:26,033 INFO  [SeleniumBrowser] (initElements) -> Name set to field: 
19:35:26,033 INFO  [SeleniumBrowser] (initElements) -> CSS set to field: 
19:35:26,033 INFO  [SeleniumBrowser] (initElements) -> XPath set to field: //button[@name='post']
19:35:26,033 INFO  [SeleniumBrowser] (initElements) -> ID set to field: 
19:35:26,033 INFO  [SeleniumBrowser] (initElements) -> Name set to field: 
19:35:26,033 INFO  [SeleniumBrowser] (initElements) -> CSS set to field: 
19:35:26,033 INFO  [SeleniumBrowser] (initElements) -> XPath set to field: //a[contains(@href,'/my/dashboard')]
19:35:26,034 INFO  [SeleniumBrowser] (initElements) -> ID set to field: password
19:35:26,034 INFO  [SeleniumBrowser] (initElements) -> Name set to field: 
19:35:26,034 INFO  [SeleniumBrowser] (initElements) -> CSS set to field: 
19:35:26,034 INFO  [SeleniumBrowser] (initElements) -> XPath set to field: 
19:35:26,034 INFO  [SeleniumBrowser] (initElements) -> ID set to field: password-confirm
19:35:26,034 INFO  [SeleniumBrowser] (initElements) -> Name set to field: 
19:35:26,034 INFO  [SeleniumBrowser] (initElements) -> CSS set to field: 
19:35:26,034 INFO  [SeleniumBrowser] (initElements) -> XPath set to field: 
19:35:26,035 INFO  [SeleniumBrowser] (initElements) -> ID set to field: 
19:35:26,035 INFO  [SeleniumBrowser] (initElements) -> Name set to field: 
19:35:26,035 INFO  [SeleniumBrowser] (initElements) -> CSS set to field: 
19:35:26,035 INFO  [SeleniumBrowser] (initElements) -> XPath set to field: //button[@class = 'ui-btn is-secondary has-busy is-auto']
19:35:26,035 INFO  [SeleniumBrowser] (initElements) -> ID set to field: fields-condition-value
19:35:26,035 INFO  [SeleniumBrowser] (initElements) -> Name set to field: 
19:35:26,035 INFO  [SeleniumBrowser] (initElements) -> CSS set to field: 
19:35:26,036 INFO  [SeleniumBrowser] (initElements) -> XPath set to field: 
19:35:26,036 INFO  [SeleniumBrowser] (initElements) -> ID set to field: 
19:35:26,036 INFO  [SeleniumBrowser] (initElements) -> Name set to field: 
19:35:26,036 INFO  [SeleniumBrowser] (initElements) -> CSS set to field: 
19:35:26,036 INFO  [SeleniumBrowser] (initElements) -> XPath set to field: //div[@class='post-upload']
19:35:26,036 INFO  [SeleniumBrowser] (initElements) -> ID set to field: fields-brand-value
19:35:26,036 INFO  [SeleniumBrowser] (initElements) -> Name set to field: 
19:35:26,037 INFO  [SeleniumBrowser] (initElements) -> CSS set to field: 
19:35:26,037 INFO  [SeleniumBrowser] (initElements) -> XPath set to field: 
19:35:26,037 INFO  [SeleniumBrowser] (initElements) -> ID set to field: fields-model-value
19:35:26,037 INFO  [SeleniumBrowser] (initElements) -> Name set to field: 
19:35:26,038 INFO  [SeleniumBrowser] (initElements) -> CSS set to field: 
19:35:26,038 INFO  [SeleniumBrowser] (initElements) -> XPath set to field: 
19:35:26,038 INFO  [SeleniumBrowser] (initElements) -> ID set to field: fields-title-value
19:35:26,038 INFO  [SeleniumBrowser] (initElements) -> Name set to field: 
19:35:26,038 INFO  [SeleniumBrowser] (initElements) -> CSS set to field: 
19:35:26,038 INFO  [SeleniumBrowser] (initElements) -> XPath set to field: 
19:35:26,038 INFO  [SeleniumBrowser] (initElements) -> ID set to field: fields-description-value
19:35:26,038 INFO  [SeleniumBrowser] (initElements) -> Name set to field: 
19:35:26,038 INFO  [SeleniumBrowser] (initElements) -> CSS set to field: 
19:35:26,039 INFO  [SeleniumBrowser] (initElements) -> XPath set to field: 
19:35:26,039 INFO  [SeleniumBrowser] (initElements) -> ID set to field: fields-price-amount
19:35:26,039 INFO  [SeleniumBrowser] (initElements) -> Name set to field: 
19:35:26,039 INFO  [SeleniumBrowser] (initElements) -> CSS set to field: 
19:35:26,039 INFO  [SeleniumBrowser] (initElements) -> XPath set to field: 
19:35:26,039 INFO  [SeleniumBrowser] EXIT --> (initElements)
19:35:26,039 INFO  [SeleniumBrowser] ENTER --> (_waitForElement) --> Waiting for element: null
19:35:26,039 INFO  [SeleniumBrowser] ENTER --> (waitForElement)
19:35:26,050 INFO  [SeleniumBrowser] ENTER --> (_getByLocator)
19:35:26,051 INFO  [SeleniumBrowser] (_getByLocator) -> Getting locator for null
19:35:26,051 INFO  [SeleniumBrowser] (_getByLocator) -> Locator info found for ID attribute as: fields-model-value
19:35:26,051 INFO  [SeleniumBrowser] EXIT --> (_getByLocator)
19:35:26,077 INFO  [SeleniumBrowser] ENTER --> (_getByLocator)
19:35:26,077 INFO  [SeleniumBrowser] (_getByLocator) -> Getting locator for null
19:35:26,078 INFO  [SeleniumBrowser] (_getByLocator) -> Locator info found for ID attribute as: fields-model-value
19:35:26,078 INFO  [SeleniumBrowser] EXIT --> (_getByLocator)
19:35:26,111 INFO  [SeleniumBrowser] (waitForElement) -> element wait eligibility found: true
19:35:26,111 INFO  [SeleniumBrowser] ENTER --> (_waitForJStoLoad)
19:35:26,144 INFO  [SeleniumBrowser] EXIT --> (_waitForJStoLoad) --> DOM load wait done: true
19:35:26,145 INFO  [SeleniumBrowser] (waitForElement) -> element wait eligibility set: true
19:35:26,145 INFO  [SeleniumBrowser] EXIT --> (waitForElement)
19:35:26,145 INFO  [SeleniumBrowser] EXIT --> (_waitForElement)
19:35:26,145 INFO  [SeleniumBrowser] ENTER --> (_waitForElement) --> Waiting for element: null
19:35:26,145 INFO  [SeleniumBrowser] ENTER --> (waitForElement)
19:35:26,150 INFO  [SeleniumBrowser] ENTER --> (_getByLocator)
19:35:26,150 INFO  [SeleniumBrowser] (_getByLocator) -> Getting locator for null
19:35:26,150 INFO  [SeleniumBrowser] (_getByLocator) -> Locator info found for ID attribute as: fields-model-value
19:35:26,150 INFO  [SeleniumBrowser] EXIT --> (_getByLocator)
19:35:26,164 INFO  [SeleniumBrowser] ENTER --> (_getByLocator)
19:35:26,164 INFO  [SeleniumBrowser] (_getByLocator) -> Getting locator for null
19:35:26,165 INFO  [SeleniumBrowser] (_getByLocator) -> Locator info found for ID attribute as: fields-model-value
19:35:26,165 INFO  [SeleniumBrowser] EXIT --> (_getByLocator)
19:35:26,195 INFO  [SeleniumBrowser] (waitForElement) -> element wait eligibility found: true
19:35:26,196 INFO  [SeleniumBrowser] ENTER --> (_waitForJStoLoad)
19:35:26,242 INFO  [SeleniumBrowser] EXIT --> (_waitForJStoLoad) --> DOM load wait done: true
19:35:26,243 INFO  [SeleniumBrowser] (waitForElement) -> element wait eligibility set: true
19:35:26,243 INFO  [SeleniumBrowser] EXIT --> (waitForElement)
19:35:26,243 INFO  [SeleniumBrowser] EXIT --> (_waitForElement)
19:35:26,243 INFO  [SeleniumBrowser] ENTER --> (_waitForElement) --> Waiting for element: null
19:35:26,243 INFO  [SeleniumBrowser] ENTER --> (waitForElement)
19:35:26,248 INFO  [SeleniumBrowser] ENTER --> (_getByLocator)
19:35:26,248 INFO  [SeleniumBrowser] (_getByLocator) -> Getting locator for null
19:35:26,248 INFO  [SeleniumBrowser] (_getByLocator) -> Locator info found for ID attribute as: fields-model-value
19:35:26,248 INFO  [SeleniumBrowser] EXIT --> (_getByLocator)
19:35:26,265 INFO  [SeleniumBrowser] ENTER --> (_getByLocator)
19:35:26,265 INFO  [SeleniumBrowser] (_getByLocator) -> Getting locator for null
19:35:26,265 INFO  [SeleniumBrowser] (_getByLocator) -> Locator info found for ID attribute as: fields-model-value
19:35:26,265 INFO  [SeleniumBrowser] EXIT --> (_getByLocator)
19:35:26,298 INFO  [SeleniumBrowser] (waitForElement) -> element wait eligibility found: true
19:35:26,298 INFO  [SeleniumBrowser] ENTER --> (_waitForJStoLoad)
19:35:26,344 INFO  [SeleniumBrowser] EXIT --> (_waitForJStoLoad) --> DOM load wait done: true
19:35:26,345 INFO  [SeleniumBrowser] (waitForElement) -> element wait eligibility set: true
19:35:26,345 INFO  [SeleniumBrowser] EXIT --> (waitForElement)
19:35:26,345 INFO  [SeleniumBrowser] EXIT --> (_waitForElement)
19:35:26,345 INFO  [SeleniumBrowser] ENTER --> (_waitForElement) --> Waiting for element: null
19:35:26,345 INFO  [SeleniumBrowser] ENTER --> (waitForElement)
19:35:26,353 INFO  [SeleniumBrowser] ENTER --> (_getByLocator)
19:35:26,353 INFO  [SeleniumBrowser] (_getByLocator) -> Getting locator for null
19:35:26,353 INFO  [SeleniumBrowser] (_getByLocator) -> Locator info found for ID attribute as: fields-model-value
19:35:26,353 INFO  [SeleniumBrowser] EXIT --> (_getByLocator)
19:35:26,367 INFO  [SeleniumBrowser] ENTER --> (_getByLocator)
19:35:26,367 INFO  [SeleniumBrowser] (_getByLocator) -> Getting locator for null
19:35:26,367 INFO  [SeleniumBrowser] (_getByLocator) -> Locator info found for ID attribute as: fields-model-value
19:35:26,367 INFO  [SeleniumBrowser] EXIT --> (_getByLocator)
19:35:26,396 INFO  [SeleniumBrowser] (waitForElement) -> element wait eligibility found: true
19:35:26,396 INFO  [SeleniumBrowser] ENTER --> (_waitForJStoLoad)
19:35:26,432 INFO  [SeleniumBrowser] EXIT --> (_waitForJStoLoad) --> DOM load wait done: true
19:35:26,432 INFO  [SeleniumBrowser] (waitForElement) -> element wait eligibility set: true
19:35:26,432 INFO  [SeleniumBrowser] EXIT --> (waitForElement)
19:35:26,432 INFO  [SeleniumBrowser] EXIT --> (_waitForElement)
19:35:26,444 INFO  [SeleniumBrowser] ENTER --> (_getByLocator)
19:35:26,444 INFO  [SeleniumBrowser] (_getByLocator) -> Getting locator for null
19:35:26,444 INFO  [SeleniumBrowser] (_getByLocator) -> Locator info found for ID attribute as: fields-model-value
19:35:26,445 INFO  [SeleniumBrowser] EXIT --> (_getByLocator)
19:35:26,469 INFO  [SeleniumBrowser] ENTER --> (_getByLocator)
19:35:26,470 INFO  [SeleniumBrowser] (_getByLocator) -> Getting locator for null
19:35:26,470 INFO  [SeleniumBrowser] (_getByLocator) -> Locator info found for ID attribute as: fields-model-value
19:35:26,470 INFO  [SeleniumBrowser] EXIT --> (_getByLocator)
19:35:26,553 INFO  [SeleniumBrowser] ENTER --> (_getByLocator)
19:35:26,553 INFO  [SeleniumBrowser] (_getByLocator) -> Getting locator for null
19:35:26,553 INFO  [SeleniumBrowser] (_getByLocator) -> Locator info found for ID attribute as: fields-model-value
19:35:26,553 INFO  [SeleniumBrowser] EXIT --> (_getByLocator)
19:35:26,628 INFO  [SeleniumBrowser] ENTER --> (_waitForElement) --> Waiting for element: null
19:35:26,628 INFO  [SeleniumBrowser] ENTER --> (waitForElement)
19:35:26,634 INFO  [SeleniumBrowser] ENTER --> (_getByLocator)
19:35:26,634 INFO  [SeleniumBrowser] (_getByLocator) -> Getting locator for null
19:35:26,635 INFO  [SeleniumBrowser] (_getByLocator) -> Locator info found for ID attribute as: fields-model-value
19:35:26,635 INFO  [SeleniumBrowser] EXIT --> (_getByLocator)
19:35:26,653 INFO  [SeleniumBrowser] ENTER --> (_getByLocator)
19:35:26,653 INFO  [SeleniumBrowser] (_getByLocator) -> Getting locator for null
19:35:26,653 INFO  [SeleniumBrowser] (_getByLocator) -> Locator info found for ID attribute as: fields-model-value
19:35:26,653 INFO  [SeleniumBrowser] EXIT --> (_getByLocator)
19:35:26,681 INFO  [SeleniumBrowser] (waitForElement) -> element wait eligibility found: true
19:35:26,681 INFO  [SeleniumBrowser] ENTER --> (_waitForJStoLoad)
19:35:26,715 INFO  [SeleniumBrowser] EXIT --> (_waitForJStoLoad) --> DOM load wait done: true
19:35:26,715 INFO  [SeleniumBrowser] (waitForElement) -> element wait eligibility set: true
19:35:26,716 INFO  [SeleniumBrowser] EXIT --> (waitForElement)
19:35:26,716 INFO  [SeleniumBrowser] EXIT --> (_waitForElement)
19:35:26,726 INFO  [SeleniumBrowser] ENTER --> (_getByLocator)
19:35:26,726 INFO  [SeleniumBrowser] (_getByLocator) -> Getting locator for null
19:35:26,726 INFO  [SeleniumBrowser] (_getByLocator) -> Locator info found for ID attribute as: fields-model-value
19:35:26,726 INFO  [SeleniumBrowser] EXIT --> (_getByLocator)
19:35:26,737 INFO  [SeleniumBrowser] ENTER --> (_waitForElement) --> Waiting for element: null
19:35:26,738 INFO  [SeleniumBrowser] ENTER --> (waitForElement)
19:35:26,744 INFO  [SeleniumBrowser] ENTER --> (_getByLocator)
19:35:26,745 INFO  [SeleniumBrowser] (_getByLocator) -> Getting locator for null
19:35:26,745 INFO  [SeleniumBrowser] (_getByLocator) -> Locator info found for ID attribute as: fields-model-value
19:35:26,745 INFO  [SeleniumBrowser] EXIT --> (_getByLocator)
19:35:26,759 INFO  [SeleniumBrowser] ENTER --> (_getByLocator)
19:35:26,759 INFO  [SeleniumBrowser] (_getByLocator) -> Getting locator for null
19:35:26,760 INFO  [SeleniumBrowser] (_getByLocator) -> Locator info found for ID attribute as: fields-model-value
19:35:26,760 INFO  [SeleniumBrowser] EXIT --> (_getByLocator)
19:35:26,789 INFO  [SeleniumBrowser] (waitForElement) -> element wait eligibility found: true
19:35:26,789 INFO  [SeleniumBrowser] ENTER --> (_waitForJStoLoad)
19:35:26,834 INFO  [SeleniumBrowser] EXIT --> (_waitForJStoLoad) --> DOM load wait done: true
19:35:26,834 INFO  [SeleniumBrowser] (waitForElement) -> element wait eligibility set: true
19:35:26,834 INFO  [SeleniumBrowser] EXIT --> (waitForElement)
19:35:26,835 INFO  [SeleniumBrowser] EXIT --> (_waitForElement)
19:35:26,849 INFO  [SeleniumBrowser] ENTER --> (_getByLocator)
19:35:26,849 INFO  [SeleniumBrowser] (_getByLocator) -> Getting locator for null
19:35:26,849 INFO  [SeleniumBrowser] (_getByLocator) -> Locator info found for ID attribute as: fields-model-value
19:35:26,849 INFO  [SeleniumBrowser] EXIT --> (_getByLocator)
19:35:26,865 INFO  [SeleniumBrowser] ENTER --> (initElements)
19:35:26,865 INFO  [SeleniumBrowser] (initElements) -> ID set to field: name
19:35:26,865 INFO  [SeleniumBrowser] (initElements) -> Name set to field: 
19:35:26,865 INFO  [SeleniumBrowser] (initElements) -> CSS set to field: 
19:35:26,865 INFO  [SeleniumBrowser] (initElements) -> XPath set to field: 
19:35:26,865 INFO  [SeleniumBrowser] (initElements) -> ID set to field: phone0
19:35:26,866 INFO  [SeleniumBrowser] (initElements) -> Name set to field: 
19:35:26,866 INFO  [SeleniumBrowser] (initElements) -> CSS set to field: 
19:35:26,866 INFO  [SeleniumBrowser] (initElements) -> XPath set to field: 
19:35:26,866 INFO  [SeleniumBrowser] (initElements) -> ID set to field: email
19:35:26,866 INFO  [SeleniumBrowser] (initElements) -> Name set to field: 
19:35:26,866 INFO  [SeleniumBrowser] (initElements) -> CSS set to field: 
19:35:26,866 INFO  [SeleniumBrowser] (initElements) -> XPath set to field: 
19:35:26,866 INFO  [SeleniumBrowser] (initElements) -> ID set to field: 
19:35:26,866 INFO  [SeleniumBrowser] (initElements) -> Name set to field: 
19:35:26,866 INFO  [SeleniumBrowser] (initElements) -> CSS set to field: 
19:35:26,866 INFO  [SeleniumBrowser] (initElements) -> XPath set to field: //button[@name='post']
19:35:26,867 INFO  [SeleniumBrowser] (initElements) -> ID set to field: 
19:35:26,867 INFO  [SeleniumBrowser] (initElements) -> Name set to field: 
19:35:26,867 INFO  [SeleniumBrowser] (initElements) -> CSS set to field: 
19:35:26,867 INFO  [SeleniumBrowser] (initElements) -> XPath set to field: //a[contains(@href,'/my/dashboard')]
19:35:26,867 INFO  [SeleniumBrowser] (initElements) -> ID set to field: password
19:35:26,867 INFO  [SeleniumBrowser] (initElements) -> Name set to field: 
19:35:26,867 INFO  [SeleniumBrowser] (initElements) -> CSS set to field: 
19:35:26,867 INFO  [SeleniumBrowser] (initElements) -> XPath set to field: 
19:35:26,867 INFO  [SeleniumBrowser] (initElements) -> ID set to field: password-confirm
19:35:26,867 INFO  [SeleniumBrowser] (initElements) -> Name set to field: 
19:35:26,868 INFO  [SeleniumBrowser] (initElements) -> CSS set to field: 
19:35:26,868 INFO  [SeleniumBrowser] (initElements) -> XPath set to field: 
19:35:26,868 INFO  [SeleniumBrowser] (initElements) -> ID set to field: 
19:35:26,868 INFO  [SeleniumBrowser] (initElements) -> Name set to field: 
19:35:26,868 INFO  [SeleniumBrowser] (initElements) -> CSS set to field: 
19:35:26,868 INFO  [SeleniumBrowser] (initElements) -> XPath set to field: //button[@class = 'ui-btn is-secondary has-busy is-auto']
19:35:26,868 INFO  [SeleniumBrowser] (initElements) -> ID set to field: fields-condition-value
19:35:26,869 INFO  [SeleniumBrowser] (initElements) -> Name set to field: 
19:35:26,869 INFO  [SeleniumBrowser] (initElements) -> CSS set to field: 
19:35:26,869 INFO  [SeleniumBrowser] (initElements) -> XPath set to field: 
19:35:26,869 INFO  [SeleniumBrowser] (initElements) -> ID set to field: 
19:35:26,869 INFO  [SeleniumBrowser] (initElements) -> Name set to field: 
19:35:26,869 INFO  [SeleniumBrowser] (initElements) -> CSS set to field: 
19:35:26,869 INFO  [SeleniumBrowser] (initElements) -> XPath set to field: //div[@class='post-upload']
19:35:26,869 INFO  [SeleniumBrowser] (initElements) -> ID set to field: fields-brand-value
19:35:26,870 INFO  [SeleniumBrowser] (initElements) -> Name set to field: 
19:35:26,870 INFO  [SeleniumBrowser] (initElements) -> CSS set to field: 
19:35:26,870 INFO  [SeleniumBrowser] (initElements) -> XPath set to field: 
19:35:26,870 INFO  [SeleniumBrowser] (initElements) -> ID set to field: fields-model-value
19:35:26,870 INFO  [SeleniumBrowser] (initElements) -> Name set to field: 
19:35:26,870 INFO  [SeleniumBrowser] (initElements) -> CSS set to field: 
19:35:26,870 INFO  [SeleniumBrowser] (initElements) -> XPath set to field: 
19:35:26,870 INFO  [SeleniumBrowser] (initElements) -> ID set to field: fields-title-value
19:35:26,871 INFO  [SeleniumBrowser] (initElements) -> Name set to field: 
19:35:26,871 INFO  [SeleniumBrowser] (initElements) -> CSS set to field: 
19:35:26,871 INFO  [SeleniumBrowser] (initElements) -> XPath set to field: 
19:35:26,871 INFO  [SeleniumBrowser] (initElements) -> ID set to field: fields-description-value
19:35:26,871 INFO  [SeleniumBrowser] (initElements) -> Name set to field: 
19:35:26,871 INFO  [SeleniumBrowser] (initElements) -> CSS set to field: 
19:35:26,872 INFO  [SeleniumBrowser] (initElements) -> XPath set to field: 
19:35:26,872 INFO  [SeleniumBrowser] (initElements) -> ID set to field: fields-price-amount
19:35:26,872 INFO  [SeleniumBrowser] (initElements) -> Name set to field: 
19:35:26,872 INFO  [SeleniumBrowser] (initElements) -> CSS set to field: 
19:35:26,872 INFO  [SeleniumBrowser] (initElements) -> XPath set to field: 
19:35:26,872 INFO  [SeleniumBrowser] EXIT --> (initElements)
19:35:26,872 INFO  [SeleniumBrowser] ENTER --> (_waitForElement) --> Waiting for element: null
19:35:26,872 INFO  [SeleniumBrowser] ENTER --> (waitForElement)
19:35:26,882 INFO  [SeleniumBrowser] ENTER --> (_getByLocator)
19:35:26,882 INFO  [SeleniumBrowser] (_getByLocator) -> Getting locator for null
19:35:26,882 INFO  [SeleniumBrowser] (_getByLocator) -> Locator info found for ID attribute as: fields-title-value
19:35:26,882 INFO  [SeleniumBrowser] EXIT --> (_getByLocator)
19:35:26,899 INFO  [SeleniumBrowser] ENTER --> (_getByLocator)
19:35:26,899 INFO  [SeleniumBrowser] (_getByLocator) -> Getting locator for null
19:35:26,899 INFO  [SeleniumBrowser] (_getByLocator) -> Locator info found for ID attribute as: fields-title-value
19:35:26,899 INFO  [SeleniumBrowser] EXIT --> (_getByLocator)
19:35:26,928 INFO  [SeleniumBrowser] (waitForElement) -> element wait eligibility found: true
19:35:26,928 INFO  [SeleniumBrowser] ENTER --> (_waitForJStoLoad)
19:35:26,963 INFO  [SeleniumBrowser] EXIT --> (_waitForJStoLoad) --> DOM load wait done: true
19:35:26,963 INFO  [SeleniumBrowser] (waitForElement) -> element wait eligibility set: true
19:35:26,963 INFO  [SeleniumBrowser] EXIT --> (waitForElement)
19:35:26,963 INFO  [SeleniumBrowser] EXIT --> (_waitForElement)
19:35:26,963 INFO  [SeleniumBrowser] ENTER --> (_waitForElement) --> Waiting for element: null
19:35:26,964 INFO  [SeleniumBrowser] ENTER --> (waitForElement)
19:35:26,969 INFO  [SeleniumBrowser] ENTER --> (_getByLocator)
19:35:26,969 INFO  [SeleniumBrowser] (_getByLocator) -> Getting locator for null
19:35:26,969 INFO  [SeleniumBrowser] (_getByLocator) -> Locator info found for ID attribute as: fields-title-value
19:35:26,969 INFO  [SeleniumBrowser] EXIT --> (_getByLocator)
19:35:26,992 INFO  [SeleniumBrowser] ENTER --> (_getByLocator)
19:35:26,992 INFO  [SeleniumBrowser] (_getByLocator) -> Getting locator for null
19:35:26,992 INFO  [SeleniumBrowser] (_getByLocator) -> Locator info found for ID attribute as: fields-title-value
19:35:26,993 INFO  [SeleniumBrowser] EXIT --> (_getByLocator)
19:35:27,022 INFO  [SeleniumBrowser] (waitForElement) -> element wait eligibility found: true
19:35:27,023 INFO  [SeleniumBrowser] ENTER --> (_waitForJStoLoad)
19:35:27,052 INFO  [SeleniumBrowser] EXIT --> (_waitForJStoLoad) --> DOM load wait done: true
19:35:27,052 INFO  [SeleniumBrowser] (waitForElement) -> element wait eligibility set: true
19:35:27,052 INFO  [SeleniumBrowser] EXIT --> (waitForElement)
19:35:27,052 INFO  [SeleniumBrowser] EXIT --> (_waitForElement)
19:35:27,052 INFO  [SeleniumBrowser] ENTER --> (_waitForElement) --> Waiting for element: null
19:35:27,052 INFO  [SeleniumBrowser] ENTER --> (waitForElement)
19:35:27,066 INFO  [SeleniumBrowser] ENTER --> (_getByLocator)
19:35:27,067 INFO  [SeleniumBrowser] (_getByLocator) -> Getting locator for null
19:35:27,067 INFO  [SeleniumBrowser] (_getByLocator) -> Locator info found for ID attribute as: fields-title-value
19:35:27,067 INFO  [SeleniumBrowser] EXIT --> (_getByLocator)
19:35:27,085 INFO  [SeleniumBrowser] ENTER --> (_getByLocator)
19:35:27,085 INFO  [SeleniumBrowser] (_getByLocator) -> Getting locator for null
19:35:27,086 INFO  [SeleniumBrowser] (_getByLocator) -> Locator info found for ID attribute as: fields-title-value
19:35:27,086 INFO  [SeleniumBrowser] EXIT --> (_getByLocator)
19:35:27,113 INFO  [SeleniumBrowser] (waitForElement) -> element wait eligibility found: true
19:35:27,113 INFO  [SeleniumBrowser] ENTER --> (_waitForJStoLoad)
19:35:27,148 INFO  [SeleniumBrowser] EXIT --> (_waitForJStoLoad) --> DOM load wait done: true
19:35:27,148 INFO  [SeleniumBrowser] (waitForElement) -> element wait eligibility set: true
19:35:27,148 INFO  [SeleniumBrowser] EXIT --> (waitForElement)
19:35:27,148 INFO  [SeleniumBrowser] EXIT --> (_waitForElement)
19:35:27,148 INFO  [SeleniumBrowser] ENTER --> (_waitForElement) --> Waiting for element: null
19:35:27,148 INFO  [SeleniumBrowser] ENTER --> (waitForElement)
19:35:27,165 INFO  [SeleniumBrowser] ENTER --> (_getByLocator)
19:35:27,165 INFO  [SeleniumBrowser] (_getByLocator) -> Getting locator for null
19:35:27,165 INFO  [SeleniumBrowser] (_getByLocator) -> Locator info found for ID attribute as: fields-title-value
19:35:27,165 INFO  [SeleniumBrowser] EXIT --> (_getByLocator)
19:35:27,181 INFO  [SeleniumBrowser] ENTER --> (_getByLocator)
19:35:27,181 INFO  [SeleniumBrowser] (_getByLocator) -> Getting locator for null
19:35:27,182 INFO  [SeleniumBrowser] (_getByLocator) -> Locator info found for ID attribute as: fields-title-value
19:35:27,182 INFO  [SeleniumBrowser] EXIT --> (_getByLocator)
19:35:27,208 INFO  [SeleniumBrowser] (waitForElement) -> element wait eligibility found: true
19:35:27,208 INFO  [SeleniumBrowser] ENTER --> (_waitForJStoLoad)
19:35:27,246 INFO  [SeleniumBrowser] EXIT --> (_waitForJStoLoad) --> DOM load wait done: true
19:35:27,246 INFO  [SeleniumBrowser] (waitForElement) -> element wait eligibility set: true
19:35:27,246 INFO  [SeleniumBrowser] EXIT --> (waitForElement)
19:35:27,246 INFO  [SeleniumBrowser] EXIT --> (_waitForElement)
19:35:27,251 INFO  [SeleniumBrowser] ENTER --> (_getByLocator)
19:35:27,251 INFO  [SeleniumBrowser] (_getByLocator) -> Getting locator for null
19:35:27,251 INFO  [SeleniumBrowser] (_getByLocator) -> Locator info found for ID attribute as: fields-title-value
19:35:27,251 INFO  [SeleniumBrowser] EXIT --> (_getByLocator)
19:35:27,288 INFO  [SeleniumBrowser] ENTER --> (_getByLocator)
19:35:27,288 INFO  [SeleniumBrowser] (_getByLocator) -> Getting locator for null
19:35:27,288 INFO  [SeleniumBrowser] (_getByLocator) -> Locator info found for ID attribute as: fields-title-value
19:35:27,288 INFO  [SeleniumBrowser] EXIT --> (_getByLocator)
19:35:27,365 INFO  [SeleniumBrowser] ENTER --> (_getByLocator)
19:35:27,365 INFO  [SeleniumBrowser] (_getByLocator) -> Getting locator for null
19:35:27,365 INFO  [SeleniumBrowser] (_getByLocator) -> Locator info found for ID attribute as: fields-title-value
19:35:27,365 INFO  [SeleniumBrowser] EXIT --> (_getByLocator)
19:35:27,488 INFO  [SeleniumBrowser] ENTER --> (_waitForElement) --> Waiting for element: null
19:35:27,488 INFO  [SeleniumBrowser] ENTER --> (waitForElement)
19:35:27,497 INFO  [SeleniumBrowser] ENTER --> (_getByLocator)
19:35:27,497 INFO  [SeleniumBrowser] (_getByLocator) -> Getting locator for null
19:35:27,498 INFO  [SeleniumBrowser] (_getByLocator) -> Locator info found for ID attribute as: fields-title-value
19:35:27,498 INFO  [SeleniumBrowser] EXIT --> (_getByLocator)
19:35:27,516 INFO  [SeleniumBrowser] ENTER --> (_getByLocator)
19:35:27,517 INFO  [SeleniumBrowser] (_getByLocator) -> Getting locator for null
19:35:27,517 INFO  [SeleniumBrowser] (_getByLocator) -> Locator info found for ID attribute as: fields-title-value
19:35:27,517 INFO  [SeleniumBrowser] EXIT --> (_getByLocator)
19:35:27,556 INFO  [SeleniumBrowser] (waitForElement) -> element wait eligibility found: true
19:35:27,556 INFO  [SeleniumBrowser] ENTER --> (_waitForJStoLoad)
19:35:27,641 INFO  [SeleniumBrowser] EXIT --> (_waitForJStoLoad) --> DOM load wait done: true
19:35:27,642 INFO  [SeleniumBrowser] (waitForElement) -> element wait eligibility set: true
19:35:27,642 INFO  [SeleniumBrowser] EXIT --> (waitForElement)
19:35:27,642 INFO  [SeleniumBrowser] EXIT --> (_waitForElement)
19:35:27,647 INFO  [SeleniumBrowser] ENTER --> (_getByLocator)
19:35:27,647 INFO  [SeleniumBrowser] (_getByLocator) -> Getting locator for null
19:35:27,648 INFO  [SeleniumBrowser] (_getByLocator) -> Locator info found for ID attribute as: fields-title-value
19:35:27,648 INFO  [SeleniumBrowser] EXIT --> (_getByLocator)
19:35:27,662 INFO  [SeleniumBrowser] ENTER --> (_waitForElement) --> Waiting for element: null
19:35:27,662 INFO  [SeleniumBrowser] ENTER --> (waitForElement)
19:35:27,668 INFO  [SeleniumBrowser] ENTER --> (_getByLocator)
19:35:27,668 INFO  [SeleniumBrowser] (_getByLocator) -> Getting locator for null
19:35:27,668 INFO  [SeleniumBrowser] (_getByLocator) -> Locator info found for ID attribute as: fields-title-value
19:35:27,668 INFO  [SeleniumBrowser] EXIT --> (_getByLocator)
19:35:27,687 INFO  [SeleniumBrowser] ENTER --> (_getByLocator)
19:35:27,687 INFO  [SeleniumBrowser] (_getByLocator) -> Getting locator for null
19:35:27,687 INFO  [SeleniumBrowser] (_getByLocator) -> Locator info found for ID attribute as: fields-title-value
19:35:27,687 INFO  [SeleniumBrowser] EXIT --> (_getByLocator)
19:35:27,721 INFO  [SeleniumBrowser] (waitForElement) -> element wait eligibility found: true
19:35:27,721 INFO  [SeleniumBrowser] ENTER --> (_waitForJStoLoad)
19:35:27,761 INFO  [SeleniumBrowser] EXIT --> (_waitForJStoLoad) --> DOM load wait done: true
19:35:27,761 INFO  [SeleniumBrowser] (waitForElement) -> element wait eligibility set: true
19:35:27,761 INFO  [SeleniumBrowser] EXIT --> (waitForElement)
19:35:27,762 INFO  [SeleniumBrowser] EXIT --> (_waitForElement)
19:35:27,768 INFO  [SeleniumBrowser] ENTER --> (_getByLocator)
19:35:27,768 INFO  [SeleniumBrowser] (_getByLocator) -> Getting locator for null
19:35:27,768 INFO  [SeleniumBrowser] (_getByLocator) -> Locator info found for ID attribute as: fields-title-value
19:35:27,768 INFO  [SeleniumBrowser] EXIT --> (_getByLocator)
19:35:27,790 INFO  [SeleniumBrowser] ENTER --> (initElements)
19:35:27,790 INFO  [SeleniumBrowser] (initElements) -> ID set to field: name
19:35:27,791 INFO  [SeleniumBrowser] (initElements) -> Name set to field: 
19:35:27,791 INFO  [SeleniumBrowser] (initElements) -> CSS set to field: 
19:35:27,791 INFO  [SeleniumBrowser] (initElements) -> XPath set to field: 
19:35:27,791 INFO  [SeleniumBrowser] (initElements) -> ID set to field: phone0
19:35:27,791 INFO  [SeleniumBrowser] (initElements) -> Name set to field: 
19:35:27,792 INFO  [SeleniumBrowser] (initElements) -> CSS set to field: 
19:35:27,792 INFO  [SeleniumBrowser] (initElements) -> XPath set to field: 
19:35:27,792 INFO  [SeleniumBrowser] (initElements) -> ID set to field: email
19:35:27,792 INFO  [SeleniumBrowser] (initElements) -> Name set to field: 
19:35:27,792 INFO  [SeleniumBrowser] (initElements) -> CSS set to field: 
19:35:27,792 INFO  [SeleniumBrowser] (initElements) -> XPath set to field: 
19:35:27,793 INFO  [SeleniumBrowser] (initElements) -> ID set to field: 
19:35:27,793 INFO  [SeleniumBrowser] (initElements) -> Name set to field: 
19:35:27,793 INFO  [SeleniumBrowser] (initElements) -> CSS set to field: 
19:35:27,793 INFO  [SeleniumBrowser] (initElements) -> XPath set to field: //button[@name='post']
19:35:27,793 INFO  [SeleniumBrowser] (initElements) -> ID set to field: 
19:35:27,793 INFO  [SeleniumBrowser] (initElements) -> Name set to field: 
19:35:27,793 INFO  [SeleniumBrowser] (initElements) -> CSS set to field: 
19:35:27,793 INFO  [SeleniumBrowser] (initElements) -> XPath set to field: //a[contains(@href,'/my/dashboard')]
19:35:27,793 INFO  [SeleniumBrowser] (initElements) -> ID set to field: password
19:35:27,794 INFO  [SeleniumBrowser] (initElements) -> Name set to field: 
19:35:27,794 INFO  [SeleniumBrowser] (initElements) -> CSS set to field: 
19:35:27,794 INFO  [SeleniumBrowser] (initElements) -> XPath set to field: 
19:35:27,794 INFO  [SeleniumBrowser] (initElements) -> ID set to field: password-confirm
19:35:27,794 INFO  [SeleniumBrowser] (initElements) -> Name set to field: 
19:35:27,794 INFO  [SeleniumBrowser] (initElements) -> CSS set to field: 
19:35:27,794 INFO  [SeleniumBrowser] (initElements) -> XPath set to field: 
19:35:27,794 INFO  [SeleniumBrowser] (initElements) -> ID set to field: 
19:35:27,794 INFO  [SeleniumBrowser] (initElements) -> Name set to field: 
19:35:27,795 INFO  [SeleniumBrowser] (initElements) -> CSS set to field: 
19:35:27,795 INFO  [SeleniumBrowser] (initElements) -> XPath set to field: //button[@class = 'ui-btn is-secondary has-busy is-auto']
19:35:27,795 INFO  [SeleniumBrowser] (initElements) -> ID set to field: fields-condition-value
19:35:27,795 INFO  [SeleniumBrowser] (initElements) -> Name set to field: 
19:35:27,795 INFO  [SeleniumBrowser] (initElements) -> CSS set to field: 
19:35:27,795 INFO  [SeleniumBrowser] (initElements) -> XPath set to field: 
19:35:27,795 INFO  [SeleniumBrowser] (initElements) -> ID set to field: 
19:35:27,795 INFO  [SeleniumBrowser] (initElements) -> Name set to field: 
19:35:27,796 INFO  [SeleniumBrowser] (initElements) -> CSS set to field: 
19:35:27,796 INFO  [SeleniumBrowser] (initElements) -> XPath set to field: //div[@class='post-upload']
19:35:27,796 INFO  [SeleniumBrowser] (initElements) -> ID set to field: fields-brand-value
19:35:27,796 INFO  [SeleniumBrowser] (initElements) -> Name set to field: 
19:35:27,796 INFO  [SeleniumBrowser] (initElements) -> CSS set to field: 
19:35:27,796 INFO  [SeleniumBrowser] (initElements) -> XPath set to field: 
19:35:27,796 INFO  [SeleniumBrowser] (initElements) -> ID set to field: fields-model-value
19:35:27,796 INFO  [SeleniumBrowser] (initElements) -> Name set to field: 
19:35:27,797 INFO  [SeleniumBrowser] (initElements) -> CSS set to field: 
19:35:27,797 INFO  [SeleniumBrowser] (initElements) -> XPath set to field: 
19:35:27,797 INFO  [SeleniumBrowser] (initElements) -> ID set to field: fields-title-value
19:35:27,797 INFO  [SeleniumBrowser] (initElements) -> Name set to field: 
19:35:27,797 INFO  [SeleniumBrowser] (initElements) -> CSS set to field: 
19:35:27,797 INFO  [SeleniumBrowser] (initElements) -> XPath set to field: 
19:35:27,797 INFO  [SeleniumBrowser] (initElements) -> ID set to field: fields-description-value
19:35:27,798 INFO  [SeleniumBrowser] (initElements) -> Name set to field: 
19:35:27,798 INFO  [SeleniumBrowser] (initElements) -> CSS set to field: 
19:35:27,798 INFO  [SeleniumBrowser] (initElements) -> XPath set to field: 
19:35:27,798 INFO  [SeleniumBrowser] (initElements) -> ID set to field: fields-price-amount
19:35:27,798 INFO  [SeleniumBrowser] (initElements) -> Name set to field: 
19:35:27,798 INFO  [SeleniumBrowser] (initElements) -> CSS set to field: 
19:35:27,798 INFO  [SeleniumBrowser] (initElements) -> XPath set to field: 
19:35:27,799 INFO  [SeleniumBrowser] EXIT --> (initElements)
19:35:27,799 INFO  [SeleniumBrowser] ENTER --> (_waitForElement) --> Waiting for element: null
19:35:27,799 INFO  [SeleniumBrowser] ENTER --> (waitForElement)
19:35:27,808 INFO  [SeleniumBrowser] ENTER --> (_getByLocator)
19:35:27,808 INFO  [SeleniumBrowser] (_getByLocator) -> Getting locator for null
19:35:27,808 INFO  [SeleniumBrowser] (_getByLocator) -> Locator info found for ID attribute as: fields-description-value
19:35:27,808 INFO  [SeleniumBrowser] EXIT --> (_getByLocator)
19:35:27,825 INFO  [SeleniumBrowser] ENTER --> (_getByLocator)
19:35:27,825 INFO  [SeleniumBrowser] (_getByLocator) -> Getting locator for null
19:35:27,826 INFO  [SeleniumBrowser] (_getByLocator) -> Locator info found for ID attribute as: fields-description-value
19:35:27,826 INFO  [SeleniumBrowser] EXIT --> (_getByLocator)
19:35:27,989 INFO  [SeleniumBrowser] (waitForElement) -> element wait eligibility found: true
19:35:27,989 INFO  [SeleniumBrowser] ENTER --> (_waitForJStoLoad)
19:35:28,030 INFO  [SeleniumBrowser] EXIT --> (_waitForJStoLoad) --> DOM load wait done: true
19:35:28,030 INFO  [SeleniumBrowser] (waitForElement) -> element wait eligibility set: true
19:35:28,030 INFO  [SeleniumBrowser] EXIT --> (waitForElement)
19:35:28,030 INFO  [SeleniumBrowser] EXIT --> (_waitForElement)
19:35:28,030 INFO  [SeleniumBrowser] ENTER --> (_waitForElement) --> Waiting for element: null
19:35:28,031 INFO  [SeleniumBrowser] ENTER --> (waitForElement)
19:35:28,043 INFO  [SeleniumBrowser] ENTER --> (_getByLocator)
19:35:28,043 INFO  [SeleniumBrowser] (_getByLocator) -> Getting locator for null
19:35:28,043 INFO  [SeleniumBrowser] (_getByLocator) -> Locator info found for ID attribute as: fields-description-value
19:35:28,043 INFO  [SeleniumBrowser] EXIT --> (_getByLocator)
19:35:28,061 INFO  [SeleniumBrowser] ENTER --> (_getByLocator)
19:35:28,061 INFO  [SeleniumBrowser] (_getByLocator) -> Getting locator for null
19:35:28,061 INFO  [SeleniumBrowser] (_getByLocator) -> Locator info found for ID attribute as: fields-description-value
19:35:28,061 INFO  [SeleniumBrowser] EXIT --> (_getByLocator)
19:35:28,100 INFO  [SeleniumBrowser] (waitForElement) -> element wait eligibility found: true
19:35:28,101 INFO  [SeleniumBrowser] ENTER --> (_waitForJStoLoad)
19:35:28,144 INFO  [SeleniumBrowser] EXIT --> (_waitForJStoLoad) --> DOM load wait done: true
19:35:28,144 INFO  [SeleniumBrowser] (waitForElement) -> element wait eligibility set: true
19:35:28,144 INFO  [SeleniumBrowser] EXIT --> (waitForElement)
19:35:28,144 INFO  [SeleniumBrowser] EXIT --> (_waitForElement)
19:35:28,144 INFO  [SeleniumBrowser] ENTER --> (_waitForElement) --> Waiting for element: null
19:35:28,145 INFO  [SeleniumBrowser] ENTER --> (waitForElement)
19:35:28,151 INFO  [SeleniumBrowser] ENTER --> (_getByLocator)
19:35:28,152 INFO  [SeleniumBrowser] (_getByLocator) -> Getting locator for null
19:35:28,152 INFO  [SeleniumBrowser] (_getByLocator) -> Locator info found for ID attribute as: fields-description-value
19:35:28,152 INFO  [SeleniumBrowser] EXIT --> (_getByLocator)
19:35:28,166 INFO  [SeleniumBrowser] ENTER --> (_getByLocator)
19:35:28,166 INFO  [SeleniumBrowser] (_getByLocator) -> Getting locator for null
19:35:28,166 INFO  [SeleniumBrowser] (_getByLocator) -> Locator info found for ID attribute as: fields-description-value
19:35:28,166 INFO  [SeleniumBrowser] EXIT --> (_getByLocator)
19:35:28,199 INFO  [SeleniumBrowser] (waitForElement) -> element wait eligibility found: true
19:35:28,199 INFO  [SeleniumBrowser] ENTER --> (_waitForJStoLoad)
19:35:28,232 INFO  [SeleniumBrowser] EXIT --> (_waitForJStoLoad) --> DOM load wait done: true
19:35:28,232 INFO  [SeleniumBrowser] (waitForElement) -> element wait eligibility set: true
19:35:28,232 INFO  [SeleniumBrowser] EXIT --> (waitForElement)
19:35:28,232 INFO  [SeleniumBrowser] EXIT --> (_waitForElement)
19:35:28,232 INFO  [SeleniumBrowser] ENTER --> (_waitForElement) --> Waiting for element: null
19:35:28,233 INFO  [SeleniumBrowser] ENTER --> (waitForElement)
19:35:28,243 INFO  [SeleniumBrowser] ENTER --> (_getByLocator)
19:35:28,243 INFO  [SeleniumBrowser] (_getByLocator) -> Getting locator for null
19:35:28,243 INFO  [SeleniumBrowser] (_getByLocator) -> Locator info found for ID attribute as: fields-description-value
19:35:28,244 INFO  [SeleniumBrowser] EXIT --> (_getByLocator)
19:35:28,262 INFO  [SeleniumBrowser] ENTER --> (_getByLocator)
19:35:28,263 INFO  [SeleniumBrowser] (_getByLocator) -> Getting locator for null
19:35:28,263 INFO  [SeleniumBrowser] (_getByLocator) -> Locator info found for ID attribute as: fields-description-value
19:35:28,263 INFO  [SeleniumBrowser] EXIT --> (_getByLocator)
19:35:28,293 INFO  [SeleniumBrowser] (waitForElement) -> element wait eligibility found: true
19:35:28,293 INFO  [SeleniumBrowser] ENTER --> (_waitForJStoLoad)
19:35:28,331 INFO  [SeleniumBrowser] EXIT --> (_waitForJStoLoad) --> DOM load wait done: true
19:35:28,331 INFO  [SeleniumBrowser] (waitForElement) -> element wait eligibility set: true
19:35:28,332 INFO  [SeleniumBrowser] EXIT --> (waitForElement)
19:35:28,332 INFO  [SeleniumBrowser] EXIT --> (_waitForElement)
19:35:28,344 INFO  [SeleniumBrowser] ENTER --> (_getByLocator)
19:35:28,344 INFO  [SeleniumBrowser] (_getByLocator) -> Getting locator for null
19:35:28,344 INFO  [SeleniumBrowser] (_getByLocator) -> Locator info found for ID attribute as: fields-description-value
19:35:28,344 INFO  [SeleniumBrowser] EXIT --> (_getByLocator)
19:35:28,372 INFO  [SeleniumBrowser] ENTER --> (_getByLocator)
19:35:28,373 INFO  [SeleniumBrowser] (_getByLocator) -> Getting locator for null
19:35:28,373 INFO  [SeleniumBrowser] (_getByLocator) -> Locator info found for ID attribute as: fields-description-value
19:35:28,373 INFO  [SeleniumBrowser] EXIT --> (_getByLocator)
19:35:28,481 INFO  [SeleniumBrowser] ENTER --> (_getByLocator)
19:35:28,481 INFO  [SeleniumBrowser] (_getByLocator) -> Getting locator for null
19:35:28,481 INFO  [SeleniumBrowser] (_getByLocator) -> Locator info found for ID attribute as: fields-description-value
19:35:28,482 INFO  [SeleniumBrowser] EXIT --> (_getByLocator)
19:35:28,658 INFO  [SeleniumBrowser] ENTER --> (_waitForElement) --> Waiting for element: null
19:35:28,658 INFO  [SeleniumBrowser] ENTER --> (waitForElement)
19:35:28,664 INFO  [SeleniumBrowser] ENTER --> (_getByLocator)
19:35:28,664 INFO  [SeleniumBrowser] (_getByLocator) -> Getting locator for null
19:35:28,664 INFO  [SeleniumBrowser] (_getByLocator) -> Locator info found for ID attribute as: fields-description-value
19:35:28,664 INFO  [SeleniumBrowser] EXIT --> (_getByLocator)
19:35:28,683 INFO  [SeleniumBrowser] ENTER --> (_getByLocator)
19:35:28,683 INFO  [SeleniumBrowser] (_getByLocator) -> Getting locator for null
19:35:28,683 INFO  [SeleniumBrowser] (_getByLocator) -> Locator info found for ID attribute as: fields-description-value
19:35:28,684 INFO  [SeleniumBrowser] EXIT --> (_getByLocator)
19:35:28,716 INFO  [SeleniumBrowser] (waitForElement) -> element wait eligibility found: true
19:35:28,716 INFO  [SeleniumBrowser] ENTER --> (_waitForJStoLoad)
19:35:28,750 INFO  [SeleniumBrowser] EXIT --> (_waitForJStoLoad) --> DOM load wait done: true
19:35:28,750 INFO  [SeleniumBrowser] (waitForElement) -> element wait eligibility set: true
19:35:28,750 INFO  [SeleniumBrowser] EXIT --> (waitForElement)
19:35:28,750 INFO  [SeleniumBrowser] EXIT --> (_waitForElement)
19:35:28,760 INFO  [SeleniumBrowser] ENTER --> (_getByLocator)
19:35:28,760 INFO  [SeleniumBrowser] (_getByLocator) -> Getting locator for null
19:35:28,760 INFO  [SeleniumBrowser] (_getByLocator) -> Locator info found for ID attribute as: fields-description-value
19:35:28,761 INFO  [SeleniumBrowser] EXIT --> (_getByLocator)
19:35:28,779 INFO  [SeleniumBrowser] ENTER --> (_waitForElement) --> Waiting for element: null
19:35:28,779 INFO  [SeleniumBrowser] ENTER --> (waitForElement)
19:35:28,787 INFO  [SeleniumBrowser] ENTER --> (_getByLocator)
19:35:28,787 INFO  [SeleniumBrowser] (_getByLocator) -> Getting locator for null
19:35:28,788 INFO  [SeleniumBrowser] (_getByLocator) -> Locator info found for ID attribute as: fields-description-value
19:35:28,788 INFO  [SeleniumBrowser] EXIT --> (_getByLocator)
19:35:28,803 INFO  [SeleniumBrowser] ENTER --> (_getByLocator)
19:35:28,803 INFO  [SeleniumBrowser] (_getByLocator) -> Getting locator for null
19:35:28,804 INFO  [SeleniumBrowser] (_getByLocator) -> Locator info found for ID attribute as: fields-description-value
19:35:28,804 INFO  [SeleniumBrowser] EXIT --> (_getByLocator)
19:35:28,834 INFO  [SeleniumBrowser] (waitForElement) -> element wait eligibility found: true
19:35:28,834 INFO  [SeleniumBrowser] ENTER --> (_waitForJStoLoad)
19:35:28,874 INFO  [SeleniumBrowser] EXIT --> (_waitForJStoLoad) --> DOM load wait done: true
19:35:28,875 INFO  [SeleniumBrowser] (waitForElement) -> element wait eligibility set: true
19:35:28,875 INFO  [SeleniumBrowser] EXIT --> (waitForElement)
19:35:28,875 INFO  [SeleniumBrowser] EXIT --> (_waitForElement)
19:35:28,880 INFO  [SeleniumBrowser] ENTER --> (_getByLocator)
19:35:28,880 INFO  [SeleniumBrowser] (_getByLocator) -> Getting locator for null
19:35:28,880 INFO  [SeleniumBrowser] (_getByLocator) -> Locator info found for ID attribute as: fields-description-value
19:35:28,880 INFO  [SeleniumBrowser] EXIT --> (_getByLocator)
19:35:28,898 INFO  [SeleniumBrowser] ENTER --> (initElements)
19:35:28,899 INFO  [SeleniumBrowser] (initElements) -> ID set to field: name
19:35:28,899 INFO  [SeleniumBrowser] (initElements) -> Name set to field: 
19:35:28,899 INFO  [SeleniumBrowser] (initElements) -> CSS set to field: 
19:35:28,899 INFO  [SeleniumBrowser] (initElements) -> XPath set to field: 
19:35:28,899 INFO  [SeleniumBrowser] (initElements) -> ID set to field: phone0
19:35:28,900 INFO  [SeleniumBrowser] (initElements) -> Name set to field: 
19:35:28,900 INFO  [SeleniumBrowser] (initElements) -> CSS set to field: 
19:35:28,900 INFO  [SeleniumBrowser] (initElements) -> XPath set to field: 
19:35:28,900 INFO  [SeleniumBrowser] (initElements) -> ID set to field: email
19:35:28,900 INFO  [SeleniumBrowser] (initElements) -> Name set to field: 
19:35:28,900 INFO  [SeleniumBrowser] (initElements) -> CSS set to field: 
19:35:28,900 INFO  [SeleniumBrowser] (initElements) -> XPath set to field: 
19:35:28,900 INFO  [SeleniumBrowser] (initElements) -> ID set to field: 
19:35:28,901 INFO  [SeleniumBrowser] (initElements) -> Name set to field: 
19:35:28,901 INFO  [SeleniumBrowser] (initElements) -> CSS set to field: 
19:35:28,901 INFO  [SeleniumBrowser] (initElements) -> XPath set to field: //button[@name='post']
19:35:28,901 INFO  [SeleniumBrowser] (initElements) -> ID set to field: 
19:35:28,901 INFO  [SeleniumBrowser] (initElements) -> Name set to field: 
19:35:28,901 INFO  [SeleniumBrowser] (initElements) -> CSS set to field: 
19:35:28,901 INFO  [SeleniumBrowser] (initElements) -> XPath set to field: //a[contains(@href,'/my/dashboard')]
19:35:28,902 INFO  [SeleniumBrowser] (initElements) -> ID set to field: password
19:35:28,902 INFO  [SeleniumBrowser] (initElements) -> Name set to field: 
19:35:28,902 INFO  [SeleniumBrowser] (initElements) -> CSS set to field: 
19:35:28,902 INFO  [SeleniumBrowser] (initElements) -> XPath set to field: 
19:35:28,902 INFO  [SeleniumBrowser] (initElements) -> ID set to field: password-confirm
19:35:28,902 INFO  [SeleniumBrowser] (initElements) -> Name set to field: 
19:35:28,902 INFO  [SeleniumBrowser] (initElements) -> CSS set to field: 
19:35:28,903 INFO  [SeleniumBrowser] (initElements) -> XPath set to field: 
19:35:28,903 INFO  [SeleniumBrowser] (initElements) -> ID set to field: 
19:35:28,903 INFO  [SeleniumBrowser] (initElements) -> Name set to field: 
19:35:28,903 INFO  [SeleniumBrowser] (initElements) -> CSS set to field: 
19:35:28,903 INFO  [SeleniumBrowser] (initElements) -> XPath set to field: //button[@class = 'ui-btn is-secondary has-busy is-auto']
19:35:28,904 INFO  [SeleniumBrowser] (initElements) -> ID set to field: fields-condition-value
19:35:28,904 INFO  [SeleniumBrowser] (initElements) -> Name set to field: 
19:35:28,904 INFO  [SeleniumBrowser] (initElements) -> CSS set to field: 
19:35:28,904 INFO  [SeleniumBrowser] (initElements) -> XPath set to field: 
19:35:28,904 INFO  [SeleniumBrowser] (initElements) -> ID set to field: 
19:35:28,904 INFO  [SeleniumBrowser] (initElements) -> Name set to field: 
19:35:28,904 INFO  [SeleniumBrowser] (initElements) -> CSS set to field: 
19:35:28,905 INFO  [SeleniumBrowser] (initElements) -> XPath set to field: //div[@class='post-upload']
19:35:28,905 INFO  [SeleniumBrowser] (initElements) -> ID set to field: fields-brand-value
19:35:28,905 INFO  [SeleniumBrowser] (initElements) -> Name set to field: 
19:35:28,905 INFO  [SeleniumBrowser] (initElements) -> CSS set to field: 
19:35:28,905 INFO  [SeleniumBrowser] (initElements) -> XPath set to field: 
19:35:28,905 INFO  [SeleniumBrowser] (initElements) -> ID set to field: fields-model-value
19:35:28,906 INFO  [SeleniumBrowser] (initElements) -> Name set to field: 
19:35:28,906 INFO  [SeleniumBrowser] (initElements) -> CSS set to field: 
19:35:28,906 INFO  [SeleniumBrowser] (initElements) -> XPath set to field: 
19:35:28,906 INFO  [SeleniumBrowser] (initElements) -> ID set to field: fields-title-value
19:35:28,906 INFO  [SeleniumBrowser] (initElements) -> Name set to field: 
19:35:28,906 INFO  [SeleniumBrowser] (initElements) -> CSS set to field: 
19:35:28,906 INFO  [SeleniumBrowser] (initElements) -> XPath set to field: 
19:35:28,907 INFO  [SeleniumBrowser] (initElements) -> ID set to field: fields-description-value
19:35:28,907 INFO  [SeleniumBrowser] (initElements) -> Name set to field: 
19:35:28,907 INFO  [SeleniumBrowser] (initElements) -> CSS set to field: 
19:35:28,907 INFO  [SeleniumBrowser] (initElements) -> XPath set to field: 
19:35:28,907 INFO  [SeleniumBrowser] (initElements) -> ID set to field: fields-price-amount
19:35:28,907 INFO  [SeleniumBrowser] (initElements) -> Name set to field: 
19:35:28,907 INFO  [SeleniumBrowser] (initElements) -> CSS set to field: 
19:35:28,907 INFO  [SeleniumBrowser] (initElements) -> XPath set to field: 
19:35:28,908 INFO  [SeleniumBrowser] EXIT --> (initElements)
19:35:28,908 INFO  [SeleniumBrowser] ENTER --> (_waitForElement) --> Waiting for element: null
19:35:28,908 INFO  [SeleniumBrowser] ENTER --> (waitForElement)
19:35:28,917 INFO  [SeleniumBrowser] ENTER --> (_getByLocator)
19:35:28,917 INFO  [SeleniumBrowser] (_getByLocator) -> Getting locator for null
19:35:28,917 INFO  [SeleniumBrowser] (_getByLocator) -> Locator info found for ID attribute as: fields-price-amount
19:35:28,917 INFO  [SeleniumBrowser] EXIT --> (_getByLocator)
19:35:28,935 INFO  [SeleniumBrowser] ENTER --> (_getByLocator)
19:35:28,935 INFO  [SeleniumBrowser] (_getByLocator) -> Getting locator for null
19:35:28,935 INFO  [SeleniumBrowser] (_getByLocator) -> Locator info found for ID attribute as: fields-price-amount
19:35:28,935 INFO  [SeleniumBrowser] EXIT --> (_getByLocator)
19:35:28,966 INFO  [SeleniumBrowser] (waitForElement) -> element wait eligibility found: true
19:35:28,966 INFO  [SeleniumBrowser] ENTER --> (_waitForJStoLoad)
19:35:29,007 INFO  [SeleniumBrowser] EXIT --> (_waitForJStoLoad) --> DOM load wait done: true
19:35:29,007 INFO  [SeleniumBrowser] (waitForElement) -> element wait eligibility set: true
19:35:29,007 INFO  [SeleniumBrowser] EXIT --> (waitForElement)
19:35:29,008 INFO  [SeleniumBrowser] EXIT --> (_waitForElement)
19:35:29,008 INFO  [SeleniumBrowser] ENTER --> (_waitForElement) --> Waiting for element: null
19:35:29,008 INFO  [SeleniumBrowser] ENTER --> (waitForElement)
19:35:29,014 INFO  [SeleniumBrowser] ENTER --> (_getByLocator)
19:35:29,014 INFO  [SeleniumBrowser] (_getByLocator) -> Getting locator for null
19:35:29,014 INFO  [SeleniumBrowser] (_getByLocator) -> Locator info found for ID attribute as: fields-price-amount
19:35:29,015 INFO  [SeleniumBrowser] EXIT --> (_getByLocator)
19:35:29,035 INFO  [SeleniumBrowser] ENTER --> (_getByLocator)
19:35:29,035 INFO  [SeleniumBrowser] (_getByLocator) -> Getting locator for null
19:35:29,035 INFO  [SeleniumBrowser] (_getByLocator) -> Locator info found for ID attribute as: fields-price-amount
19:35:29,035 INFO  [SeleniumBrowser] EXIT --> (_getByLocator)
19:35:29,070 INFO  [SeleniumBrowser] (waitForElement) -> element wait eligibility found: true
19:35:29,070 INFO  [SeleniumBrowser] ENTER --> (_waitForJStoLoad)
19:35:29,102 INFO  [SeleniumBrowser] EXIT --> (_waitForJStoLoad) --> DOM load wait done: true
19:35:29,102 INFO  [SeleniumBrowser] (waitForElement) -> element wait eligibility set: true
19:35:29,102 INFO  [SeleniumBrowser] EXIT --> (waitForElement)
19:35:29,102 INFO  [SeleniumBrowser] EXIT --> (_waitForElement)
19:35:29,103 INFO  [SeleniumBrowser] ENTER --> (_waitForElement) --> Waiting for element: null
19:35:29,103 INFO  [SeleniumBrowser] ENTER --> (waitForElement)
19:35:29,112 INFO  [SeleniumBrowser] ENTER --> (_getByLocator)
19:35:29,113 INFO  [SeleniumBrowser] (_getByLocator) -> Getting locator for null
19:35:29,113 INFO  [SeleniumBrowser] (_getByLocator) -> Locator info found for ID attribute as: fields-price-amount
19:35:29,113 INFO  [SeleniumBrowser] EXIT --> (_getByLocator)
19:35:29,133 INFO  [SeleniumBrowser] ENTER --> (_getByLocator)
19:35:29,133 INFO  [SeleniumBrowser] (_getByLocator) -> Getting locator for null
19:35:29,133 INFO  [SeleniumBrowser] (_getByLocator) -> Locator info found for ID attribute as: fields-price-amount
19:35:29,133 INFO  [SeleniumBrowser] EXIT --> (_getByLocator)
19:35:29,159 INFO  [SeleniumBrowser] (waitForElement) -> element wait eligibility found: true
19:35:29,160 INFO  [SeleniumBrowser] ENTER --> (_waitForJStoLoad)
19:35:29,194 INFO  [SeleniumBrowser] EXIT --> (_waitForJStoLoad) --> DOM load wait done: true
19:35:29,194 INFO  [SeleniumBrowser] (waitForElement) -> element wait eligibility set: true
19:35:29,194 INFO  [SeleniumBrowser] EXIT --> (waitForElement)
19:35:29,194 INFO  [SeleniumBrowser] EXIT --> (_waitForElement)
19:35:29,194 INFO  [SeleniumBrowser] ENTER --> (_waitForElement) --> Waiting for element: null
19:35:29,194 INFO  [SeleniumBrowser] ENTER --> (waitForElement)
19:35:29,199 INFO  [SeleniumBrowser] ENTER --> (_getByLocator)
19:35:29,199 INFO  [SeleniumBrowser] (_getByLocator) -> Getting locator for null
19:35:29,199 INFO  [SeleniumBrowser] (_getByLocator) -> Locator info found for ID attribute as: fields-price-amount
19:35:29,199 INFO  [SeleniumBrowser] EXIT --> (_getByLocator)
19:35:29,213 INFO  [SeleniumBrowser] ENTER --> (_getByLocator)
19:35:29,213 INFO  [SeleniumBrowser] (_getByLocator) -> Getting locator for null
19:35:29,213 INFO  [SeleniumBrowser] (_getByLocator) -> Locator info found for ID attribute as: fields-price-amount
19:35:29,214 INFO  [SeleniumBrowser] EXIT --> (_getByLocator)
19:35:29,246 INFO  [SeleniumBrowser] (waitForElement) -> element wait eligibility found: true
19:35:29,246 INFO  [SeleniumBrowser] ENTER --> (_waitForJStoLoad)
19:35:29,279 INFO  [SeleniumBrowser] EXIT --> (_waitForJStoLoad) --> DOM load wait done: true
19:35:29,279 INFO  [SeleniumBrowser] (waitForElement) -> element wait eligibility set: true
19:35:29,279 INFO  [SeleniumBrowser] EXIT --> (waitForElement)
19:35:29,279 INFO  [SeleniumBrowser] EXIT --> (_waitForElement)
19:35:29,285 INFO  [SeleniumBrowser] ENTER --> (_getByLocator)
19:35:29,286 INFO  [SeleniumBrowser] (_getByLocator) -> Getting locator for null
19:35:29,286 INFO  [SeleniumBrowser] (_getByLocator) -> Locator info found for ID attribute as: fields-price-amount
19:35:29,286 INFO  [SeleniumBrowser] EXIT --> (_getByLocator)
19:35:29,333 INFO  [SeleniumBrowser] ENTER --> (_getByLocator)
19:35:29,334 INFO  [SeleniumBrowser] (_getByLocator) -> Getting locator for null
19:35:29,334 INFO  [SeleniumBrowser] (_getByLocator) -> Locator info found for ID attribute as: fields-price-amount
19:35:29,334 INFO  [SeleniumBrowser] EXIT --> (_getByLocator)
19:35:29,409 INFO  [SeleniumBrowser] ENTER --> (_getByLocator)
19:35:29,409 INFO  [SeleniumBrowser] (_getByLocator) -> Getting locator for null
19:35:29,409 INFO  [SeleniumBrowser] (_getByLocator) -> Locator info found for ID attribute as: fields-price-amount
19:35:29,409 INFO  [SeleniumBrowser] EXIT --> (_getByLocator)
19:35:29,451 INFO  [SeleniumBrowser] ENTER --> (_waitForElement) --> Waiting for element: null
19:35:29,451 INFO  [SeleniumBrowser] ENTER --> (waitForElement)
19:35:29,461 INFO  [SeleniumBrowser] ENTER --> (_getByLocator)
19:35:29,461 INFO  [SeleniumBrowser] (_getByLocator) -> Getting locator for null
19:35:29,461 INFO  [SeleniumBrowser] (_getByLocator) -> Locator info found for ID attribute as: fields-price-amount
19:35:29,461 INFO  [SeleniumBrowser] EXIT --> (_getByLocator)
19:35:29,478 INFO  [SeleniumBrowser] ENTER --> (_getByLocator)
19:35:29,478 INFO  [SeleniumBrowser] (_getByLocator) -> Getting locator for null
19:35:29,478 INFO  [SeleniumBrowser] (_getByLocator) -> Locator info found for ID attribute as: fields-price-amount
19:35:29,478 INFO  [SeleniumBrowser] EXIT --> (_getByLocator)
19:35:29,519 INFO  [SeleniumBrowser] (waitForElement) -> element wait eligibility found: true
19:35:29,519 INFO  [SeleniumBrowser] ENTER --> (_waitForJStoLoad)
19:35:29,552 INFO  [SeleniumBrowser] EXIT --> (_waitForJStoLoad) --> DOM load wait done: true
19:35:29,553 INFO  [SeleniumBrowser] (waitForElement) -> element wait eligibility set: true
19:35:29,553 INFO  [SeleniumBrowser] EXIT --> (waitForElement)
19:35:29,553 INFO  [SeleniumBrowser] EXIT --> (_waitForElement)
19:35:29,564 INFO  [SeleniumBrowser] ENTER --> (_getByLocator)
19:35:29,565 INFO  [SeleniumBrowser] (_getByLocator) -> Getting locator for null
19:35:29,565 INFO  [SeleniumBrowser] (_getByLocator) -> Locator info found for ID attribute as: fields-price-amount
19:35:29,565 INFO  [SeleniumBrowser] EXIT --> (_getByLocator)
19:35:29,578 INFO  [SeleniumBrowser] ENTER --> (_waitForElement) --> Waiting for element: null
19:35:29,579 INFO  [SeleniumBrowser] ENTER --> (waitForElement)
19:35:29,585 INFO  [SeleniumBrowser] ENTER --> (_getByLocator)
19:35:29,585 INFO  [SeleniumBrowser] (_getByLocator) -> Getting locator for null
19:35:29,585 INFO  [SeleniumBrowser] (_getByLocator) -> Locator info found for ID attribute as: fields-price-amount
19:35:29,585 INFO  [SeleniumBrowser] EXIT --> (_getByLocator)
19:35:29,599 INFO  [SeleniumBrowser] ENTER --> (_getByLocator)
19:35:29,599 INFO  [SeleniumBrowser] (_getByLocator) -> Getting locator for null
19:35:29,600 INFO  [SeleniumBrowser] (_getByLocator) -> Locator info found for ID attribute as: fields-price-amount
19:35:29,600 INFO  [SeleniumBrowser] EXIT --> (_getByLocator)
19:35:29,629 INFO  [SeleniumBrowser] (waitForElement) -> element wait eligibility found: true
19:35:29,629 INFO  [SeleniumBrowser] ENTER --> (_waitForJStoLoad)
19:35:29,659 INFO  [SeleniumBrowser] EXIT --> (_waitForJStoLoad) --> DOM load wait done: true
19:35:29,659 INFO  [SeleniumBrowser] (waitForElement) -> element wait eligibility set: true
19:35:29,660 INFO  [SeleniumBrowser] EXIT --> (waitForElement)
19:35:29,660 INFO  [SeleniumBrowser] EXIT --> (_waitForElement)
19:35:29,664 INFO  [SeleniumBrowser] ENTER --> (_getByLocator)
19:35:29,665 INFO  [SeleniumBrowser] (_getByLocator) -> Getting locator for null
19:35:29,665 INFO  [SeleniumBrowser] (_getByLocator) -> Locator info found for ID attribute as: fields-price-amount
19:35:29,665 INFO  [SeleniumBrowser] EXIT --> (_getByLocator)
19:35:29,680 INFO  [SeleniumBrowser] ENTER --> (initElements)
19:35:29,680 INFO  [SeleniumBrowser] (initElements) -> ID set to field: name
19:35:29,680 INFO  [SeleniumBrowser] (initElements) -> Name set to field: 
19:35:29,681 INFO  [SeleniumBrowser] (initElements) -> CSS set to field: 
19:35:29,681 INFO  [SeleniumBrowser] (initElements) -> XPath set to field: 
19:35:29,681 INFO  [SeleniumBrowser] (initElements) -> ID set to field: phone0
19:35:29,681 INFO  [SeleniumBrowser] (initElements) -> Name set to field: 
19:35:29,681 INFO  [SeleniumBrowser] (initElements) -> CSS set to field: 
19:35:29,681 INFO  [SeleniumBrowser] (initElements) -> XPath set to field: 
19:35:29,681 INFO  [SeleniumBrowser] (initElements) -> ID set to field: email
19:35:29,682 INFO  [SeleniumBrowser] (initElements) -> Name set to field: 
19:35:29,682 INFO  [SeleniumBrowser] (initElements) -> CSS set to field: 
19:35:29,682 INFO  [SeleniumBrowser] (initElements) -> XPath set to field: 
19:35:29,682 INFO  [SeleniumBrowser] (initElements) -> ID set to field: 
19:35:29,682 INFO  [SeleniumBrowser] (initElements) -> Name set to field: 
19:35:29,682 INFO  [SeleniumBrowser] (initElements) -> CSS set to field: 
19:35:29,682 INFO  [SeleniumBrowser] (initElements) -> XPath set to field: //button[@name='post']
19:35:29,682 INFO  [SeleniumBrowser] (initElements) -> ID set to field: 
19:35:29,682 INFO  [SeleniumBrowser] (initElements) -> Name set to field: 
19:35:29,683 INFO  [SeleniumBrowser] (initElements) -> CSS set to field: 
19:35:29,683 INFO  [SeleniumBrowser] (initElements) -> XPath set to field: //a[contains(@href,'/my/dashboard')]
19:35:29,683 INFO  [SeleniumBrowser] (initElements) -> ID set to field: password
19:35:29,683 INFO  [SeleniumBrowser] (initElements) -> Name set to field: 
19:35:29,683 INFO  [SeleniumBrowser] (initElements) -> CSS set to field: 
19:35:29,683 INFO  [SeleniumBrowser] (initElements) -> XPath set to field: 
19:35:29,683 INFO  [SeleniumBrowser] (initElements) -> ID set to field: password-confirm
19:35:29,683 INFO  [SeleniumBrowser] (initElements) -> Name set to field: 
19:35:29,683 INFO  [SeleniumBrowser] (initElements) -> CSS set to field: 
19:35:29,683 INFO  [SeleniumBrowser] (initElements) -> XPath set to field: 
19:35:29,684 INFO  [SeleniumBrowser] (initElements) -> ID set to field: 
19:35:29,684 INFO  [SeleniumBrowser] (initElements) -> Name set to field: 
19:35:29,684 INFO  [SeleniumBrowser] (initElements) -> CSS set to field: 
19:35:29,684 INFO  [SeleniumBrowser] (initElements) -> XPath set to field: //button[@class = 'ui-btn is-secondary has-busy is-auto']
19:35:29,684 INFO  [SeleniumBrowser] (initElements) -> ID set to field: fields-condition-value
19:35:29,684 INFO  [SeleniumBrowser] (initElements) -> Name set to field: 
19:35:29,684 INFO  [SeleniumBrowser] (initElements) -> CSS set to field: 
19:35:29,685 INFO  [SeleniumBrowser] (initElements) -> XPath set to field: 
19:35:29,685 INFO  [SeleniumBrowser] (initElements) -> ID set to field: 
19:35:29,685 INFO  [SeleniumBrowser] (initElements) -> Name set to field: 
19:35:29,685 INFO  [SeleniumBrowser] (initElements) -> CSS set to field: 
19:35:29,685 INFO  [SeleniumBrowser] (initElements) -> XPath set to field: //div[@class='post-upload']
19:35:29,685 INFO  [SeleniumBrowser] (initElements) -> ID set to field: fields-brand-value
19:35:29,685 INFO  [SeleniumBrowser] (initElements) -> Name set to field: 
19:35:29,685 INFO  [SeleniumBrowser] (initElements) -> CSS set to field: 
19:35:29,686 INFO  [SeleniumBrowser] (initElements) -> XPath set to field: 
19:35:29,686 INFO  [SeleniumBrowser] (initElements) -> ID set to field: fields-model-value
19:35:29,686 INFO  [SeleniumBrowser] (initElements) -> Name set to field: 
19:35:29,686 INFO  [SeleniumBrowser] (initElements) -> CSS set to field: 
19:35:29,686 INFO  [SeleniumBrowser] (initElements) -> XPath set to field: 
19:35:29,686 INFO  [SeleniumBrowser] (initElements) -> ID set to field: fields-title-value
19:35:29,686 INFO  [SeleniumBrowser] (initElements) -> Name set to field: 
19:35:29,686 INFO  [SeleniumBrowser] (initElements) -> CSS set to field: 
19:35:29,686 INFO  [SeleniumBrowser] (initElements) -> XPath set to field: 
19:35:29,686 INFO  [SeleniumBrowser] (initElements) -> ID set to field: fields-description-value
19:35:29,687 INFO  [SeleniumBrowser] (initElements) -> Name set to field: 
19:35:29,687 INFO  [SeleniumBrowser] (initElements) -> CSS set to field: 
19:35:29,687 INFO  [SeleniumBrowser] (initElements) -> XPath set to field: 
19:35:29,687 INFO  [SeleniumBrowser] (initElements) -> ID set to field: fields-price-amount
19:35:29,687 INFO  [SeleniumBrowser] (initElements) -> Name set to field: 
19:35:29,687 INFO  [SeleniumBrowser] (initElements) -> CSS set to field: 
19:35:29,687 INFO  [SeleniumBrowser] (initElements) -> XPath set to field: 
19:35:29,688 INFO  [SeleniumBrowser] EXIT --> (initElements)
19:35:29,688 INFO  [PropertyFileReaderUpdater] (updatePropertyInFile) -> Update File :::::::::::::/Users/adwivedi/Documents/selenium/bikroy_gradle/src/test/resources/testData.properties
19:35:29,691 INFO  [ValidateFlowForAdPostFunctionality] (tc_ValidateFlowForAdPostFunctionalityWithLogin) -> Enter positive item details to post an advertisement
]]></system-out>
  <system-err><![CDATA[]]></system-err>
</testsuite>
